<!DOCTYPE html PUBLIC "-//W3C//DTD XHTML 1.1//EN" "https://www.w3.org/TR/xhtml11/DTD/xhtml11.dtd">
<html xmlns="https://www.w3.org/1999/xhtml">
<head>
<meta http-equiv="content-type" content="text/html; charset=UTF-8"/>
<title>TestNG Report</title>
<style type="text/css">table {margin-bottom:10px;border-collapse:collapse;empty-cells:show}th,td {border:1px solid #009;padding:.25em .5em}th {vertical-align:bottom}td {vertical-align:top}table a {font-weight:bold}.stripe td {background-color: #E6EBF9}.num {text-align:right}.passedodd td {background-color: #3F3}.passedeven td {background-color: #0A0}.skippedodd td {background-color: #DDD}.skippedeven td {background-color: #CCC}.failedodd td,.attn {background-color: #F33}.failedeven td,.stripe .attn {background-color: #D00}.stacktrace {white-space:pre;font-family:monospace}.totop {font-size:85%;text-align:center;border-bottom:2px solid #000}.invisible {display:none}</style>
</head>
<body>
<table>
<tr><th>Test</th><th># Passed</th><th># Skipped</th><th># Retried</th><th># Failed</th><th>Time (ms)</th><th>Included Groups</th><th>Excluded Groups</th></tr>
<tr><th colspan="8">Akash</th></tr>
<tr><td><a href="#t0">TestCase</a></td><td class="num">0</td><td class="num attn">12</td><td class="num">0</td><td class="num">0</td><td class="num">7,951</td><td></td><td></td></tr>
</table>
<table id='summary'><thead><tr><th>Class</th><th>Method</th><th>Start</th><th>Time (ms)</th></tr></thead><tbody><tr><th colspan="4">Akash</th></tr></tbody><tbody id="t0"><tr><th colspan="4">TestCase &#8212; failed (configuration methods)</th></tr><tr class="failedeven"><td rowspan="1">TestScript.AddCartTestScript</td><td><a href="#m0">openbrowser</a></td><td rowspan="1">1619442732034</td><td rowspan="1">616</td></tr><tr class="failedodd"><td rowspan="1">TestScript.InvalidPincodeTestScript</td><td><a href="#m1">openbrowser</a></td><td rowspan="1">1619442729628</td><td rowspan="1">583</td></tr><tr class="failedeven"><td rowspan="1">TestScript.InvalidloginTest</td><td><a href="#m2">openbrowser</a></td><td rowspan="1">1619442726641</td><td rowspan="1">560</td></tr><tr class="failedodd"><td rowspan="1">TestScript.LoginTestS</td><td><a href="#m3">openbrowser</a></td><td rowspan="1">1619442725377</td><td rowspan="1">1237</td></tr><tr class="failedeven"><td rowspan="1">TestScript.NaviToPrdtDetailPageTest</td><td><a href="#m4">openbrowser</a></td><td rowspan="1">1619442730826</td><td rowspan="1">599</td></tr><tr class="failedodd"><td rowspan="1">TestScript.PasswordChangeTestScript</td><td><a href="#m5">openbrowser</a></td><td rowspan="1">1619442732652</td><td rowspan="1">616</td></tr><tr class="failedeven"><td rowspan="1">TestScript.ProductDetailsTest</td><td><a href="#m6">openbrowser</a></td><td rowspan="1">1619442727831</td><td rowspan="1">610</td></tr><tr class="failedodd"><td rowspan="1">TestScript.RemoveFromCartTestScript</td><td><a href="#m7">openbrowser</a></td><td rowspan="1">1619442728444</td><td rowspan="1">604</td></tr><tr class="failedeven"><td rowspan="1">TestScript.SaveForLaterTest</td><td><a href="#m8">openbrowser</a></td><td rowspan="1">1619442731428</td><td rowspan="1">603</td></tr><tr class="failedodd"><td rowspan="1">TestScript.SearchTestScript</td><td><a href="#m9">openbrowser</a></td><td rowspan="1">1619442727226</td><td rowspan="1">601</td></tr><tr class="failedeven"><td rowspan="1">TestScript.SortPriceHightoLowTestScript</td><td><a href="#m10">openbrowser</a></td><td rowspan="1">1619442730211</td><td rowspan="1">610</td></tr><tr class="failedodd"><td rowspan="1">TestScript.ValidPincodeTestScript</td><td><a href="#m11">openbrowser</a></td><td rowspan="1">1619442729050</td><td rowspan="1">577</td></tr><tr><th colspan="4">TestCase &#8212; skipped (configuration methods)</th></tr><tr class="skippedeven"><td rowspan="1">TestScript.AddCartTestScript</td><td><a href="#m12">Closebrowser</a></td><td rowspan="1">1619442732652</td><td rowspan="1">-1619442732652</td></tr><tr class="skippedodd"><td rowspan="1">TestScript.InvalidPincodeTestScript</td><td><a href="#m13">Closebrowser</a></td><td rowspan="1">1619442730211</td><td rowspan="1">-1619442730211</td></tr><tr class="skippedeven"><td rowspan="1">TestScript.InvalidloginTest</td><td><a href="#m14">Closebrowser</a></td><td rowspan="1">1619442727225</td><td rowspan="1">-1619442727225</td></tr><tr class="skippedodd"><td rowspan="1">TestScript.LoginTestS</td><td><a href="#m15">Closebrowser</a></td><td rowspan="1">1619442726626</td><td rowspan="1">-1619442726626</td></tr><tr class="skippedeven"><td rowspan="1">TestScript.NaviToPrdtDetailPageTest</td><td><a href="#m16">Closebrowser</a></td><td rowspan="1">1619442731427</td><td rowspan="1">-1619442731427</td></tr><tr class="skippedodd"><td rowspan="1">TestScript.PasswordChangeTestScript</td><td><a href="#m17">Closebrowser</a></td><td rowspan="1">1619442733270</td><td rowspan="1">-1619442733270</td></tr><tr class="skippedeven"><td rowspan="1">TestScript.ProductDetailsTest</td><td><a href="#m18">Closebrowser</a></td><td rowspan="1">1619442728444</td><td rowspan="1">-1619442728444</td></tr><tr class="skippedodd"><td rowspan="1">TestScript.RemoveFromCartTestScript</td><td><a href="#m19">Closebrowser</a></td><td rowspan="1">1619442729050</td><td rowspan="1">-1619442729050</td></tr><tr class="skippedeven"><td rowspan="1">TestScript.SaveForLaterTest</td><td><a href="#m20">Closebrowser</a></td><td rowspan="1">1619442732034</td><td rowspan="1">-1619442732034</td></tr><tr class="skippedodd"><td rowspan="1">TestScript.SearchTestScript</td><td><a href="#m21">Closebrowser</a></td><td rowspan="1">1619442727831</td><td rowspan="1">-1619442727831</td></tr><tr class="skippedeven"><td rowspan="1">TestScript.SortPriceHightoLowTestScript</td><td><a href="#m22">Closebrowser</a></td><td rowspan="1">1619442730825</td><td rowspan="1">-1619442730825</td></tr><tr class="skippedodd"><td rowspan="1">TestScript.ValidPincodeTestScript</td><td><a href="#m23">Closebrowser</a></td><td rowspan="1">1619442729628</td><td rowspan="1">-1619442729628</td></tr><tr><th colspan="4">TestCase &#8212; skipped</th></tr><tr class="skippedeven"><td rowspan="1">TestScript.AddCartTestScript</td><td><a href="#m24">AddToCart</a></td><td rowspan="1">1619442732652</td><td rowspan="1">0</td></tr><tr class="skippedodd"><td rowspan="1">TestScript.InvalidPincodeTestScript</td><td><a href="#m25">InValidPincode</a></td><td rowspan="1">1619442730211</td><td rowspan="1">0</td></tr><tr class="skippedeven"><td rowspan="1">TestScript.InvalidloginTest</td><td><a href="#m26">invalidlogin</a></td><td rowspan="1">1619442727203</td><td rowspan="1">0</td></tr><tr class="skippedodd"><td rowspan="1">TestScript.LoginTestS</td><td><a href="#m27">validateLogin</a></td><td rowspan="1">1619442726626</td><td rowspan="1">0</td></tr><tr class="skippedeven"><td rowspan="1">TestScript.NaviToPrdtDetailPageTest</td><td><a href="#m28">navigate</a></td><td rowspan="1">1619442731427</td><td rowspan="1">0</td></tr><tr class="skippedodd"><td rowspan="1">TestScript.PasswordChangeTestScript</td><td><a href="#m29">ChangePassword</a></td><td rowspan="1">1619442733270</td><td rowspan="1">0</td></tr><tr class="skippedeven"><td rowspan="1">TestScript.ProductDetailsTest</td><td><a href="#m30">prdtvalidatsrch</a></td><td rowspan="1">1619442728444</td><td rowspan="1">0</td></tr><tr class="skippedodd"><td rowspan="1">TestScript.RemoveFromCartTestScript</td><td><a href="#m31">removeFROMcart</a></td><td rowspan="1">1619442729049</td><td rowspan="1">0</td></tr><tr class="skippedeven"><td rowspan="1">TestScript.SaveForLaterTest</td><td><a href="#m32">SaveforLater</a></td><td rowspan="1">1619442732034</td><td rowspan="1">0</td></tr><tr class="skippedodd"><td rowspan="1">TestScript.SearchTestScript</td><td><a href="#m33">validatsrch</a></td><td rowspan="1">1619442727830</td><td rowspan="1">0</td></tr><tr class="skippedeven"><td rowspan="1">TestScript.SortPriceHightoLowTestScript</td><td><a href="#m34">Sort</a></td><td rowspan="1">1619442730822</td><td rowspan="1">0</td></tr><tr class="skippedodd"><td rowspan="1">TestScript.ValidPincodeTestScript</td><td><a href="#m35">pincodevalidate</a></td><td rowspan="1">1619442729628</td><td rowspan="1">0</td></tr></tbody>
</table>
<h2>TestCase</h2><h3 id="m0">TestScript.AddCartTestScript#openbrowser</h3><table class="result"><tr><th>Exception</th></tr><tr><td><div class="stacktrace">org.openqa.selenium.WebDriverException: unknown error: cannot find Chrome binary
Build info: version: &apos;3.5.2&apos;, revision: &apos;10229a9&apos;, time: &apos;2017-08-21T17:29:55.15Z&apos;
System info: host: &apos;DESKTOP-R89UIF8&apos;, ip: &apos;192.168.29.73&apos;, os.name: &apos;Windows 10&apos;, os.arch: &apos;amd64&apos;, os.version: &apos;10.0&apos;, java.version: &apos;14.0.2&apos;
Driver info: driver.version: Driver
remote stacktrace: Backtrace:
	Ordinal0 [0x00CF87E3+2852835]
	Ordinal0 [0x00BE5BB1+1727409]
	Ordinal0 [0x00ABE4B9+517305]
	Ordinal0 [0x00A4CA98+51864]
	Ordinal0 [0x00A6D9F7+186871]
	Ordinal0 [0x00A6D7FD+186365]
	Ordinal0 [0x00A6B70B+177931]
	Ordinal0 [0x00A52584+75140]
	Ordinal0 [0x00A53650+79440]
	Ordinal0 [0x00A535E9+79337]
	Ordinal0 [0x00BFAD5C+1813852]
	GetHandleVerifier [0x00E1C616+1075574]
	GetHandleVerifier [0x00E1C367+1074887]
	GetHandleVerifier [0x00E27497+1120247]
	GetHandleVerifier [0x00E1CC16+1077110]
	Ordinal0 [0x00BF3206+1782278]
	Ordinal0 [0x00BFC3BB+1819579]
	Ordinal0 [0x00BFC523+1819939]
	Ordinal0 [0x00C12B45+1911621]
	BaseThreadInitThunk [0x76CAFA29+25]
	RtlGetAppContainerNamedObjectPath [0x77777A4E+286]
	RtlGetAppContainerNamedObjectPath [0x77777A1E+238]

	at org.openqa.selenium.remote.W3CHandshakeResponse.lambda$new$0(W3CHandshakeResponse.java:57)
	at org.openqa.selenium.remote.W3CHandshakeResponse.lambda$getResponseFunction$2(W3CHandshakeResponse.java:104)
	at org.openqa.selenium.remote.ProtocolHandshake.lambda$createSession$24(ProtocolHandshake.java:359)
	at java.base/java.util.stream.ReferencePipeline$3$1.accept(ReferencePipeline.java:195)
	at java.base/java.util.Spliterators$ArraySpliterator.tryAdvance(Spliterators.java:958)
	at java.base/java.util.stream.ReferencePipeline.forEachWithCancel(ReferencePipeline.java:127)
	at java.base/java.util.stream.AbstractPipeline.copyIntoWithCancel(AbstractPipeline.java:502)
	at java.base/java.util.stream.AbstractPipeline.copyInto(AbstractPipeline.java:488)
	at java.base/java.util.stream.AbstractPipeline.wrapAndCopyInto(AbstractPipeline.java:474)
	at java.base/java.util.stream.FindOps$FindOp.evaluateSequential(FindOps.java:150)
	at java.base/java.util.stream.AbstractPipeline.evaluate(AbstractPipeline.java:234)
	at java.base/java.util.stream.ReferencePipeline.findFirst(ReferencePipeline.java:543)
	at org.openqa.selenium.remote.ProtocolHandshake.createSession(ProtocolHandshake.java:362)
	at org.openqa.selenium.remote.ProtocolHandshake.createSession(ProtocolHandshake.java:136)
	at org.openqa.selenium.remote.HttpCommandExecutor.execute(HttpCommandExecutor.java:142)
	at org.openqa.selenium.remote.service.DriverCommandExecutor.execute(DriverCommandExecutor.java:82)
	at org.openqa.selenium.remote.RemoteWebDriver.execute(RemoteWebDriver.java:641)
	at org.openqa.selenium.remote.RemoteWebDriver.startSession(RemoteWebDriver.java:254)
	at org.openqa.selenium.remote.RemoteWebDriver.startSession(RemoteWebDriver.java:236)
	at org.openqa.selenium.remote.RemoteWebDriver.&lt;init&gt;(RemoteWebDriver.java:137)
	at org.openqa.selenium.chrome.ChromeDriver.&lt;init&gt;(ChromeDriver.java:178)
	at org.openqa.selenium.chrome.ChromeDriver.&lt;init&gt;(ChromeDriver.java:167)
	at org.openqa.selenium.chrome.ChromeDriver.&lt;init&gt;(ChromeDriver.java:124)
	at commons.Driver.openbrowser(Driver.java:70)
	at java.base/java.util.ArrayList.forEach(ArrayList.java:1511)
... Removed 40 stack frames</div></td></tr></table><p class="totop"><a href="#summary">back to summary</a></p>
<h3 id="m1">TestScript.InvalidPincodeTestScript#openbrowser</h3><table class="result"><tr><th>Exception</th></tr><tr><td><div class="stacktrace">org.openqa.selenium.WebDriverException: unknown error: cannot find Chrome binary
Build info: version: &apos;3.5.2&apos;, revision: &apos;10229a9&apos;, time: &apos;2017-08-21T17:29:55.15Z&apos;
System info: host: &apos;DESKTOP-R89UIF8&apos;, ip: &apos;192.168.29.73&apos;, os.name: &apos;Windows 10&apos;, os.arch: &apos;amd64&apos;, os.version: &apos;10.0&apos;, java.version: &apos;14.0.2&apos;
Driver info: driver.version: Driver
remote stacktrace: Backtrace:
	Ordinal0 [0x00CF87E3+2852835]
	Ordinal0 [0x00BE5BB1+1727409]
	Ordinal0 [0x00ABE4B9+517305]
	Ordinal0 [0x00A4CA98+51864]
	Ordinal0 [0x00A6D9F7+186871]
	Ordinal0 [0x00A6D7FD+186365]
	Ordinal0 [0x00A6B70B+177931]
	Ordinal0 [0x00A52584+75140]
	Ordinal0 [0x00A53650+79440]
	Ordinal0 [0x00A535E9+79337]
	Ordinal0 [0x00BFAD5C+1813852]
	GetHandleVerifier [0x00E1C616+1075574]
	GetHandleVerifier [0x00E1C367+1074887]
	GetHandleVerifier [0x00E27497+1120247]
	GetHandleVerifier [0x00E1CC16+1077110]
	Ordinal0 [0x00BF3206+1782278]
	Ordinal0 [0x00BFC3BB+1819579]
	Ordinal0 [0x00BFC523+1819939]
	Ordinal0 [0x00C12B45+1911621]
	BaseThreadInitThunk [0x76CAFA29+25]
	RtlGetAppContainerNamedObjectPath [0x77777A4E+286]
	RtlGetAppContainerNamedObjectPath [0x77777A1E+238]

	at org.openqa.selenium.remote.W3CHandshakeResponse.lambda$new$0(W3CHandshakeResponse.java:57)
	at org.openqa.selenium.remote.W3CHandshakeResponse.lambda$getResponseFunction$2(W3CHandshakeResponse.java:104)
	at org.openqa.selenium.remote.ProtocolHandshake.lambda$createSession$24(ProtocolHandshake.java:359)
	at java.base/java.util.stream.ReferencePipeline$3$1.accept(ReferencePipeline.java:195)
	at java.base/java.util.Spliterators$ArraySpliterator.tryAdvance(Spliterators.java:958)
	at java.base/java.util.stream.ReferencePipeline.forEachWithCancel(ReferencePipeline.java:127)
	at java.base/java.util.stream.AbstractPipeline.copyIntoWithCancel(AbstractPipeline.java:502)
	at java.base/java.util.stream.AbstractPipeline.copyInto(AbstractPipeline.java:488)
	at java.base/java.util.stream.AbstractPipeline.wrapAndCopyInto(AbstractPipeline.java:474)
	at java.base/java.util.stream.FindOps$FindOp.evaluateSequential(FindOps.java:150)
	at java.base/java.util.stream.AbstractPipeline.evaluate(AbstractPipeline.java:234)
	at java.base/java.util.stream.ReferencePipeline.findFirst(ReferencePipeline.java:543)
	at org.openqa.selenium.remote.ProtocolHandshake.createSession(ProtocolHandshake.java:362)
	at org.openqa.selenium.remote.ProtocolHandshake.createSession(ProtocolHandshake.java:136)
	at org.openqa.selenium.remote.HttpCommandExecutor.execute(HttpCommandExecutor.java:142)
	at org.openqa.selenium.remote.service.DriverCommandExecutor.execute(DriverCommandExecutor.java:82)
	at org.openqa.selenium.remote.RemoteWebDriver.execute(RemoteWebDriver.java:641)
	at org.openqa.selenium.remote.RemoteWebDriver.startSession(RemoteWebDriver.java:254)
	at org.openqa.selenium.remote.RemoteWebDriver.startSession(RemoteWebDriver.java:236)
	at org.openqa.selenium.remote.RemoteWebDriver.&lt;init&gt;(RemoteWebDriver.java:137)
	at org.openqa.selenium.chrome.ChromeDriver.&lt;init&gt;(ChromeDriver.java:178)
	at org.openqa.selenium.chrome.ChromeDriver.&lt;init&gt;(ChromeDriver.java:167)
	at org.openqa.selenium.chrome.ChromeDriver.&lt;init&gt;(ChromeDriver.java:124)
	at commons.Driver.openbrowser(Driver.java:70)
	at java.base/java.util.ArrayList.forEach(ArrayList.java:1511)
... Removed 40 stack frames</div></td></tr></table><p class="totop"><a href="#summary">back to summary</a></p>
<h3 id="m2">TestScript.InvalidloginTest#openbrowser</h3><table class="result"><tr><th>Exception</th></tr><tr><td><div class="stacktrace">org.openqa.selenium.WebDriverException: unknown error: cannot find Chrome binary
Build info: version: &apos;3.5.2&apos;, revision: &apos;10229a9&apos;, time: &apos;2017-08-21T17:29:55.15Z&apos;
System info: host: &apos;DESKTOP-R89UIF8&apos;, ip: &apos;192.168.29.73&apos;, os.name: &apos;Windows 10&apos;, os.arch: &apos;amd64&apos;, os.version: &apos;10.0&apos;, java.version: &apos;14.0.2&apos;
Driver info: driver.version: Driver
remote stacktrace: Backtrace:
	Ordinal0 [0x00CF87E3+2852835]
	Ordinal0 [0x00BE5BB1+1727409]
	Ordinal0 [0x00ABE4B9+517305]
	Ordinal0 [0x00A4CA98+51864]
	Ordinal0 [0x00A6D9F7+186871]
	Ordinal0 [0x00A6D7FD+186365]
	Ordinal0 [0x00A6B70B+177931]
	Ordinal0 [0x00A52584+75140]
	Ordinal0 [0x00A53650+79440]
	Ordinal0 [0x00A535E9+79337]
	Ordinal0 [0x00BFAD5C+1813852]
	GetHandleVerifier [0x00E1C616+1075574]
	GetHandleVerifier [0x00E1C367+1074887]
	GetHandleVerifier [0x00E27497+1120247]
	GetHandleVerifier [0x00E1CC16+1077110]
	Ordinal0 [0x00BF3206+1782278]
	Ordinal0 [0x00BFC3BB+1819579]
	Ordinal0 [0x00BFC523+1819939]
	Ordinal0 [0x00C12B45+1911621]
	BaseThreadInitThunk [0x76CAFA29+25]
	RtlGetAppContainerNamedObjectPath [0x77777A4E+286]
	RtlGetAppContainerNamedObjectPath [0x77777A1E+238]

	at org.openqa.selenium.remote.W3CHandshakeResponse.lambda$new$0(W3CHandshakeResponse.java:57)
	at org.openqa.selenium.remote.W3CHandshakeResponse.lambda$getResponseFunction$2(W3CHandshakeResponse.java:104)
	at org.openqa.selenium.remote.ProtocolHandshake.lambda$createSession$24(ProtocolHandshake.java:359)
	at java.base/java.util.stream.ReferencePipeline$3$1.accept(ReferencePipeline.java:195)
	at java.base/java.util.Spliterators$ArraySpliterator.tryAdvance(Spliterators.java:958)
	at java.base/java.util.stream.ReferencePipeline.forEachWithCancel(ReferencePipeline.java:127)
	at java.base/java.util.stream.AbstractPipeline.copyIntoWithCancel(AbstractPipeline.java:502)
	at java.base/java.util.stream.AbstractPipeline.copyInto(AbstractPipeline.java:488)
	at java.base/java.util.stream.AbstractPipeline.wrapAndCopyInto(AbstractPipeline.java:474)
	at java.base/java.util.stream.FindOps$FindOp.evaluateSequential(FindOps.java:150)
	at java.base/java.util.stream.AbstractPipeline.evaluate(AbstractPipeline.java:234)
	at java.base/java.util.stream.ReferencePipeline.findFirst(ReferencePipeline.java:543)
	at org.openqa.selenium.remote.ProtocolHandshake.createSession(ProtocolHandshake.java:362)
	at org.openqa.selenium.remote.ProtocolHandshake.createSession(ProtocolHandshake.java:136)
	at org.openqa.selenium.remote.HttpCommandExecutor.execute(HttpCommandExecutor.java:142)
	at org.openqa.selenium.remote.service.DriverCommandExecutor.execute(DriverCommandExecutor.java:82)
	at org.openqa.selenium.remote.RemoteWebDriver.execute(RemoteWebDriver.java:641)
	at org.openqa.selenium.remote.RemoteWebDriver.startSession(RemoteWebDriver.java:254)
	at org.openqa.selenium.remote.RemoteWebDriver.startSession(RemoteWebDriver.java:236)
	at org.openqa.selenium.remote.RemoteWebDriver.&lt;init&gt;(RemoteWebDriver.java:137)
	at org.openqa.selenium.chrome.ChromeDriver.&lt;init&gt;(ChromeDriver.java:178)
	at org.openqa.selenium.chrome.ChromeDriver.&lt;init&gt;(ChromeDriver.java:167)
	at org.openqa.selenium.chrome.ChromeDriver.&lt;init&gt;(ChromeDriver.java:124)
	at commons.Driver.openbrowser(Driver.java:70)
	at java.base/java.util.ArrayList.forEach(ArrayList.java:1511)
... Removed 40 stack frames</div></td></tr></table><p class="totop"><a href="#summary">back to summary</a></p>
<h3 id="m3">TestScript.LoginTestS#openbrowser</h3><table class="result"><tr><th>Exception</th></tr><tr><td><div class="stacktrace">org.openqa.selenium.WebDriverException: unknown error: cannot find Chrome binary
Build info: version: &apos;3.5.2&apos;, revision: &apos;10229a9&apos;, time: &apos;2017-08-21T17:29:55.15Z&apos;
System info: host: &apos;DESKTOP-R89UIF8&apos;, ip: &apos;192.168.29.73&apos;, os.name: &apos;Windows 10&apos;, os.arch: &apos;amd64&apos;, os.version: &apos;10.0&apos;, java.version: &apos;14.0.2&apos;
Driver info: driver.version: Driver
remote stacktrace: Backtrace:
	Ordinal0 [0x00CF87E3+2852835]
	Ordinal0 [0x00BE5BB1+1727409]
	Ordinal0 [0x00ABE4B9+517305]
	Ordinal0 [0x00A4CA98+51864]
	Ordinal0 [0x00A6D9F7+186871]
	Ordinal0 [0x00A6D7FD+186365]
	Ordinal0 [0x00A6B70B+177931]
	Ordinal0 [0x00A52584+75140]
	Ordinal0 [0x00A53650+79440]
	Ordinal0 [0x00A535E9+79337]
	Ordinal0 [0x00BFAD5C+1813852]
	GetHandleVerifier [0x00E1C616+1075574]
	GetHandleVerifier [0x00E1C367+1074887]
	GetHandleVerifier [0x00E27497+1120247]
	GetHandleVerifier [0x00E1CC16+1077110]
	Ordinal0 [0x00BF3206+1782278]
	Ordinal0 [0x00BFC3BB+1819579]
	Ordinal0 [0x00BFC523+1819939]
	Ordinal0 [0x00C12B45+1911621]
	BaseThreadInitThunk [0x76CAFA29+25]
	RtlGetAppContainerNamedObjectPath [0x77777A4E+286]
	RtlGetAppContainerNamedObjectPath [0x77777A1E+238]

	at org.openqa.selenium.remote.W3CHandshakeResponse.lambda$new$0(W3CHandshakeResponse.java:57)
	at org.openqa.selenium.remote.W3CHandshakeResponse.lambda$getResponseFunction$2(W3CHandshakeResponse.java:104)
	at org.openqa.selenium.remote.ProtocolHandshake.lambda$createSession$24(ProtocolHandshake.java:359)
	at java.base/java.util.stream.ReferencePipeline$3$1.accept(ReferencePipeline.java:195)
	at java.base/java.util.Spliterators$ArraySpliterator.tryAdvance(Spliterators.java:958)
	at java.base/java.util.stream.ReferencePipeline.forEachWithCancel(ReferencePipeline.java:127)
	at java.base/java.util.stream.AbstractPipeline.copyIntoWithCancel(AbstractPipeline.java:502)
	at java.base/java.util.stream.AbstractPipeline.copyInto(AbstractPipeline.java:488)
	at java.base/java.util.stream.AbstractPipeline.wrapAndCopyInto(AbstractPipeline.java:474)
	at java.base/java.util.stream.FindOps$FindOp.evaluateSequential(FindOps.java:150)
	at java.base/java.util.stream.AbstractPipeline.evaluate(AbstractPipeline.java:234)
	at java.base/java.util.stream.ReferencePipeline.findFirst(ReferencePipeline.java:543)
	at org.openqa.selenium.remote.ProtocolHandshake.createSession(ProtocolHandshake.java:362)
	at org.openqa.selenium.remote.ProtocolHandshake.createSession(ProtocolHandshake.java:136)
	at org.openqa.selenium.remote.HttpCommandExecutor.execute(HttpCommandExecutor.java:142)
	at org.openqa.selenium.remote.service.DriverCommandExecutor.execute(DriverCommandExecutor.java:82)
	at org.openqa.selenium.remote.RemoteWebDriver.execute(RemoteWebDriver.java:641)
	at org.openqa.selenium.remote.RemoteWebDriver.startSession(RemoteWebDriver.java:254)
	at org.openqa.selenium.remote.RemoteWebDriver.startSession(RemoteWebDriver.java:236)
	at org.openqa.selenium.remote.RemoteWebDriver.&lt;init&gt;(RemoteWebDriver.java:137)
	at org.openqa.selenium.chrome.ChromeDriver.&lt;init&gt;(ChromeDriver.java:178)
	at org.openqa.selenium.chrome.ChromeDriver.&lt;init&gt;(ChromeDriver.java:167)
	at org.openqa.selenium.chrome.ChromeDriver.&lt;init&gt;(ChromeDriver.java:124)
	at commons.Driver.openbrowser(Driver.java:70)
	at java.base/java.util.ArrayList.forEach(ArrayList.java:1511)
... Removed 40 stack frames</div></td></tr></table><p class="totop"><a href="#summary">back to summary</a></p>
<h3 id="m4">TestScript.NaviToPrdtDetailPageTest#openbrowser</h3><table class="result"><tr><th>Exception</th></tr><tr><td><div class="stacktrace">org.openqa.selenium.WebDriverException: unknown error: cannot find Chrome binary
Build info: version: &apos;3.5.2&apos;, revision: &apos;10229a9&apos;, time: &apos;2017-08-21T17:29:55.15Z&apos;
System info: host: &apos;DESKTOP-R89UIF8&apos;, ip: &apos;192.168.29.73&apos;, os.name: &apos;Windows 10&apos;, os.arch: &apos;amd64&apos;, os.version: &apos;10.0&apos;, java.version: &apos;14.0.2&apos;
Driver info: driver.version: Driver
remote stacktrace: Backtrace:
	Ordinal0 [0x00CF87E3+2852835]
	Ordinal0 [0x00BE5BB1+1727409]
	Ordinal0 [0x00ABE4B9+517305]
	Ordinal0 [0x00A4CA98+51864]
	Ordinal0 [0x00A6D9F7+186871]
	Ordinal0 [0x00A6D7FD+186365]
	Ordinal0 [0x00A6B70B+177931]
	Ordinal0 [0x00A52584+75140]
	Ordinal0 [0x00A53650+79440]
	Ordinal0 [0x00A535E9+79337]
	Ordinal0 [0x00BFAD5C+1813852]
	GetHandleVerifier [0x00E1C616+1075574]
	GetHandleVerifier [0x00E1C367+1074887]
	GetHandleVerifier [0x00E27497+1120247]
	GetHandleVerifier [0x00E1CC16+1077110]
	Ordinal0 [0x00BF3206+1782278]
	Ordinal0 [0x00BFC3BB+1819579]
	Ordinal0 [0x00BFC523+1819939]
	Ordinal0 [0x00C12B45+1911621]
	BaseThreadInitThunk [0x76CAFA29+25]
	RtlGetAppContainerNamedObjectPath [0x77777A4E+286]
	RtlGetAppContainerNamedObjectPath [0x77777A1E+238]

	at org.openqa.selenium.remote.W3CHandshakeResponse.lambda$new$0(W3CHandshakeResponse.java:57)
	at org.openqa.selenium.remote.W3CHandshakeResponse.lambda$getResponseFunction$2(W3CHandshakeResponse.java:104)
	at org.openqa.selenium.remote.ProtocolHandshake.lambda$createSession$24(ProtocolHandshake.java:359)
	at java.base/java.util.stream.ReferencePipeline$3$1.accept(ReferencePipeline.java:195)
	at java.base/java.util.Spliterators$ArraySpliterator.tryAdvance(Spliterators.java:958)
	at java.base/java.util.stream.ReferencePipeline.forEachWithCancel(ReferencePipeline.java:127)
	at java.base/java.util.stream.AbstractPipeline.copyIntoWithCancel(AbstractPipeline.java:502)
	at java.base/java.util.stream.AbstractPipeline.copyInto(AbstractPipeline.java:488)
	at java.base/java.util.stream.AbstractPipeline.wrapAndCopyInto(AbstractPipeline.java:474)
	at java.base/java.util.stream.FindOps$FindOp.evaluateSequential(FindOps.java:150)
	at java.base/java.util.stream.AbstractPipeline.evaluate(AbstractPipeline.java:234)
	at java.base/java.util.stream.ReferencePipeline.findFirst(ReferencePipeline.java:543)
	at org.openqa.selenium.remote.ProtocolHandshake.createSession(ProtocolHandshake.java:362)
	at org.openqa.selenium.remote.ProtocolHandshake.createSession(ProtocolHandshake.java:136)
	at org.openqa.selenium.remote.HttpCommandExecutor.execute(HttpCommandExecutor.java:142)
	at org.openqa.selenium.remote.service.DriverCommandExecutor.execute(DriverCommandExecutor.java:82)
	at org.openqa.selenium.remote.RemoteWebDriver.execute(RemoteWebDriver.java:641)
	at org.openqa.selenium.remote.RemoteWebDriver.startSession(RemoteWebDriver.java:254)
	at org.openqa.selenium.remote.RemoteWebDriver.startSession(RemoteWebDriver.java:236)
	at org.openqa.selenium.remote.RemoteWebDriver.&lt;init&gt;(RemoteWebDriver.java:137)
	at org.openqa.selenium.chrome.ChromeDriver.&lt;init&gt;(ChromeDriver.java:178)
	at org.openqa.selenium.chrome.ChromeDriver.&lt;init&gt;(ChromeDriver.java:167)
	at org.openqa.selenium.chrome.ChromeDriver.&lt;init&gt;(ChromeDriver.java:124)
	at commons.Driver.openbrowser(Driver.java:70)
	at java.base/java.util.ArrayList.forEach(ArrayList.java:1511)
... Removed 40 stack frames</div></td></tr></table><p class="totop"><a href="#summary">back to summary</a></p>
<h3 id="m5">TestScript.PasswordChangeTestScript#openbrowser</h3><table class="result"><tr><th>Exception</th></tr><tr><td><div class="stacktrace">org.openqa.selenium.WebDriverException: unknown error: cannot find Chrome binary
Build info: version: &apos;3.5.2&apos;, revision: &apos;10229a9&apos;, time: &apos;2017-08-21T17:29:55.15Z&apos;
System info: host: &apos;DESKTOP-R89UIF8&apos;, ip: &apos;192.168.29.73&apos;, os.name: &apos;Windows 10&apos;, os.arch: &apos;amd64&apos;, os.version: &apos;10.0&apos;, java.version: &apos;14.0.2&apos;
Driver info: driver.version: Driver
remote stacktrace: Backtrace:
	Ordinal0 [0x00CF87E3+2852835]
	Ordinal0 [0x00BE5BB1+1727409]
	Ordinal0 [0x00ABE4B9+517305]
	Ordinal0 [0x00A4CA98+51864]
	Ordinal0 [0x00A6D9F7+186871]
	Ordinal0 [0x00A6D7FD+186365]
	Ordinal0 [0x00A6B70B+177931]
	Ordinal0 [0x00A52584+75140]
	Ordinal0 [0x00A53650+79440]
	Ordinal0 [0x00A535E9+79337]
	Ordinal0 [0x00BFAD5C+1813852]
	GetHandleVerifier [0x00E1C616+1075574]
	GetHandleVerifier [0x00E1C367+1074887]
	GetHandleVerifier [0x00E27497+1120247]
	GetHandleVerifier [0x00E1CC16+1077110]
	Ordinal0 [0x00BF3206+1782278]
	Ordinal0 [0x00BFC3BB+1819579]
	Ordinal0 [0x00BFC523+1819939]
	Ordinal0 [0x00C12B45+1911621]
	BaseThreadInitThunk [0x76CAFA29+25]
	RtlGetAppContainerNamedObjectPath [0x77777A4E+286]
	RtlGetAppContainerNamedObjectPath [0x77777A1E+238]

	at org.openqa.selenium.remote.W3CHandshakeResponse.lambda$new$0(W3CHandshakeResponse.java:57)
	at org.openqa.selenium.remote.W3CHandshakeResponse.lambda$getResponseFunction$2(W3CHandshakeResponse.java:104)
	at org.openqa.selenium.remote.ProtocolHandshake.lambda$createSession$24(ProtocolHandshake.java:359)
	at java.base/java.util.stream.ReferencePipeline$3$1.accept(ReferencePipeline.java:195)
	at java.base/java.util.Spliterators$ArraySpliterator.tryAdvance(Spliterators.java:958)
	at java.base/java.util.stream.ReferencePipeline.forEachWithCancel(ReferencePipeline.java:127)
	at java.base/java.util.stream.AbstractPipeline.copyIntoWithCancel(AbstractPipeline.java:502)
	at java.base/java.util.stream.AbstractPipeline.copyInto(AbstractPipeline.java:488)
	at java.base/java.util.stream.AbstractPipeline.wrapAndCopyInto(AbstractPipeline.java:474)
	at java.base/java.util.stream.FindOps$FindOp.evaluateSequential(FindOps.java:150)
	at java.base/java.util.stream.AbstractPipeline.evaluate(AbstractPipeline.java:234)
	at java.base/java.util.stream.ReferencePipeline.findFirst(ReferencePipeline.java:543)
	at org.openqa.selenium.remote.ProtocolHandshake.createSession(ProtocolHandshake.java:362)
	at org.openqa.selenium.remote.ProtocolHandshake.createSession(ProtocolHandshake.java:136)
	at org.openqa.selenium.remote.HttpCommandExecutor.execute(HttpCommandExecutor.java:142)
	at org.openqa.selenium.remote.service.DriverCommandExecutor.execute(DriverCommandExecutor.java:82)
	at org.openqa.selenium.remote.RemoteWebDriver.execute(RemoteWebDriver.java:641)
	at org.openqa.selenium.remote.RemoteWebDriver.startSession(RemoteWebDriver.java:254)
	at org.openqa.selenium.remote.RemoteWebDriver.startSession(RemoteWebDriver.java:236)
	at org.openqa.selenium.remote.RemoteWebDriver.&lt;init&gt;(RemoteWebDriver.java:137)
	at org.openqa.selenium.chrome.ChromeDriver.&lt;init&gt;(ChromeDriver.java:178)
	at org.openqa.selenium.chrome.ChromeDriver.&lt;init&gt;(ChromeDriver.java:167)
	at org.openqa.selenium.chrome.ChromeDriver.&lt;init&gt;(ChromeDriver.java:124)
	at commons.Driver.openbrowser(Driver.java:70)
	at java.base/java.util.ArrayList.forEach(ArrayList.java:1511)
... Removed 40 stack frames</div></td></tr></table><p class="totop"><a href="#summary">back to summary</a></p>
<h3 id="m6">TestScript.ProductDetailsTest#openbrowser</h3><table class="result"><tr><th>Exception</th></tr><tr><td><div class="stacktrace">org.openqa.selenium.WebDriverException: unknown error: cannot find Chrome binary
Build info: version: &apos;3.5.2&apos;, revision: &apos;10229a9&apos;, time: &apos;2017-08-21T17:29:55.15Z&apos;
System info: host: &apos;DESKTOP-R89UIF8&apos;, ip: &apos;192.168.29.73&apos;, os.name: &apos;Windows 10&apos;, os.arch: &apos;amd64&apos;, os.version: &apos;10.0&apos;, java.version: &apos;14.0.2&apos;
Driver info: driver.version: Driver
remote stacktrace: Backtrace:
	Ordinal0 [0x00CF87E3+2852835]
	Ordinal0 [0x00BE5BB1+1727409]
	Ordinal0 [0x00ABE4B9+517305]
	Ordinal0 [0x00A4CA98+51864]
	Ordinal0 [0x00A6D9F7+186871]
	Ordinal0 [0x00A6D7FD+186365]
	Ordinal0 [0x00A6B70B+177931]
	Ordinal0 [0x00A52584+75140]
	Ordinal0 [0x00A53650+79440]
	Ordinal0 [0x00A535E9+79337]
	Ordinal0 [0x00BFAD5C+1813852]
	GetHandleVerifier [0x00E1C616+1075574]
	GetHandleVerifier [0x00E1C367+1074887]
	GetHandleVerifier [0x00E27497+1120247]
	GetHandleVerifier [0x00E1CC16+1077110]
	Ordinal0 [0x00BF3206+1782278]
	Ordinal0 [0x00BFC3BB+1819579]
	Ordinal0 [0x00BFC523+1819939]
	Ordinal0 [0x00C12B45+1911621]
	BaseThreadInitThunk [0x76CAFA29+25]
	RtlGetAppContainerNamedObjectPath [0x77777A4E+286]
	RtlGetAppContainerNamedObjectPath [0x77777A1E+238]

	at org.openqa.selenium.remote.W3CHandshakeResponse.lambda$new$0(W3CHandshakeResponse.java:57)
	at org.openqa.selenium.remote.W3CHandshakeResponse.lambda$getResponseFunction$2(W3CHandshakeResponse.java:104)
	at org.openqa.selenium.remote.ProtocolHandshake.lambda$createSession$24(ProtocolHandshake.java:359)
	at java.base/java.util.stream.ReferencePipeline$3$1.accept(ReferencePipeline.java:195)
	at java.base/java.util.Spliterators$ArraySpliterator.tryAdvance(Spliterators.java:958)
	at java.base/java.util.stream.ReferencePipeline.forEachWithCancel(ReferencePipeline.java:127)
	at java.base/java.util.stream.AbstractPipeline.copyIntoWithCancel(AbstractPipeline.java:502)
	at java.base/java.util.stream.AbstractPipeline.copyInto(AbstractPipeline.java:488)
	at java.base/java.util.stream.AbstractPipeline.wrapAndCopyInto(AbstractPipeline.java:474)
	at java.base/java.util.stream.FindOps$FindOp.evaluateSequential(FindOps.java:150)
	at java.base/java.util.stream.AbstractPipeline.evaluate(AbstractPipeline.java:234)
	at java.base/java.util.stream.ReferencePipeline.findFirst(ReferencePipeline.java:543)
	at org.openqa.selenium.remote.ProtocolHandshake.createSession(ProtocolHandshake.java:362)
	at org.openqa.selenium.remote.ProtocolHandshake.createSession(ProtocolHandshake.java:136)
	at org.openqa.selenium.remote.HttpCommandExecutor.execute(HttpCommandExecutor.java:142)
	at org.openqa.selenium.remote.service.DriverCommandExecutor.execute(DriverCommandExecutor.java:82)
	at org.openqa.selenium.remote.RemoteWebDriver.execute(RemoteWebDriver.java:641)
	at org.openqa.selenium.remote.RemoteWebDriver.startSession(RemoteWebDriver.java:254)
	at org.openqa.selenium.remote.RemoteWebDriver.startSession(RemoteWebDriver.java:236)
	at org.openqa.selenium.remote.RemoteWebDriver.&lt;init&gt;(RemoteWebDriver.java:137)
	at org.openqa.selenium.chrome.ChromeDriver.&lt;init&gt;(ChromeDriver.java:178)
	at org.openqa.selenium.chrome.ChromeDriver.&lt;init&gt;(ChromeDriver.java:167)
	at org.openqa.selenium.chrome.ChromeDriver.&lt;init&gt;(ChromeDriver.java:124)
	at commons.Driver.openbrowser(Driver.java:70)
	at java.base/java.util.ArrayList.forEach(ArrayList.java:1511)
... Removed 40 stack frames</div></td></tr></table><p class="totop"><a href="#summary">back to summary</a></p>
<h3 id="m7">TestScript.RemoveFromCartTestScript#openbrowser</h3><table class="result"><tr><th>Exception</th></tr><tr><td><div class="stacktrace">org.openqa.selenium.WebDriverException: unknown error: cannot find Chrome binary
Build info: version: &apos;3.5.2&apos;, revision: &apos;10229a9&apos;, time: &apos;2017-08-21T17:29:55.15Z&apos;
System info: host: &apos;DESKTOP-R89UIF8&apos;, ip: &apos;192.168.29.73&apos;, os.name: &apos;Windows 10&apos;, os.arch: &apos;amd64&apos;, os.version: &apos;10.0&apos;, java.version: &apos;14.0.2&apos;
Driver info: driver.version: Driver
remote stacktrace: Backtrace:
	Ordinal0 [0x00CF87E3+2852835]
	Ordinal0 [0x00BE5BB1+1727409]
	Ordinal0 [0x00ABE4B9+517305]
	Ordinal0 [0x00A4CA98+51864]
	Ordinal0 [0x00A6D9F7+186871]
	Ordinal0 [0x00A6D7FD+186365]
	Ordinal0 [0x00A6B70B+177931]
	Ordinal0 [0x00A52584+75140]
	Ordinal0 [0x00A53650+79440]
	Ordinal0 [0x00A535E9+79337]
	Ordinal0 [0x00BFAD5C+1813852]
	GetHandleVerifier [0x00E1C616+1075574]
	GetHandleVerifier [0x00E1C367+1074887]
	GetHandleVerifier [0x00E27497+1120247]
	GetHandleVerifier [0x00E1CC16+1077110]
	Ordinal0 [0x00BF3206+1782278]
	Ordinal0 [0x00BFC3BB+1819579]
	Ordinal0 [0x00BFC523+1819939]
	Ordinal0 [0x00C12B45+1911621]
	BaseThreadInitThunk [0x76CAFA29+25]
	RtlGetAppContainerNamedObjectPath [0x77777A4E+286]
	RtlGetAppContainerNamedObjectPath [0x77777A1E+238]

	at org.openqa.selenium.remote.W3CHandshakeResponse.lambda$new$0(W3CHandshakeResponse.java:57)
	at org.openqa.selenium.remote.W3CHandshakeResponse.lambda$getResponseFunction$2(W3CHandshakeResponse.java:104)
	at org.openqa.selenium.remote.ProtocolHandshake.lambda$createSession$24(ProtocolHandshake.java:359)
	at java.base/java.util.stream.ReferencePipeline$3$1.accept(ReferencePipeline.java:195)
	at java.base/java.util.Spliterators$ArraySpliterator.tryAdvance(Spliterators.java:958)
	at java.base/java.util.stream.ReferencePipeline.forEachWithCancel(ReferencePipeline.java:127)
	at java.base/java.util.stream.AbstractPipeline.copyIntoWithCancel(AbstractPipeline.java:502)
	at java.base/java.util.stream.AbstractPipeline.copyInto(AbstractPipeline.java:488)
	at java.base/java.util.stream.AbstractPipeline.wrapAndCopyInto(AbstractPipeline.java:474)
	at java.base/java.util.stream.FindOps$FindOp.evaluateSequential(FindOps.java:150)
	at java.base/java.util.stream.AbstractPipeline.evaluate(AbstractPipeline.java:234)
	at java.base/java.util.stream.ReferencePipeline.findFirst(ReferencePipeline.java:543)
	at org.openqa.selenium.remote.ProtocolHandshake.createSession(ProtocolHandshake.java:362)
	at org.openqa.selenium.remote.ProtocolHandshake.createSession(ProtocolHandshake.java:136)
	at org.openqa.selenium.remote.HttpCommandExecutor.execute(HttpCommandExecutor.java:142)
	at org.openqa.selenium.remote.service.DriverCommandExecutor.execute(DriverCommandExecutor.java:82)
	at org.openqa.selenium.remote.RemoteWebDriver.execute(RemoteWebDriver.java:641)
	at org.openqa.selenium.remote.RemoteWebDriver.startSession(RemoteWebDriver.java:254)
	at org.openqa.selenium.remote.RemoteWebDriver.startSession(RemoteWebDriver.java:236)
	at org.openqa.selenium.remote.RemoteWebDriver.&lt;init&gt;(RemoteWebDriver.java:137)
	at org.openqa.selenium.chrome.ChromeDriver.&lt;init&gt;(ChromeDriver.java:178)
	at org.openqa.selenium.chrome.ChromeDriver.&lt;init&gt;(ChromeDriver.java:167)
	at org.openqa.selenium.chrome.ChromeDriver.&lt;init&gt;(ChromeDriver.java:124)
	at commons.Driver.openbrowser(Driver.java:70)
	at java.base/java.util.ArrayList.forEach(ArrayList.java:1511)
... Removed 40 stack frames</div></td></tr></table><p class="totop"><a href="#summary">back to summary</a></p>
<h3 id="m8">TestScript.SaveForLaterTest#openbrowser</h3><table class="result"><tr><th>Exception</th></tr><tr><td><div class="stacktrace">org.openqa.selenium.WebDriverException: unknown error: cannot find Chrome binary
Build info: version: &apos;3.5.2&apos;, revision: &apos;10229a9&apos;, time: &apos;2017-08-21T17:29:55.15Z&apos;
System info: host: &apos;DESKTOP-R89UIF8&apos;, ip: &apos;192.168.29.73&apos;, os.name: &apos;Windows 10&apos;, os.arch: &apos;amd64&apos;, os.version: &apos;10.0&apos;, java.version: &apos;14.0.2&apos;
Driver info: driver.version: Driver
remote stacktrace: Backtrace:
	Ordinal0 [0x00CF87E3+2852835]
	Ordinal0 [0x00BE5BB1+1727409]
	Ordinal0 [0x00ABE4B9+517305]
	Ordinal0 [0x00A4CA98+51864]
	Ordinal0 [0x00A6D9F7+186871]
	Ordinal0 [0x00A6D7FD+186365]
	Ordinal0 [0x00A6B70B+177931]
	Ordinal0 [0x00A52584+75140]
	Ordinal0 [0x00A53650+79440]
	Ordinal0 [0x00A535E9+79337]
	Ordinal0 [0x00BFAD5C+1813852]
	GetHandleVerifier [0x00E1C616+1075574]
	GetHandleVerifier [0x00E1C367+1074887]
	GetHandleVerifier [0x00E27497+1120247]
	GetHandleVerifier [0x00E1CC16+1077110]
	Ordinal0 [0x00BF3206+1782278]
	Ordinal0 [0x00BFC3BB+1819579]
	Ordinal0 [0x00BFC523+1819939]
	Ordinal0 [0x00C12B45+1911621]
	BaseThreadInitThunk [0x76CAFA29+25]
	RtlGetAppContainerNamedObjectPath [0x77777A4E+286]
	RtlGetAppContainerNamedObjectPath [0x77777A1E+238]

	at org.openqa.selenium.remote.W3CHandshakeResponse.lambda$new$0(W3CHandshakeResponse.java:57)
	at org.openqa.selenium.remote.W3CHandshakeResponse.lambda$getResponseFunction$2(W3CHandshakeResponse.java:104)
	at org.openqa.selenium.remote.ProtocolHandshake.lambda$createSession$24(ProtocolHandshake.java:359)
	at java.base/java.util.stream.ReferencePipeline$3$1.accept(ReferencePipeline.java:195)
	at java.base/java.util.Spliterators$ArraySpliterator.tryAdvance(Spliterators.java:958)
	at java.base/java.util.stream.ReferencePipeline.forEachWithCancel(ReferencePipeline.java:127)
	at java.base/java.util.stream.AbstractPipeline.copyIntoWithCancel(AbstractPipeline.java:502)
	at java.base/java.util.stream.AbstractPipeline.copyInto(AbstractPipeline.java:488)
	at java.base/java.util.stream.AbstractPipeline.wrapAndCopyInto(AbstractPipeline.java:474)
	at java.base/java.util.stream.FindOps$FindOp.evaluateSequential(FindOps.java:150)
	at java.base/java.util.stream.AbstractPipeline.evaluate(AbstractPipeline.java:234)
	at java.base/java.util.stream.ReferencePipeline.findFirst(ReferencePipeline.java:543)
	at org.openqa.selenium.remote.ProtocolHandshake.createSession(ProtocolHandshake.java:362)
	at org.openqa.selenium.remote.ProtocolHandshake.createSession(ProtocolHandshake.java:136)
	at org.openqa.selenium.remote.HttpCommandExecutor.execute(HttpCommandExecutor.java:142)
	at org.openqa.selenium.remote.service.DriverCommandExecutor.execute(DriverCommandExecutor.java:82)
	at org.openqa.selenium.remote.RemoteWebDriver.execute(RemoteWebDriver.java:641)
	at org.openqa.selenium.remote.RemoteWebDriver.startSession(RemoteWebDriver.java:254)
	at org.openqa.selenium.remote.RemoteWebDriver.startSession(RemoteWebDriver.java:236)
	at org.openqa.selenium.remote.RemoteWebDriver.&lt;init&gt;(RemoteWebDriver.java:137)
	at org.openqa.selenium.chrome.ChromeDriver.&lt;init&gt;(ChromeDriver.java:178)
	at org.openqa.selenium.chrome.ChromeDriver.&lt;init&gt;(ChromeDriver.java:167)
	at org.openqa.selenium.chrome.ChromeDriver.&lt;init&gt;(ChromeDriver.java:124)
	at commons.Driver.openbrowser(Driver.java:70)
	at java.base/java.util.ArrayList.forEach(ArrayList.java:1511)
... Removed 40 stack frames</div></td></tr></table><p class="totop"><a href="#summary">back to summary</a></p>
<h3 id="m9">TestScript.SearchTestScript#openbrowser</h3><table class="result"><tr><th>Exception</th></tr><tr><td><div class="stacktrace">org.openqa.selenium.WebDriverException: unknown error: cannot find Chrome binary
Build info: version: &apos;3.5.2&apos;, revision: &apos;10229a9&apos;, time: &apos;2017-08-21T17:29:55.15Z&apos;
System info: host: &apos;DESKTOP-R89UIF8&apos;, ip: &apos;192.168.29.73&apos;, os.name: &apos;Windows 10&apos;, os.arch: &apos;amd64&apos;, os.version: &apos;10.0&apos;, java.version: &apos;14.0.2&apos;
Driver info: driver.version: Driver
remote stacktrace: Backtrace:
	Ordinal0 [0x00CF87E3+2852835]
	Ordinal0 [0x00BE5BB1+1727409]
	Ordinal0 [0x00ABE4B9+517305]
	Ordinal0 [0x00A4CA98+51864]
	Ordinal0 [0x00A6D9F7+186871]
	Ordinal0 [0x00A6D7FD+186365]
	Ordinal0 [0x00A6B70B+177931]
	Ordinal0 [0x00A52584+75140]
	Ordinal0 [0x00A53650+79440]
	Ordinal0 [0x00A535E9+79337]
	Ordinal0 [0x00BFAD5C+1813852]
	GetHandleVerifier [0x00E1C616+1075574]
	GetHandleVerifier [0x00E1C367+1074887]
	GetHandleVerifier [0x00E27497+1120247]
	GetHandleVerifier [0x00E1CC16+1077110]
	Ordinal0 [0x00BF3206+1782278]
	Ordinal0 [0x00BFC3BB+1819579]
	Ordinal0 [0x00BFC523+1819939]
	Ordinal0 [0x00C12B45+1911621]
	BaseThreadInitThunk [0x76CAFA29+25]
	RtlGetAppContainerNamedObjectPath [0x77777A4E+286]
	RtlGetAppContainerNamedObjectPath [0x77777A1E+238]

	at org.openqa.selenium.remote.W3CHandshakeResponse.lambda$new$0(W3CHandshakeResponse.java:57)
	at org.openqa.selenium.remote.W3CHandshakeResponse.lambda$getResponseFunction$2(W3CHandshakeResponse.java:104)
	at org.openqa.selenium.remote.ProtocolHandshake.lambda$createSession$24(ProtocolHandshake.java:359)
	at java.base/java.util.stream.ReferencePipeline$3$1.accept(ReferencePipeline.java:195)
	at java.base/java.util.Spliterators$ArraySpliterator.tryAdvance(Spliterators.java:958)
	at java.base/java.util.stream.ReferencePipeline.forEachWithCancel(ReferencePipeline.java:127)
	at java.base/java.util.stream.AbstractPipeline.copyIntoWithCancel(AbstractPipeline.java:502)
	at java.base/java.util.stream.AbstractPipeline.copyInto(AbstractPipeline.java:488)
	at java.base/java.util.stream.AbstractPipeline.wrapAndCopyInto(AbstractPipeline.java:474)
	at java.base/java.util.stream.FindOps$FindOp.evaluateSequential(FindOps.java:150)
	at java.base/java.util.stream.AbstractPipeline.evaluate(AbstractPipeline.java:234)
	at java.base/java.util.stream.ReferencePipeline.findFirst(ReferencePipeline.java:543)
	at org.openqa.selenium.remote.ProtocolHandshake.createSession(ProtocolHandshake.java:362)
	at org.openqa.selenium.remote.ProtocolHandshake.createSession(ProtocolHandshake.java:136)
	at org.openqa.selenium.remote.HttpCommandExecutor.execute(HttpCommandExecutor.java:142)
	at org.openqa.selenium.remote.service.DriverCommandExecutor.execute(DriverCommandExecutor.java:82)
	at org.openqa.selenium.remote.RemoteWebDriver.execute(RemoteWebDriver.java:641)
	at org.openqa.selenium.remote.RemoteWebDriver.startSession(RemoteWebDriver.java:254)
	at org.openqa.selenium.remote.RemoteWebDriver.startSession(RemoteWebDriver.java:236)
	at org.openqa.selenium.remote.RemoteWebDriver.&lt;init&gt;(RemoteWebDriver.java:137)
	at org.openqa.selenium.chrome.ChromeDriver.&lt;init&gt;(ChromeDriver.java:178)
	at org.openqa.selenium.chrome.ChromeDriver.&lt;init&gt;(ChromeDriver.java:167)
	at org.openqa.selenium.chrome.ChromeDriver.&lt;init&gt;(ChromeDriver.java:124)
	at commons.Driver.openbrowser(Driver.java:70)
	at java.base/java.util.ArrayList.forEach(ArrayList.java:1511)
... Removed 40 stack frames</div></td></tr></table><p class="totop"><a href="#summary">back to summary</a></p>
<h3 id="m10">TestScript.SortPriceHightoLowTestScript#openbrowser</h3><table class="result"><tr><th>Exception</th></tr><tr><td><div class="stacktrace">org.openqa.selenium.WebDriverException: unknown error: cannot find Chrome binary
Build info: version: &apos;3.5.2&apos;, revision: &apos;10229a9&apos;, time: &apos;2017-08-21T17:29:55.15Z&apos;
System info: host: &apos;DESKTOP-R89UIF8&apos;, ip: &apos;192.168.29.73&apos;, os.name: &apos;Windows 10&apos;, os.arch: &apos;amd64&apos;, os.version: &apos;10.0&apos;, java.version: &apos;14.0.2&apos;
Driver info: driver.version: Driver
remote stacktrace: Backtrace:
	Ordinal0 [0x00CF87E3+2852835]
	Ordinal0 [0x00BE5BB1+1727409]
	Ordinal0 [0x00ABE4B9+517305]
	Ordinal0 [0x00A4CA98+51864]
	Ordinal0 [0x00A6D9F7+186871]
	Ordinal0 [0x00A6D7FD+186365]
	Ordinal0 [0x00A6B70B+177931]
	Ordinal0 [0x00A52584+75140]
	Ordinal0 [0x00A53650+79440]
	Ordinal0 [0x00A535E9+79337]
	Ordinal0 [0x00BFAD5C+1813852]
	GetHandleVerifier [0x00E1C616+1075574]
	GetHandleVerifier [0x00E1C367+1074887]
	GetHandleVerifier [0x00E27497+1120247]
	GetHandleVerifier [0x00E1CC16+1077110]
	Ordinal0 [0x00BF3206+1782278]
	Ordinal0 [0x00BFC3BB+1819579]
	Ordinal0 [0x00BFC523+1819939]
	Ordinal0 [0x00C12B45+1911621]
	BaseThreadInitThunk [0x76CAFA29+25]
	RtlGetAppContainerNamedObjectPath [0x77777A4E+286]
	RtlGetAppContainerNamedObjectPath [0x77777A1E+238]

	at org.openqa.selenium.remote.W3CHandshakeResponse.lambda$new$0(W3CHandshakeResponse.java:57)
	at org.openqa.selenium.remote.W3CHandshakeResponse.lambda$getResponseFunction$2(W3CHandshakeResponse.java:104)
	at org.openqa.selenium.remote.ProtocolHandshake.lambda$createSession$24(ProtocolHandshake.java:359)
	at java.base/java.util.stream.ReferencePipeline$3$1.accept(ReferencePipeline.java:195)
	at java.base/java.util.Spliterators$ArraySpliterator.tryAdvance(Spliterators.java:958)
	at java.base/java.util.stream.ReferencePipeline.forEachWithCancel(ReferencePipeline.java:127)
	at java.base/java.util.stream.AbstractPipeline.copyIntoWithCancel(AbstractPipeline.java:502)
	at java.base/java.util.stream.AbstractPipeline.copyInto(AbstractPipeline.java:488)
	at java.base/java.util.stream.AbstractPipeline.wrapAndCopyInto(AbstractPipeline.java:474)
	at java.base/java.util.stream.FindOps$FindOp.evaluateSequential(FindOps.java:150)
	at java.base/java.util.stream.AbstractPipeline.evaluate(AbstractPipeline.java:234)
	at java.base/java.util.stream.ReferencePipeline.findFirst(ReferencePipeline.java:543)
	at org.openqa.selenium.remote.ProtocolHandshake.createSession(ProtocolHandshake.java:362)
	at org.openqa.selenium.remote.ProtocolHandshake.createSession(ProtocolHandshake.java:136)
	at org.openqa.selenium.remote.HttpCommandExecutor.execute(HttpCommandExecutor.java:142)
	at org.openqa.selenium.remote.service.DriverCommandExecutor.execute(DriverCommandExecutor.java:82)
	at org.openqa.selenium.remote.RemoteWebDriver.execute(RemoteWebDriver.java:641)
	at org.openqa.selenium.remote.RemoteWebDriver.startSession(RemoteWebDriver.java:254)
	at org.openqa.selenium.remote.RemoteWebDriver.startSession(RemoteWebDriver.java:236)
	at org.openqa.selenium.remote.RemoteWebDriver.&lt;init&gt;(RemoteWebDriver.java:137)
	at org.openqa.selenium.chrome.ChromeDriver.&lt;init&gt;(ChromeDriver.java:178)
	at org.openqa.selenium.chrome.ChromeDriver.&lt;init&gt;(ChromeDriver.java:167)
	at org.openqa.selenium.chrome.ChromeDriver.&lt;init&gt;(ChromeDriver.java:124)
	at commons.Driver.openbrowser(Driver.java:70)
	at java.base/java.util.ArrayList.forEach(ArrayList.java:1511)
... Removed 40 stack frames</div></td></tr></table><p class="totop"><a href="#summary">back to summary</a></p>
<h3 id="m11">TestScript.ValidPincodeTestScript#openbrowser</h3><table class="result"><tr><th>Exception</th></tr><tr><td><div class="stacktrace">org.openqa.selenium.WebDriverException: unknown error: cannot find Chrome binary
Build info: version: &apos;3.5.2&apos;, revision: &apos;10229a9&apos;, time: &apos;2017-08-21T17:29:55.15Z&apos;
System info: host: &apos;DESKTOP-R89UIF8&apos;, ip: &apos;192.168.29.73&apos;, os.name: &apos;Windows 10&apos;, os.arch: &apos;amd64&apos;, os.version: &apos;10.0&apos;, java.version: &apos;14.0.2&apos;
Driver info: driver.version: Driver
remote stacktrace: Backtrace:
	Ordinal0 [0x00CF87E3+2852835]
	Ordinal0 [0x00BE5BB1+1727409]
	Ordinal0 [0x00ABE4B9+517305]
	Ordinal0 [0x00A4CA98+51864]
	Ordinal0 [0x00A6D9F7+186871]
	Ordinal0 [0x00A6D7FD+186365]
	Ordinal0 [0x00A6B70B+177931]
	Ordinal0 [0x00A52584+75140]
	Ordinal0 [0x00A53650+79440]
	Ordinal0 [0x00A535E9+79337]
	Ordinal0 [0x00BFAD5C+1813852]
	GetHandleVerifier [0x00E1C616+1075574]
	GetHandleVerifier [0x00E1C367+1074887]
	GetHandleVerifier [0x00E27497+1120247]
	GetHandleVerifier [0x00E1CC16+1077110]
	Ordinal0 [0x00BF3206+1782278]
	Ordinal0 [0x00BFC3BB+1819579]
	Ordinal0 [0x00BFC523+1819939]
	Ordinal0 [0x00C12B45+1911621]
	BaseThreadInitThunk [0x76CAFA29+25]
	RtlGetAppContainerNamedObjectPath [0x77777A4E+286]
	RtlGetAppContainerNamedObjectPath [0x77777A1E+238]

	at org.openqa.selenium.remote.W3CHandshakeResponse.lambda$new$0(W3CHandshakeResponse.java:57)
	at org.openqa.selenium.remote.W3CHandshakeResponse.lambda$getResponseFunction$2(W3CHandshakeResponse.java:104)
	at org.openqa.selenium.remote.ProtocolHandshake.lambda$createSession$24(ProtocolHandshake.java:359)
	at java.base/java.util.stream.ReferencePipeline$3$1.accept(ReferencePipeline.java:195)
	at java.base/java.util.Spliterators$ArraySpliterator.tryAdvance(Spliterators.java:958)
	at java.base/java.util.stream.ReferencePipeline.forEachWithCancel(ReferencePipeline.java:127)
	at java.base/java.util.stream.AbstractPipeline.copyIntoWithCancel(AbstractPipeline.java:502)
	at java.base/java.util.stream.AbstractPipeline.copyInto(AbstractPipeline.java:488)
	at java.base/java.util.stream.AbstractPipeline.wrapAndCopyInto(AbstractPipeline.java:474)
	at java.base/java.util.stream.FindOps$FindOp.evaluateSequential(FindOps.java:150)
	at java.base/java.util.stream.AbstractPipeline.evaluate(AbstractPipeline.java:234)
	at java.base/java.util.stream.ReferencePipeline.findFirst(ReferencePipeline.java:543)
	at org.openqa.selenium.remote.ProtocolHandshake.createSession(ProtocolHandshake.java:362)
	at org.openqa.selenium.remote.ProtocolHandshake.createSession(ProtocolHandshake.java:136)
	at org.openqa.selenium.remote.HttpCommandExecutor.execute(HttpCommandExecutor.java:142)
	at org.openqa.selenium.remote.service.DriverCommandExecutor.execute(DriverCommandExecutor.java:82)
	at org.openqa.selenium.remote.RemoteWebDriver.execute(RemoteWebDriver.java:641)
	at org.openqa.selenium.remote.RemoteWebDriver.startSession(RemoteWebDriver.java:254)
	at org.openqa.selenium.remote.RemoteWebDriver.startSession(RemoteWebDriver.java:236)
	at org.openqa.selenium.remote.RemoteWebDriver.&lt;init&gt;(RemoteWebDriver.java:137)
	at org.openqa.selenium.chrome.ChromeDriver.&lt;init&gt;(ChromeDriver.java:178)
	at org.openqa.selenium.chrome.ChromeDriver.&lt;init&gt;(ChromeDriver.java:167)
	at org.openqa.selenium.chrome.ChromeDriver.&lt;init&gt;(ChromeDriver.java:124)
	at commons.Driver.openbrowser(Driver.java:70)
	at java.base/java.util.ArrayList.forEach(ArrayList.java:1511)
... Removed 40 stack frames</div></td></tr></table><p class="totop"><a href="#summary">back to summary</a></p>
<h3 id="m12">TestScript.AddCartTestScript#Closebrowser</h3><table class="result"><tr><th class="invisible"/></tr></table><p class="totop"><a href="#summary">back to summary</a></p>
<h3 id="m13">TestScript.InvalidPincodeTestScript#Closebrowser</h3><table class="result"><tr><th class="invisible"/></tr></table><p class="totop"><a href="#summary">back to summary</a></p>
<h3 id="m14">TestScript.InvalidloginTest#Closebrowser</h3><table class="result"><tr><th class="invisible"/></tr></table><p class="totop"><a href="#summary">back to summary</a></p>
<h3 id="m15">TestScript.LoginTestS#Closebrowser</h3><table class="result"><tr><th class="invisible"/></tr></table><p class="totop"><a href="#summary">back to summary</a></p>
<h3 id="m16">TestScript.NaviToPrdtDetailPageTest#Closebrowser</h3><table class="result"><tr><th class="invisible"/></tr></table><p class="totop"><a href="#summary">back to summary</a></p>
<h3 id="m17">TestScript.PasswordChangeTestScript#Closebrowser</h3><table class="result"><tr><th class="invisible"/></tr></table><p class="totop"><a href="#summary">back to summary</a></p>
<h3 id="m18">TestScript.ProductDetailsTest#Closebrowser</h3><table class="result"><tr><th class="invisible"/></tr></table><p class="totop"><a href="#summary">back to summary</a></p>
<h3 id="m19">TestScript.RemoveFromCartTestScript#Closebrowser</h3><table class="result"><tr><th class="invisible"/></tr></table><p class="totop"><a href="#summary">back to summary</a></p>
<h3 id="m20">TestScript.SaveForLaterTest#Closebrowser</h3><table class="result"><tr><th class="invisible"/></tr></table><p class="totop"><a href="#summary">back to summary</a></p>
<h3 id="m21">TestScript.SearchTestScript#Closebrowser</h3><table class="result"><tr><th class="invisible"/></tr></table><p class="totop"><a href="#summary">back to summary</a></p>
<h3 id="m22">TestScript.SortPriceHightoLowTestScript#Closebrowser</h3><table class="result"><tr><th class="invisible"/></tr></table><p class="totop"><a href="#summary">back to summary</a></p>
<h3 id="m23">TestScript.ValidPincodeTestScript#Closebrowser</h3><table class="result"><tr><th class="invisible"/></tr></table><p class="totop"><a href="#summary">back to summary</a></p>
<h3 id="m24">TestScript.AddCartTestScript#AddToCart</h3><table class="result"><tr class="param"><th>Parameter #1</th></tr><tr class="param stripe"><td>iphone 12</td></tr><tr><th>Exception</th></tr><tr><td><div class="stacktrace">org.openqa.selenium.WebDriverException: unknown error: cannot find Chrome binary
Build info: version: &apos;3.5.2&apos;, revision: &apos;10229a9&apos;, time: &apos;2017-08-21T17:29:55.15Z&apos;
System info: host: &apos;DESKTOP-R89UIF8&apos;, ip: &apos;192.168.29.73&apos;, os.name: &apos;Windows 10&apos;, os.arch: &apos;amd64&apos;, os.version: &apos;10.0&apos;, java.version: &apos;14.0.2&apos;
Driver info: driver.version: Driver
remote stacktrace: Backtrace:
	Ordinal0 [0x00CF87E3+2852835]
	Ordinal0 [0x00BE5BB1+1727409]
	Ordinal0 [0x00ABE4B9+517305]
	Ordinal0 [0x00A4CA98+51864]
	Ordinal0 [0x00A6D9F7+186871]
	Ordinal0 [0x00A6D7FD+186365]
	Ordinal0 [0x00A6B70B+177931]
	Ordinal0 [0x00A52584+75140]
	Ordinal0 [0x00A53650+79440]
	Ordinal0 [0x00A535E9+79337]
	Ordinal0 [0x00BFAD5C+1813852]
	GetHandleVerifier [0x00E1C616+1075574]
	GetHandleVerifier [0x00E1C367+1074887]
	GetHandleVerifier [0x00E27497+1120247]
	GetHandleVerifier [0x00E1CC16+1077110]
	Ordinal0 [0x00BF3206+1782278]
	Ordinal0 [0x00BFC3BB+1819579]
	Ordinal0 [0x00BFC523+1819939]
	Ordinal0 [0x00C12B45+1911621]
	BaseThreadInitThunk [0x76CAFA29+25]
	RtlGetAppContainerNamedObjectPath [0x77777A4E+286]
	RtlGetAppContainerNamedObjectPath [0x77777A1E+238]

	at org.openqa.selenium.remote.W3CHandshakeResponse.lambda$new$0(W3CHandshakeResponse.java:57)
	at org.openqa.selenium.remote.W3CHandshakeResponse.lambda$getResponseFunction$2(W3CHandshakeResponse.java:104)
	at org.openqa.selenium.remote.ProtocolHandshake.lambda$createSession$24(ProtocolHandshake.java:359)
	at java.base/java.util.stream.ReferencePipeline$3$1.accept(ReferencePipeline.java:195)
	at java.base/java.util.Spliterators$ArraySpliterator.tryAdvance(Spliterators.java:958)
	at java.base/java.util.stream.ReferencePipeline.forEachWithCancel(ReferencePipeline.java:127)
	at java.base/java.util.stream.AbstractPipeline.copyIntoWithCancel(AbstractPipeline.java:502)
	at java.base/java.util.stream.AbstractPipeline.copyInto(AbstractPipeline.java:488)
	at java.base/java.util.stream.AbstractPipeline.wrapAndCopyInto(AbstractPipeline.java:474)
	at java.base/java.util.stream.FindOps$FindOp.evaluateSequential(FindOps.java:150)
	at java.base/java.util.stream.AbstractPipeline.evaluate(AbstractPipeline.java:234)
	at java.base/java.util.stream.ReferencePipeline.findFirst(ReferencePipeline.java:543)
	at org.openqa.selenium.remote.ProtocolHandshake.createSession(ProtocolHandshake.java:362)
	at org.openqa.selenium.remote.ProtocolHandshake.createSession(ProtocolHandshake.java:136)
	at org.openqa.selenium.remote.HttpCommandExecutor.execute(HttpCommandExecutor.java:142)
	at org.openqa.selenium.remote.service.DriverCommandExecutor.execute(DriverCommandExecutor.java:82)
	at org.openqa.selenium.remote.RemoteWebDriver.execute(RemoteWebDriver.java:641)
	at org.openqa.selenium.remote.RemoteWebDriver.startSession(RemoteWebDriver.java:254)
	at org.openqa.selenium.remote.RemoteWebDriver.startSession(RemoteWebDriver.java:236)
	at org.openqa.selenium.remote.RemoteWebDriver.&lt;init&gt;(RemoteWebDriver.java:137)
	at org.openqa.selenium.chrome.ChromeDriver.&lt;init&gt;(ChromeDriver.java:178)
	at org.openqa.selenium.chrome.ChromeDriver.&lt;init&gt;(ChromeDriver.java:167)
	at org.openqa.selenium.chrome.ChromeDriver.&lt;init&gt;(ChromeDriver.java:124)
	at commons.Driver.openbrowser(Driver.java:70)
	at java.base/java.util.ArrayList.forEach(ArrayList.java:1511)
... Removed 40 stack frames</div></td></tr></table><p class="totop"><a href="#summary">back to summary</a></p>
<h3 id="m25">TestScript.InvalidPincodeTestScript#InValidPincode</h3><table class="result"><tr class="param"><th>Parameter #1</th></tr><tr class="param stripe"><td>1234</td></tr><tr><th>Exception</th></tr><tr><td><div class="stacktrace">org.openqa.selenium.WebDriverException: unknown error: cannot find Chrome binary
Build info: version: &apos;3.5.2&apos;, revision: &apos;10229a9&apos;, time: &apos;2017-08-21T17:29:55.15Z&apos;
System info: host: &apos;DESKTOP-R89UIF8&apos;, ip: &apos;192.168.29.73&apos;, os.name: &apos;Windows 10&apos;, os.arch: &apos;amd64&apos;, os.version: &apos;10.0&apos;, java.version: &apos;14.0.2&apos;
Driver info: driver.version: Driver
remote stacktrace: Backtrace:
	Ordinal0 [0x00CF87E3+2852835]
	Ordinal0 [0x00BE5BB1+1727409]
	Ordinal0 [0x00ABE4B9+517305]
	Ordinal0 [0x00A4CA98+51864]
	Ordinal0 [0x00A6D9F7+186871]
	Ordinal0 [0x00A6D7FD+186365]
	Ordinal0 [0x00A6B70B+177931]
	Ordinal0 [0x00A52584+75140]
	Ordinal0 [0x00A53650+79440]
	Ordinal0 [0x00A535E9+79337]
	Ordinal0 [0x00BFAD5C+1813852]
	GetHandleVerifier [0x00E1C616+1075574]
	GetHandleVerifier [0x00E1C367+1074887]
	GetHandleVerifier [0x00E27497+1120247]
	GetHandleVerifier [0x00E1CC16+1077110]
	Ordinal0 [0x00BF3206+1782278]
	Ordinal0 [0x00BFC3BB+1819579]
	Ordinal0 [0x00BFC523+1819939]
	Ordinal0 [0x00C12B45+1911621]
	BaseThreadInitThunk [0x76CAFA29+25]
	RtlGetAppContainerNamedObjectPath [0x77777A4E+286]
	RtlGetAppContainerNamedObjectPath [0x77777A1E+238]

	at org.openqa.selenium.remote.W3CHandshakeResponse.lambda$new$0(W3CHandshakeResponse.java:57)
	at org.openqa.selenium.remote.W3CHandshakeResponse.lambda$getResponseFunction$2(W3CHandshakeResponse.java:104)
	at org.openqa.selenium.remote.ProtocolHandshake.lambda$createSession$24(ProtocolHandshake.java:359)
	at java.base/java.util.stream.ReferencePipeline$3$1.accept(ReferencePipeline.java:195)
	at java.base/java.util.Spliterators$ArraySpliterator.tryAdvance(Spliterators.java:958)
	at java.base/java.util.stream.ReferencePipeline.forEachWithCancel(ReferencePipeline.java:127)
	at java.base/java.util.stream.AbstractPipeline.copyIntoWithCancel(AbstractPipeline.java:502)
	at java.base/java.util.stream.AbstractPipeline.copyInto(AbstractPipeline.java:488)
	at java.base/java.util.stream.AbstractPipeline.wrapAndCopyInto(AbstractPipeline.java:474)
	at java.base/java.util.stream.FindOps$FindOp.evaluateSequential(FindOps.java:150)
	at java.base/java.util.stream.AbstractPipeline.evaluate(AbstractPipeline.java:234)
	at java.base/java.util.stream.ReferencePipeline.findFirst(ReferencePipeline.java:543)
	at org.openqa.selenium.remote.ProtocolHandshake.createSession(ProtocolHandshake.java:362)
	at org.openqa.selenium.remote.ProtocolHandshake.createSession(ProtocolHandshake.java:136)
	at org.openqa.selenium.remote.HttpCommandExecutor.execute(HttpCommandExecutor.java:142)
	at org.openqa.selenium.remote.service.DriverCommandExecutor.execute(DriverCommandExecutor.java:82)
	at org.openqa.selenium.remote.RemoteWebDriver.execute(RemoteWebDriver.java:641)
	at org.openqa.selenium.remote.RemoteWebDriver.startSession(RemoteWebDriver.java:254)
	at org.openqa.selenium.remote.RemoteWebDriver.startSession(RemoteWebDriver.java:236)
	at org.openqa.selenium.remote.RemoteWebDriver.&lt;init&gt;(RemoteWebDriver.java:137)
	at org.openqa.selenium.chrome.ChromeDriver.&lt;init&gt;(ChromeDriver.java:178)
	at org.openqa.selenium.chrome.ChromeDriver.&lt;init&gt;(ChromeDriver.java:167)
	at org.openqa.selenium.chrome.ChromeDriver.&lt;init&gt;(ChromeDriver.java:124)
	at commons.Driver.openbrowser(Driver.java:70)
	at java.base/java.util.ArrayList.forEach(ArrayList.java:1511)
... Removed 40 stack frames</div></td></tr></table><p class="totop"><a href="#summary">back to summary</a></p>
<h3 id="m26">TestScript.InvalidloginTest#invalidlogin</h3><table class="result"><tr class="param"><th>Parameter #1</th></tr><tr class="param stripe"><td>996193041185</td></tr><tr><th>Exception</th></tr><tr><td><div class="stacktrace">org.openqa.selenium.WebDriverException: unknown error: cannot find Chrome binary
Build info: version: &apos;3.5.2&apos;, revision: &apos;10229a9&apos;, time: &apos;2017-08-21T17:29:55.15Z&apos;
System info: host: &apos;DESKTOP-R89UIF8&apos;, ip: &apos;192.168.29.73&apos;, os.name: &apos;Windows 10&apos;, os.arch: &apos;amd64&apos;, os.version: &apos;10.0&apos;, java.version: &apos;14.0.2&apos;
Driver info: driver.version: Driver
remote stacktrace: Backtrace:
	Ordinal0 [0x00CF87E3+2852835]
	Ordinal0 [0x00BE5BB1+1727409]
	Ordinal0 [0x00ABE4B9+517305]
	Ordinal0 [0x00A4CA98+51864]
	Ordinal0 [0x00A6D9F7+186871]
	Ordinal0 [0x00A6D7FD+186365]
	Ordinal0 [0x00A6B70B+177931]
	Ordinal0 [0x00A52584+75140]
	Ordinal0 [0x00A53650+79440]
	Ordinal0 [0x00A535E9+79337]
	Ordinal0 [0x00BFAD5C+1813852]
	GetHandleVerifier [0x00E1C616+1075574]
	GetHandleVerifier [0x00E1C367+1074887]
	GetHandleVerifier [0x00E27497+1120247]
	GetHandleVerifier [0x00E1CC16+1077110]
	Ordinal0 [0x00BF3206+1782278]
	Ordinal0 [0x00BFC3BB+1819579]
	Ordinal0 [0x00BFC523+1819939]
	Ordinal0 [0x00C12B45+1911621]
	BaseThreadInitThunk [0x76CAFA29+25]
	RtlGetAppContainerNamedObjectPath [0x77777A4E+286]
	RtlGetAppContainerNamedObjectPath [0x77777A1E+238]

	at org.openqa.selenium.remote.W3CHandshakeResponse.lambda$new$0(W3CHandshakeResponse.java:57)
	at org.openqa.selenium.remote.W3CHandshakeResponse.lambda$getResponseFunction$2(W3CHandshakeResponse.java:104)
	at org.openqa.selenium.remote.ProtocolHandshake.lambda$createSession$24(ProtocolHandshake.java:359)
	at java.base/java.util.stream.ReferencePipeline$3$1.accept(ReferencePipeline.java:195)
	at java.base/java.util.Spliterators$ArraySpliterator.tryAdvance(Spliterators.java:958)
	at java.base/java.util.stream.ReferencePipeline.forEachWithCancel(ReferencePipeline.java:127)
	at java.base/java.util.stream.AbstractPipeline.copyIntoWithCancel(AbstractPipeline.java:502)
	at java.base/java.util.stream.AbstractPipeline.copyInto(AbstractPipeline.java:488)
	at java.base/java.util.stream.AbstractPipeline.wrapAndCopyInto(AbstractPipeline.java:474)
	at java.base/java.util.stream.FindOps$FindOp.evaluateSequential(FindOps.java:150)
	at java.base/java.util.stream.AbstractPipeline.evaluate(AbstractPipeline.java:234)
	at java.base/java.util.stream.ReferencePipeline.findFirst(ReferencePipeline.java:543)
	at org.openqa.selenium.remote.ProtocolHandshake.createSession(ProtocolHandshake.java:362)
	at org.openqa.selenium.remote.ProtocolHandshake.createSession(ProtocolHandshake.java:136)
	at org.openqa.selenium.remote.HttpCommandExecutor.execute(HttpCommandExecutor.java:142)
	at org.openqa.selenium.remote.service.DriverCommandExecutor.execute(DriverCommandExecutor.java:82)
	at org.openqa.selenium.remote.RemoteWebDriver.execute(RemoteWebDriver.java:641)
	at org.openqa.selenium.remote.RemoteWebDriver.startSession(RemoteWebDriver.java:254)
	at org.openqa.selenium.remote.RemoteWebDriver.startSession(RemoteWebDriver.java:236)
	at org.openqa.selenium.remote.RemoteWebDriver.&lt;init&gt;(RemoteWebDriver.java:137)
	at org.openqa.selenium.chrome.ChromeDriver.&lt;init&gt;(ChromeDriver.java:178)
	at org.openqa.selenium.chrome.ChromeDriver.&lt;init&gt;(ChromeDriver.java:167)
	at org.openqa.selenium.chrome.ChromeDriver.&lt;init&gt;(ChromeDriver.java:124)
	at commons.Driver.openbrowser(Driver.java:70)
	at java.base/java.util.ArrayList.forEach(ArrayList.java:1511)
... Removed 40 stack frames</div></td></tr></table><p class="totop"><a href="#summary">back to summary</a></p>
<h3 id="m27">TestScript.LoginTestS#validateLogin</h3><table class="result"><tr class="param"><th>Parameter #1</th><th>Parameter #2</th></tr><tr class="param stripe"><td>7559069588</td><td>Akash</td></tr><tr><th colspan="2">Exception</th></tr><tr><td colspan="2"><div class="stacktrace">org.openqa.selenium.WebDriverException: unknown error: cannot find Chrome binary
Build info: version: &apos;3.5.2&apos;, revision: &apos;10229a9&apos;, time: &apos;2017-08-21T17:29:55.15Z&apos;
System info: host: &apos;DESKTOP-R89UIF8&apos;, ip: &apos;192.168.29.73&apos;, os.name: &apos;Windows 10&apos;, os.arch: &apos;amd64&apos;, os.version: &apos;10.0&apos;, java.version: &apos;14.0.2&apos;
Driver info: driver.version: Driver
remote stacktrace: Backtrace:
	Ordinal0 [0x00CF87E3+2852835]
	Ordinal0 [0x00BE5BB1+1727409]
	Ordinal0 [0x00ABE4B9+517305]
	Ordinal0 [0x00A4CA98+51864]
	Ordinal0 [0x00A6D9F7+186871]
	Ordinal0 [0x00A6D7FD+186365]
	Ordinal0 [0x00A6B70B+177931]
	Ordinal0 [0x00A52584+75140]
	Ordinal0 [0x00A53650+79440]
	Ordinal0 [0x00A535E9+79337]
	Ordinal0 [0x00BFAD5C+1813852]
	GetHandleVerifier [0x00E1C616+1075574]
	GetHandleVerifier [0x00E1C367+1074887]
	GetHandleVerifier [0x00E27497+1120247]
	GetHandleVerifier [0x00E1CC16+1077110]
	Ordinal0 [0x00BF3206+1782278]
	Ordinal0 [0x00BFC3BB+1819579]
	Ordinal0 [0x00BFC523+1819939]
	Ordinal0 [0x00C12B45+1911621]
	BaseThreadInitThunk [0x76CAFA29+25]
	RtlGetAppContainerNamedObjectPath [0x77777A4E+286]
	RtlGetAppContainerNamedObjectPath [0x77777A1E+238]

	at org.openqa.selenium.remote.W3CHandshakeResponse.lambda$new$0(W3CHandshakeResponse.java:57)
	at org.openqa.selenium.remote.W3CHandshakeResponse.lambda$getResponseFunction$2(W3CHandshakeResponse.java:104)
	at org.openqa.selenium.remote.ProtocolHandshake.lambda$createSession$24(ProtocolHandshake.java:359)
	at java.base/java.util.stream.ReferencePipeline$3$1.accept(ReferencePipeline.java:195)
	at java.base/java.util.Spliterators$ArraySpliterator.tryAdvance(Spliterators.java:958)
	at java.base/java.util.stream.ReferencePipeline.forEachWithCancel(ReferencePipeline.java:127)
	at java.base/java.util.stream.AbstractPipeline.copyIntoWithCancel(AbstractPipeline.java:502)
	at java.base/java.util.stream.AbstractPipeline.copyInto(AbstractPipeline.java:488)
	at java.base/java.util.stream.AbstractPipeline.wrapAndCopyInto(AbstractPipeline.java:474)
	at java.base/java.util.stream.FindOps$FindOp.evaluateSequential(FindOps.java:150)
	at java.base/java.util.stream.AbstractPipeline.evaluate(AbstractPipeline.java:234)
	at java.base/java.util.stream.ReferencePipeline.findFirst(ReferencePipeline.java:543)
	at org.openqa.selenium.remote.ProtocolHandshake.createSession(ProtocolHandshake.java:362)
	at org.openqa.selenium.remote.ProtocolHandshake.createSession(ProtocolHandshake.java:136)
	at org.openqa.selenium.remote.HttpCommandExecutor.execute(HttpCommandExecutor.java:142)
	at org.openqa.selenium.remote.service.DriverCommandExecutor.execute(DriverCommandExecutor.java:82)
	at org.openqa.selenium.remote.RemoteWebDriver.execute(RemoteWebDriver.java:641)
	at org.openqa.selenium.remote.RemoteWebDriver.startSession(RemoteWebDriver.java:254)
	at org.openqa.selenium.remote.RemoteWebDriver.startSession(RemoteWebDriver.java:236)
	at org.openqa.selenium.remote.RemoteWebDriver.&lt;init&gt;(RemoteWebDriver.java:137)
	at org.openqa.selenium.chrome.ChromeDriver.&lt;init&gt;(ChromeDriver.java:178)
	at org.openqa.selenium.chrome.ChromeDriver.&lt;init&gt;(ChromeDriver.java:167)
	at org.openqa.selenium.chrome.ChromeDriver.&lt;init&gt;(ChromeDriver.java:124)
	at commons.Driver.openbrowser(Driver.java:70)
	at java.base/java.util.ArrayList.forEach(ArrayList.java:1511)
... Removed 40 stack frames</div></td></tr></table><p class="totop"><a href="#summary">back to summary</a></p>
<h3 id="m28">TestScript.NaviToPrdtDetailPageTest#navigate</h3><table class="result"><tr><th>Exception</th></tr><tr><td><div class="stacktrace">org.openqa.selenium.WebDriverException: unknown error: cannot find Chrome binary
Build info: version: &apos;3.5.2&apos;, revision: &apos;10229a9&apos;, time: &apos;2017-08-21T17:29:55.15Z&apos;
System info: host: &apos;DESKTOP-R89UIF8&apos;, ip: &apos;192.168.29.73&apos;, os.name: &apos;Windows 10&apos;, os.arch: &apos;amd64&apos;, os.version: &apos;10.0&apos;, java.version: &apos;14.0.2&apos;
Driver info: driver.version: Driver
remote stacktrace: Backtrace:
	Ordinal0 [0x00CF87E3+2852835]
	Ordinal0 [0x00BE5BB1+1727409]
	Ordinal0 [0x00ABE4B9+517305]
	Ordinal0 [0x00A4CA98+51864]
	Ordinal0 [0x00A6D9F7+186871]
	Ordinal0 [0x00A6D7FD+186365]
	Ordinal0 [0x00A6B70B+177931]
	Ordinal0 [0x00A52584+75140]
	Ordinal0 [0x00A53650+79440]
	Ordinal0 [0x00A535E9+79337]
	Ordinal0 [0x00BFAD5C+1813852]
	GetHandleVerifier [0x00E1C616+1075574]
	GetHandleVerifier [0x00E1C367+1074887]
	GetHandleVerifier [0x00E27497+1120247]
	GetHandleVerifier [0x00E1CC16+1077110]
	Ordinal0 [0x00BF3206+1782278]
	Ordinal0 [0x00BFC3BB+1819579]
	Ordinal0 [0x00BFC523+1819939]
	Ordinal0 [0x00C12B45+1911621]
	BaseThreadInitThunk [0x76CAFA29+25]
	RtlGetAppContainerNamedObjectPath [0x77777A4E+286]
	RtlGetAppContainerNamedObjectPath [0x77777A1E+238]

	at org.openqa.selenium.remote.W3CHandshakeResponse.lambda$new$0(W3CHandshakeResponse.java:57)
	at org.openqa.selenium.remote.W3CHandshakeResponse.lambda$getResponseFunction$2(W3CHandshakeResponse.java:104)
	at org.openqa.selenium.remote.ProtocolHandshake.lambda$createSession$24(ProtocolHandshake.java:359)
	at java.base/java.util.stream.ReferencePipeline$3$1.accept(ReferencePipeline.java:195)
	at java.base/java.util.Spliterators$ArraySpliterator.tryAdvance(Spliterators.java:958)
	at java.base/java.util.stream.ReferencePipeline.forEachWithCancel(ReferencePipeline.java:127)
	at java.base/java.util.stream.AbstractPipeline.copyIntoWithCancel(AbstractPipeline.java:502)
	at java.base/java.util.stream.AbstractPipeline.copyInto(AbstractPipeline.java:488)
	at java.base/java.util.stream.AbstractPipeline.wrapAndCopyInto(AbstractPipeline.java:474)
	at java.base/java.util.stream.FindOps$FindOp.evaluateSequential(FindOps.java:150)
	at java.base/java.util.stream.AbstractPipeline.evaluate(AbstractPipeline.java:234)
	at java.base/java.util.stream.ReferencePipeline.findFirst(ReferencePipeline.java:543)
	at org.openqa.selenium.remote.ProtocolHandshake.createSession(ProtocolHandshake.java:362)
	at org.openqa.selenium.remote.ProtocolHandshake.createSession(ProtocolHandshake.java:136)
	at org.openqa.selenium.remote.HttpCommandExecutor.execute(HttpCommandExecutor.java:142)
	at org.openqa.selenium.remote.service.DriverCommandExecutor.execute(DriverCommandExecutor.java:82)
	at org.openqa.selenium.remote.RemoteWebDriver.execute(RemoteWebDriver.java:641)
	at org.openqa.selenium.remote.RemoteWebDriver.startSession(RemoteWebDriver.java:254)
	at org.openqa.selenium.remote.RemoteWebDriver.startSession(RemoteWebDriver.java:236)
	at org.openqa.selenium.remote.RemoteWebDriver.&lt;init&gt;(RemoteWebDriver.java:137)
	at org.openqa.selenium.chrome.ChromeDriver.&lt;init&gt;(ChromeDriver.java:178)
	at org.openqa.selenium.chrome.ChromeDriver.&lt;init&gt;(ChromeDriver.java:167)
	at org.openqa.selenium.chrome.ChromeDriver.&lt;init&gt;(ChromeDriver.java:124)
	at commons.Driver.openbrowser(Driver.java:70)
	at java.base/java.util.ArrayList.forEach(ArrayList.java:1511)
... Removed 40 stack frames</div></td></tr></table><p class="totop"><a href="#summary">back to summary</a></p>
<h3 id="m29">TestScript.PasswordChangeTestScript#ChangePassword</h3><table class="result"><tr class="param"><th>Parameter #1</th><th>Parameter #2</th><th>Parameter #3</th></tr><tr class="param stripe"><td>7558003133</td><td>admin34567</td><td>admin345678</td></tr><tr><th colspan="3">Exception</th></tr><tr><td colspan="3"><div class="stacktrace">org.openqa.selenium.WebDriverException: unknown error: cannot find Chrome binary
Build info: version: &apos;3.5.2&apos;, revision: &apos;10229a9&apos;, time: &apos;2017-08-21T17:29:55.15Z&apos;
System info: host: &apos;DESKTOP-R89UIF8&apos;, ip: &apos;192.168.29.73&apos;, os.name: &apos;Windows 10&apos;, os.arch: &apos;amd64&apos;, os.version: &apos;10.0&apos;, java.version: &apos;14.0.2&apos;
Driver info: driver.version: Driver
remote stacktrace: Backtrace:
	Ordinal0 [0x00CF87E3+2852835]
	Ordinal0 [0x00BE5BB1+1727409]
	Ordinal0 [0x00ABE4B9+517305]
	Ordinal0 [0x00A4CA98+51864]
	Ordinal0 [0x00A6D9F7+186871]
	Ordinal0 [0x00A6D7FD+186365]
	Ordinal0 [0x00A6B70B+177931]
	Ordinal0 [0x00A52584+75140]
	Ordinal0 [0x00A53650+79440]
	Ordinal0 [0x00A535E9+79337]
	Ordinal0 [0x00BFAD5C+1813852]
	GetHandleVerifier [0x00E1C616+1075574]
	GetHandleVerifier [0x00E1C367+1074887]
	GetHandleVerifier [0x00E27497+1120247]
	GetHandleVerifier [0x00E1CC16+1077110]
	Ordinal0 [0x00BF3206+1782278]
	Ordinal0 [0x00BFC3BB+1819579]
	Ordinal0 [0x00BFC523+1819939]
	Ordinal0 [0x00C12B45+1911621]
	BaseThreadInitThunk [0x76CAFA29+25]
	RtlGetAppContainerNamedObjectPath [0x77777A4E+286]
	RtlGetAppContainerNamedObjectPath [0x77777A1E+238]

	at org.openqa.selenium.remote.W3CHandshakeResponse.lambda$new$0(W3CHandshakeResponse.java:57)
	at org.openqa.selenium.remote.W3CHandshakeResponse.lambda$getResponseFunction$2(W3CHandshakeResponse.java:104)
	at org.openqa.selenium.remote.ProtocolHandshake.lambda$createSession$24(ProtocolHandshake.java:359)
	at java.base/java.util.stream.ReferencePipeline$3$1.accept(ReferencePipeline.java:195)
	at java.base/java.util.Spliterators$ArraySpliterator.tryAdvance(Spliterators.java:958)
	at java.base/java.util.stream.ReferencePipeline.forEachWithCancel(ReferencePipeline.java:127)
	at java.base/java.util.stream.AbstractPipeline.copyIntoWithCancel(AbstractPipeline.java:502)
	at java.base/java.util.stream.AbstractPipeline.copyInto(AbstractPipeline.java:488)
	at java.base/java.util.stream.AbstractPipeline.wrapAndCopyInto(AbstractPipeline.java:474)
	at java.base/java.util.stream.FindOps$FindOp.evaluateSequential(FindOps.java:150)
	at java.base/java.util.stream.AbstractPipeline.evaluate(AbstractPipeline.java:234)
	at java.base/java.util.stream.ReferencePipeline.findFirst(ReferencePipeline.java:543)
	at org.openqa.selenium.remote.ProtocolHandshake.createSession(ProtocolHandshake.java:362)
	at org.openqa.selenium.remote.ProtocolHandshake.createSession(ProtocolHandshake.java:136)
	at org.openqa.selenium.remote.HttpCommandExecutor.execute(HttpCommandExecutor.java:142)
	at org.openqa.selenium.remote.service.DriverCommandExecutor.execute(DriverCommandExecutor.java:82)
	at org.openqa.selenium.remote.RemoteWebDriver.execute(RemoteWebDriver.java:641)
	at org.openqa.selenium.remote.RemoteWebDriver.startSession(RemoteWebDriver.java:254)
	at org.openqa.selenium.remote.RemoteWebDriver.startSession(RemoteWebDriver.java:236)
	at org.openqa.selenium.remote.RemoteWebDriver.&lt;init&gt;(RemoteWebDriver.java:137)
	at org.openqa.selenium.chrome.ChromeDriver.&lt;init&gt;(ChromeDriver.java:178)
	at org.openqa.selenium.chrome.ChromeDriver.&lt;init&gt;(ChromeDriver.java:167)
	at org.openqa.selenium.chrome.ChromeDriver.&lt;init&gt;(ChromeDriver.java:124)
	at commons.Driver.openbrowser(Driver.java:70)
	at java.base/java.util.ArrayList.forEach(ArrayList.java:1511)
... Removed 40 stack frames</div></td></tr></table><p class="totop"><a href="#summary">back to summary</a></p>
<h3 id="m30">TestScript.ProductDetailsTest#prdtvalidatsrch</h3><table class="result"><tr class="param"><th>Parameter #1</th></tr><tr class="param stripe"><td>iphone 12</td></tr><tr><th>Exception</th></tr><tr><td><div class="stacktrace">org.openqa.selenium.WebDriverException: unknown error: cannot find Chrome binary
Build info: version: &apos;3.5.2&apos;, revision: &apos;10229a9&apos;, time: &apos;2017-08-21T17:29:55.15Z&apos;
System info: host: &apos;DESKTOP-R89UIF8&apos;, ip: &apos;192.168.29.73&apos;, os.name: &apos;Windows 10&apos;, os.arch: &apos;amd64&apos;, os.version: &apos;10.0&apos;, java.version: &apos;14.0.2&apos;
Driver info: driver.version: Driver
remote stacktrace: Backtrace:
	Ordinal0 [0x00CF87E3+2852835]
	Ordinal0 [0x00BE5BB1+1727409]
	Ordinal0 [0x00ABE4B9+517305]
	Ordinal0 [0x00A4CA98+51864]
	Ordinal0 [0x00A6D9F7+186871]
	Ordinal0 [0x00A6D7FD+186365]
	Ordinal0 [0x00A6B70B+177931]
	Ordinal0 [0x00A52584+75140]
	Ordinal0 [0x00A53650+79440]
	Ordinal0 [0x00A535E9+79337]
	Ordinal0 [0x00BFAD5C+1813852]
	GetHandleVerifier [0x00E1C616+1075574]
	GetHandleVerifier [0x00E1C367+1074887]
	GetHandleVerifier [0x00E27497+1120247]
	GetHandleVerifier [0x00E1CC16+1077110]
	Ordinal0 [0x00BF3206+1782278]
	Ordinal0 [0x00BFC3BB+1819579]
	Ordinal0 [0x00BFC523+1819939]
	Ordinal0 [0x00C12B45+1911621]
	BaseThreadInitThunk [0x76CAFA29+25]
	RtlGetAppContainerNamedObjectPath [0x77777A4E+286]
	RtlGetAppContainerNamedObjectPath [0x77777A1E+238]

	at org.openqa.selenium.remote.W3CHandshakeResponse.lambda$new$0(W3CHandshakeResponse.java:57)
	at org.openqa.selenium.remote.W3CHandshakeResponse.lambda$getResponseFunction$2(W3CHandshakeResponse.java:104)
	at org.openqa.selenium.remote.ProtocolHandshake.lambda$createSession$24(ProtocolHandshake.java:359)
	at java.base/java.util.stream.ReferencePipeline$3$1.accept(ReferencePipeline.java:195)
	at java.base/java.util.Spliterators$ArraySpliterator.tryAdvance(Spliterators.java:958)
	at java.base/java.util.stream.ReferencePipeline.forEachWithCancel(ReferencePipeline.java:127)
	at java.base/java.util.stream.AbstractPipeline.copyIntoWithCancel(AbstractPipeline.java:502)
	at java.base/java.util.stream.AbstractPipeline.copyInto(AbstractPipeline.java:488)
	at java.base/java.util.stream.AbstractPipeline.wrapAndCopyInto(AbstractPipeline.java:474)
	at java.base/java.util.stream.FindOps$FindOp.evaluateSequential(FindOps.java:150)
	at java.base/java.util.stream.AbstractPipeline.evaluate(AbstractPipeline.java:234)
	at java.base/java.util.stream.ReferencePipeline.findFirst(ReferencePipeline.java:543)
	at org.openqa.selenium.remote.ProtocolHandshake.createSession(ProtocolHandshake.java:362)
	at org.openqa.selenium.remote.ProtocolHandshake.createSession(ProtocolHandshake.java:136)
	at org.openqa.selenium.remote.HttpCommandExecutor.execute(HttpCommandExecutor.java:142)
	at org.openqa.selenium.remote.service.DriverCommandExecutor.execute(DriverCommandExecutor.java:82)
	at org.openqa.selenium.remote.RemoteWebDriver.execute(RemoteWebDriver.java:641)
	at org.openqa.selenium.remote.RemoteWebDriver.startSession(RemoteWebDriver.java:254)
	at org.openqa.selenium.remote.RemoteWebDriver.startSession(RemoteWebDriver.java:236)
	at org.openqa.selenium.remote.RemoteWebDriver.&lt;init&gt;(RemoteWebDriver.java:137)
	at org.openqa.selenium.chrome.ChromeDriver.&lt;init&gt;(ChromeDriver.java:178)
	at org.openqa.selenium.chrome.ChromeDriver.&lt;init&gt;(ChromeDriver.java:167)
	at org.openqa.selenium.chrome.ChromeDriver.&lt;init&gt;(ChromeDriver.java:124)
	at commons.Driver.openbrowser(Driver.java:70)
	at java.base/java.util.ArrayList.forEach(ArrayList.java:1511)
... Removed 40 stack frames</div></td></tr></table><p class="totop"><a href="#summary">back to summary</a></p>
<h3 id="m31">TestScript.RemoveFromCartTestScript#removeFROMcart</h3><table class="result"><tr class="param"><th>Parameter #1</th></tr><tr class="param stripe"><td>iphone 12</td></tr><tr><th>Exception</th></tr><tr><td><div class="stacktrace">org.openqa.selenium.WebDriverException: unknown error: cannot find Chrome binary
Build info: version: &apos;3.5.2&apos;, revision: &apos;10229a9&apos;, time: &apos;2017-08-21T17:29:55.15Z&apos;
System info: host: &apos;DESKTOP-R89UIF8&apos;, ip: &apos;192.168.29.73&apos;, os.name: &apos;Windows 10&apos;, os.arch: &apos;amd64&apos;, os.version: &apos;10.0&apos;, java.version: &apos;14.0.2&apos;
Driver info: driver.version: Driver
remote stacktrace: Backtrace:
	Ordinal0 [0x00CF87E3+2852835]
	Ordinal0 [0x00BE5BB1+1727409]
	Ordinal0 [0x00ABE4B9+517305]
	Ordinal0 [0x00A4CA98+51864]
	Ordinal0 [0x00A6D9F7+186871]
	Ordinal0 [0x00A6D7FD+186365]
	Ordinal0 [0x00A6B70B+177931]
	Ordinal0 [0x00A52584+75140]
	Ordinal0 [0x00A53650+79440]
	Ordinal0 [0x00A535E9+79337]
	Ordinal0 [0x00BFAD5C+1813852]
	GetHandleVerifier [0x00E1C616+1075574]
	GetHandleVerifier [0x00E1C367+1074887]
	GetHandleVerifier [0x00E27497+1120247]
	GetHandleVerifier [0x00E1CC16+1077110]
	Ordinal0 [0x00BF3206+1782278]
	Ordinal0 [0x00BFC3BB+1819579]
	Ordinal0 [0x00BFC523+1819939]
	Ordinal0 [0x00C12B45+1911621]
	BaseThreadInitThunk [0x76CAFA29+25]
	RtlGetAppContainerNamedObjectPath [0x77777A4E+286]
	RtlGetAppContainerNamedObjectPath [0x77777A1E+238]

	at org.openqa.selenium.remote.W3CHandshakeResponse.lambda$new$0(W3CHandshakeResponse.java:57)
	at org.openqa.selenium.remote.W3CHandshakeResponse.lambda$getResponseFunction$2(W3CHandshakeResponse.java:104)
	at org.openqa.selenium.remote.ProtocolHandshake.lambda$createSession$24(ProtocolHandshake.java:359)
	at java.base/java.util.stream.ReferencePipeline$3$1.accept(ReferencePipeline.java:195)
	at java.base/java.util.Spliterators$ArraySpliterator.tryAdvance(Spliterators.java:958)
	at java.base/java.util.stream.ReferencePipeline.forEachWithCancel(ReferencePipeline.java:127)
	at java.base/java.util.stream.AbstractPipeline.copyIntoWithCancel(AbstractPipeline.java:502)
	at java.base/java.util.stream.AbstractPipeline.copyInto(AbstractPipeline.java:488)
	at java.base/java.util.stream.AbstractPipeline.wrapAndCopyInto(AbstractPipeline.java:474)
	at java.base/java.util.stream.FindOps$FindOp.evaluateSequential(FindOps.java:150)
	at java.base/java.util.stream.AbstractPipeline.evaluate(AbstractPipeline.java:234)
	at java.base/java.util.stream.ReferencePipeline.findFirst(ReferencePipeline.java:543)
	at org.openqa.selenium.remote.ProtocolHandshake.createSession(ProtocolHandshake.java:362)
	at org.openqa.selenium.remote.ProtocolHandshake.createSession(ProtocolHandshake.java:136)
	at org.openqa.selenium.remote.HttpCommandExecutor.execute(HttpCommandExecutor.java:142)
	at org.openqa.selenium.remote.service.DriverCommandExecutor.execute(DriverCommandExecutor.java:82)
	at org.openqa.selenium.remote.RemoteWebDriver.execute(RemoteWebDriver.java:641)
	at org.openqa.selenium.remote.RemoteWebDriver.startSession(RemoteWebDriver.java:254)
	at org.openqa.selenium.remote.RemoteWebDriver.startSession(RemoteWebDriver.java:236)
	at org.openqa.selenium.remote.RemoteWebDriver.&lt;init&gt;(RemoteWebDriver.java:137)
	at org.openqa.selenium.chrome.ChromeDriver.&lt;init&gt;(ChromeDriver.java:178)
	at org.openqa.selenium.chrome.ChromeDriver.&lt;init&gt;(ChromeDriver.java:167)
	at org.openqa.selenium.chrome.ChromeDriver.&lt;init&gt;(ChromeDriver.java:124)
	at commons.Driver.openbrowser(Driver.java:70)
	at java.base/java.util.ArrayList.forEach(ArrayList.java:1511)
... Removed 40 stack frames</div></td></tr></table><p class="totop"><a href="#summary">back to summary</a></p>
<h3 id="m32">TestScript.SaveForLaterTest#SaveforLater</h3><table class="result"><tr class="param"><th>Parameter #1</th></tr><tr class="param stripe"><td>iphone 12</td></tr><tr><th>Exception</th></tr><tr><td><div class="stacktrace">org.openqa.selenium.WebDriverException: unknown error: cannot find Chrome binary
Build info: version: &apos;3.5.2&apos;, revision: &apos;10229a9&apos;, time: &apos;2017-08-21T17:29:55.15Z&apos;
System info: host: &apos;DESKTOP-R89UIF8&apos;, ip: &apos;192.168.29.73&apos;, os.name: &apos;Windows 10&apos;, os.arch: &apos;amd64&apos;, os.version: &apos;10.0&apos;, java.version: &apos;14.0.2&apos;
Driver info: driver.version: Driver
remote stacktrace: Backtrace:
	Ordinal0 [0x00CF87E3+2852835]
	Ordinal0 [0x00BE5BB1+1727409]
	Ordinal0 [0x00ABE4B9+517305]
	Ordinal0 [0x00A4CA98+51864]
	Ordinal0 [0x00A6D9F7+186871]
	Ordinal0 [0x00A6D7FD+186365]
	Ordinal0 [0x00A6B70B+177931]
	Ordinal0 [0x00A52584+75140]
	Ordinal0 [0x00A53650+79440]
	Ordinal0 [0x00A535E9+79337]
	Ordinal0 [0x00BFAD5C+1813852]
	GetHandleVerifier [0x00E1C616+1075574]
	GetHandleVerifier [0x00E1C367+1074887]
	GetHandleVerifier [0x00E27497+1120247]
	GetHandleVerifier [0x00E1CC16+1077110]
	Ordinal0 [0x00BF3206+1782278]
	Ordinal0 [0x00BFC3BB+1819579]
	Ordinal0 [0x00BFC523+1819939]
	Ordinal0 [0x00C12B45+1911621]
	BaseThreadInitThunk [0x76CAFA29+25]
	RtlGetAppContainerNamedObjectPath [0x77777A4E+286]
	RtlGetAppContainerNamedObjectPath [0x77777A1E+238]

	at org.openqa.selenium.remote.W3CHandshakeResponse.lambda$new$0(W3CHandshakeResponse.java:57)
	at org.openqa.selenium.remote.W3CHandshakeResponse.lambda$getResponseFunction$2(W3CHandshakeResponse.java:104)
	at org.openqa.selenium.remote.ProtocolHandshake.lambda$createSession$24(ProtocolHandshake.java:359)
	at java.base/java.util.stream.ReferencePipeline$3$1.accept(ReferencePipeline.java:195)
	at java.base/java.util.Spliterators$ArraySpliterator.tryAdvance(Spliterators.java:958)
	at java.base/java.util.stream.ReferencePipeline.forEachWithCancel(ReferencePipeline.java:127)
	at java.base/java.util.stream.AbstractPipeline.copyIntoWithCancel(AbstractPipeline.java:502)
	at java.base/java.util.stream.AbstractPipeline.copyInto(AbstractPipeline.java:488)
	at java.base/java.util.stream.AbstractPipeline.wrapAndCopyInto(AbstractPipeline.java:474)
	at java.base/java.util.stream.FindOps$FindOp.evaluateSequential(FindOps.java:150)
	at java.base/java.util.stream.AbstractPipeline.evaluate(AbstractPipeline.java:234)
	at java.base/java.util.stream.ReferencePipeline.findFirst(ReferencePipeline.java:543)
	at org.openqa.selenium.remote.ProtocolHandshake.createSession(ProtocolHandshake.java:362)
	at org.openqa.selenium.remote.ProtocolHandshake.createSession(ProtocolHandshake.java:136)
	at org.openqa.selenium.remote.HttpCommandExecutor.execute(HttpCommandExecutor.java:142)
	at org.openqa.selenium.remote.service.DriverCommandExecutor.execute(DriverCommandExecutor.java:82)
	at org.openqa.selenium.remote.RemoteWebDriver.execute(RemoteWebDriver.java:641)
	at org.openqa.selenium.remote.RemoteWebDriver.startSession(RemoteWebDriver.java:254)
	at org.openqa.selenium.remote.RemoteWebDriver.startSession(RemoteWebDriver.java:236)
	at org.openqa.selenium.remote.RemoteWebDriver.&lt;init&gt;(RemoteWebDriver.java:137)
	at org.openqa.selenium.chrome.ChromeDriver.&lt;init&gt;(ChromeDriver.java:178)
	at org.openqa.selenium.chrome.ChromeDriver.&lt;init&gt;(ChromeDriver.java:167)
	at org.openqa.selenium.chrome.ChromeDriver.&lt;init&gt;(ChromeDriver.java:124)
	at commons.Driver.openbrowser(Driver.java:70)
	at java.base/java.util.ArrayList.forEach(ArrayList.java:1511)
... Removed 40 stack frames</div></td></tr></table><p class="totop"><a href="#summary">back to summary</a></p>
<h3 id="m33">TestScript.SearchTestScript#validatsrch</h3><table class="result"><tr class="param"><th>Parameter #1</th></tr><tr class="param stripe"><td>iphone 12</td></tr><tr><th>Exception</th></tr><tr><td><div class="stacktrace">org.openqa.selenium.WebDriverException: unknown error: cannot find Chrome binary
Build info: version: &apos;3.5.2&apos;, revision: &apos;10229a9&apos;, time: &apos;2017-08-21T17:29:55.15Z&apos;
System info: host: &apos;DESKTOP-R89UIF8&apos;, ip: &apos;192.168.29.73&apos;, os.name: &apos;Windows 10&apos;, os.arch: &apos;amd64&apos;, os.version: &apos;10.0&apos;, java.version: &apos;14.0.2&apos;
Driver info: driver.version: Driver
remote stacktrace: Backtrace:
	Ordinal0 [0x00CF87E3+2852835]
	Ordinal0 [0x00BE5BB1+1727409]
	Ordinal0 [0x00ABE4B9+517305]
	Ordinal0 [0x00A4CA98+51864]
	Ordinal0 [0x00A6D9F7+186871]
	Ordinal0 [0x00A6D7FD+186365]
	Ordinal0 [0x00A6B70B+177931]
	Ordinal0 [0x00A52584+75140]
	Ordinal0 [0x00A53650+79440]
	Ordinal0 [0x00A535E9+79337]
	Ordinal0 [0x00BFAD5C+1813852]
	GetHandleVerifier [0x00E1C616+1075574]
	GetHandleVerifier [0x00E1C367+1074887]
	GetHandleVerifier [0x00E27497+1120247]
	GetHandleVerifier [0x00E1CC16+1077110]
	Ordinal0 [0x00BF3206+1782278]
	Ordinal0 [0x00BFC3BB+1819579]
	Ordinal0 [0x00BFC523+1819939]
	Ordinal0 [0x00C12B45+1911621]
	BaseThreadInitThunk [0x76CAFA29+25]
	RtlGetAppContainerNamedObjectPath [0x77777A4E+286]
	RtlGetAppContainerNamedObjectPath [0x77777A1E+238]

	at org.openqa.selenium.remote.W3CHandshakeResponse.lambda$new$0(W3CHandshakeResponse.java:57)
	at org.openqa.selenium.remote.W3CHandshakeResponse.lambda$getResponseFunction$2(W3CHandshakeResponse.java:104)
	at org.openqa.selenium.remote.ProtocolHandshake.lambda$createSession$24(ProtocolHandshake.java:359)
	at java.base/java.util.stream.ReferencePipeline$3$1.accept(ReferencePipeline.java:195)
	at java.base/java.util.Spliterators$ArraySpliterator.tryAdvance(Spliterators.java:958)
	at java.base/java.util.stream.ReferencePipeline.forEachWithCancel(ReferencePipeline.java:127)
	at java.base/java.util.stream.AbstractPipeline.copyIntoWithCancel(AbstractPipeline.java:502)
	at java.base/java.util.stream.AbstractPipeline.copyInto(AbstractPipeline.java:488)
	at java.base/java.util.stream.AbstractPipeline.wrapAndCopyInto(AbstractPipeline.java:474)
	at java.base/java.util.stream.FindOps$FindOp.evaluateSequential(FindOps.java:150)
	at java.base/java.util.stream.AbstractPipeline.evaluate(AbstractPipeline.java:234)
	at java.base/java.util.stream.ReferencePipeline.findFirst(ReferencePipeline.java:543)
	at org.openqa.selenium.remote.ProtocolHandshake.createSession(ProtocolHandshake.java:362)
	at org.openqa.selenium.remote.ProtocolHandshake.createSession(ProtocolHandshake.java:136)
	at org.openqa.selenium.remote.HttpCommandExecutor.execute(HttpCommandExecutor.java:142)
	at org.openqa.selenium.remote.service.DriverCommandExecutor.execute(DriverCommandExecutor.java:82)
	at org.openqa.selenium.remote.RemoteWebDriver.execute(RemoteWebDriver.java:641)
	at org.openqa.selenium.remote.RemoteWebDriver.startSession(RemoteWebDriver.java:254)
	at org.openqa.selenium.remote.RemoteWebDriver.startSession(RemoteWebDriver.java:236)
	at org.openqa.selenium.remote.RemoteWebDriver.&lt;init&gt;(RemoteWebDriver.java:137)
	at org.openqa.selenium.chrome.ChromeDriver.&lt;init&gt;(ChromeDriver.java:178)
	at org.openqa.selenium.chrome.ChromeDriver.&lt;init&gt;(ChromeDriver.java:167)
	at org.openqa.selenium.chrome.ChromeDriver.&lt;init&gt;(ChromeDriver.java:124)
	at commons.Driver.openbrowser(Driver.java:70)
	at java.base/java.util.ArrayList.forEach(ArrayList.java:1511)
... Removed 40 stack frames</div></td></tr></table><p class="totop"><a href="#summary">back to summary</a></p>
<h3 id="m34">TestScript.SortPriceHightoLowTestScript#Sort</h3><table class="result"><tr class="param"><th>Parameter #1</th></tr><tr class="param stripe"><td>iphone 12</td></tr><tr><th>Exception</th></tr><tr><td><div class="stacktrace">org.openqa.selenium.WebDriverException: unknown error: cannot find Chrome binary
Build info: version: &apos;3.5.2&apos;, revision: &apos;10229a9&apos;, time: &apos;2017-08-21T17:29:55.15Z&apos;
System info: host: &apos;DESKTOP-R89UIF8&apos;, ip: &apos;192.168.29.73&apos;, os.name: &apos;Windows 10&apos;, os.arch: &apos;amd64&apos;, os.version: &apos;10.0&apos;, java.version: &apos;14.0.2&apos;
Driver info: driver.version: Driver
remote stacktrace: Backtrace:
	Ordinal0 [0x00CF87E3+2852835]
	Ordinal0 [0x00BE5BB1+1727409]
	Ordinal0 [0x00ABE4B9+517305]
	Ordinal0 [0x00A4CA98+51864]
	Ordinal0 [0x00A6D9F7+186871]
	Ordinal0 [0x00A6D7FD+186365]
	Ordinal0 [0x00A6B70B+177931]
	Ordinal0 [0x00A52584+75140]
	Ordinal0 [0x00A53650+79440]
	Ordinal0 [0x00A535E9+79337]
	Ordinal0 [0x00BFAD5C+1813852]
	GetHandleVerifier [0x00E1C616+1075574]
	GetHandleVerifier [0x00E1C367+1074887]
	GetHandleVerifier [0x00E27497+1120247]
	GetHandleVerifier [0x00E1CC16+1077110]
	Ordinal0 [0x00BF3206+1782278]
	Ordinal0 [0x00BFC3BB+1819579]
	Ordinal0 [0x00BFC523+1819939]
	Ordinal0 [0x00C12B45+1911621]
	BaseThreadInitThunk [0x76CAFA29+25]
	RtlGetAppContainerNamedObjectPath [0x77777A4E+286]
	RtlGetAppContainerNamedObjectPath [0x77777A1E+238]

	at org.openqa.selenium.remote.W3CHandshakeResponse.lambda$new$0(W3CHandshakeResponse.java:57)
	at org.openqa.selenium.remote.W3CHandshakeResponse.lambda$getResponseFunction$2(W3CHandshakeResponse.java:104)
	at org.openqa.selenium.remote.ProtocolHandshake.lambda$createSession$24(ProtocolHandshake.java:359)
	at java.base/java.util.stream.ReferencePipeline$3$1.accept(ReferencePipeline.java:195)
	at java.base/java.util.Spliterators$ArraySpliterator.tryAdvance(Spliterators.java:958)
	at java.base/java.util.stream.ReferencePipeline.forEachWithCancel(ReferencePipeline.java:127)
	at java.base/java.util.stream.AbstractPipeline.copyIntoWithCancel(AbstractPipeline.java:502)
	at java.base/java.util.stream.AbstractPipeline.copyInto(AbstractPipeline.java:488)
	at java.base/java.util.stream.AbstractPipeline.wrapAndCopyInto(AbstractPipeline.java:474)
	at java.base/java.util.stream.FindOps$FindOp.evaluateSequential(FindOps.java:150)
	at java.base/java.util.stream.AbstractPipeline.evaluate(AbstractPipeline.java:234)
	at java.base/java.util.stream.ReferencePipeline.findFirst(ReferencePipeline.java:543)
	at org.openqa.selenium.remote.ProtocolHandshake.createSession(ProtocolHandshake.java:362)
	at org.openqa.selenium.remote.ProtocolHandshake.createSession(ProtocolHandshake.java:136)
	at org.openqa.selenium.remote.HttpCommandExecutor.execute(HttpCommandExecutor.java:142)
	at org.openqa.selenium.remote.service.DriverCommandExecutor.execute(DriverCommandExecutor.java:82)
	at org.openqa.selenium.remote.RemoteWebDriver.execute(RemoteWebDriver.java:641)
	at org.openqa.selenium.remote.RemoteWebDriver.startSession(RemoteWebDriver.java:254)
	at org.openqa.selenium.remote.RemoteWebDriver.startSession(RemoteWebDriver.java:236)
	at org.openqa.selenium.remote.RemoteWebDriver.&lt;init&gt;(RemoteWebDriver.java:137)
	at org.openqa.selenium.chrome.ChromeDriver.&lt;init&gt;(ChromeDriver.java:178)
	at org.openqa.selenium.chrome.ChromeDriver.&lt;init&gt;(ChromeDriver.java:167)
	at org.openqa.selenium.chrome.ChromeDriver.&lt;init&gt;(ChromeDriver.java:124)
	at commons.Driver.openbrowser(Driver.java:70)
	at java.base/java.util.ArrayList.forEach(ArrayList.java:1511)
... Removed 40 stack frames</div></td></tr></table><p class="totop"><a href="#summary">back to summary</a></p>
<h3 id="m35">TestScript.ValidPincodeTestScript#pincodevalidate</h3><table class="result"><tr class="param"><th>Parameter #1</th></tr><tr class="param stripe"><td>695011</td></tr><tr><th>Exception</th></tr><tr><td><div class="stacktrace">org.openqa.selenium.WebDriverException: unknown error: cannot find Chrome binary
Build info: version: &apos;3.5.2&apos;, revision: &apos;10229a9&apos;, time: &apos;2017-08-21T17:29:55.15Z&apos;
System info: host: &apos;DESKTOP-R89UIF8&apos;, ip: &apos;192.168.29.73&apos;, os.name: &apos;Windows 10&apos;, os.arch: &apos;amd64&apos;, os.version: &apos;10.0&apos;, java.version: &apos;14.0.2&apos;
Driver info: driver.version: Driver
remote stacktrace: Backtrace:
	Ordinal0 [0x00CF87E3+2852835]
	Ordinal0 [0x00BE5BB1+1727409]
	Ordinal0 [0x00ABE4B9+517305]
	Ordinal0 [0x00A4CA98+51864]
	Ordinal0 [0x00A6D9F7+186871]
	Ordinal0 [0x00A6D7FD+186365]
	Ordinal0 [0x00A6B70B+177931]
	Ordinal0 [0x00A52584+75140]
	Ordinal0 [0x00A53650+79440]
	Ordinal0 [0x00A535E9+79337]
	Ordinal0 [0x00BFAD5C+1813852]
	GetHandleVerifier [0x00E1C616+1075574]
	GetHandleVerifier [0x00E1C367+1074887]
	GetHandleVerifier [0x00E27497+1120247]
	GetHandleVerifier [0x00E1CC16+1077110]
	Ordinal0 [0x00BF3206+1782278]
	Ordinal0 [0x00BFC3BB+1819579]
	Ordinal0 [0x00BFC523+1819939]
	Ordinal0 [0x00C12B45+1911621]
	BaseThreadInitThunk [0x76CAFA29+25]
	RtlGetAppContainerNamedObjectPath [0x77777A4E+286]
	RtlGetAppContainerNamedObjectPath [0x77777A1E+238]

	at org.openqa.selenium.remote.W3CHandshakeResponse.lambda$new$0(W3CHandshakeResponse.java:57)
	at org.openqa.selenium.remote.W3CHandshakeResponse.lambda$getResponseFunction$2(W3CHandshakeResponse.java:104)
	at org.openqa.selenium.remote.ProtocolHandshake.lambda$createSession$24(ProtocolHandshake.java:359)
	at java.base/java.util.stream.ReferencePipeline$3$1.accept(ReferencePipeline.java:195)
	at java.base/java.util.Spliterators$ArraySpliterator.tryAdvance(Spliterators.java:958)
	at java.base/java.util.stream.ReferencePipeline.forEachWithCancel(ReferencePipeline.java:127)
	at java.base/java.util.stream.AbstractPipeline.copyIntoWithCancel(AbstractPipeline.java:502)
	at java.base/java.util.stream.AbstractPipeline.copyInto(AbstractPipeline.java:488)
	at java.base/java.util.stream.AbstractPipeline.wrapAndCopyInto(AbstractPipeline.java:474)
	at java.base/java.util.stream.FindOps$FindOp.evaluateSequential(FindOps.java:150)
	at java.base/java.util.stream.AbstractPipeline.evaluate(AbstractPipeline.java:234)
	at java.base/java.util.stream.ReferencePipeline.findFirst(ReferencePipeline.java:543)
	at org.openqa.selenium.remote.ProtocolHandshake.createSession(ProtocolHandshake.java:362)
	at org.openqa.selenium.remote.ProtocolHandshake.createSession(ProtocolHandshake.java:136)
	at org.openqa.selenium.remote.HttpCommandExecutor.execute(HttpCommandExecutor.java:142)
	at org.openqa.selenium.remote.service.DriverCommandExecutor.execute(DriverCommandExecutor.java:82)
	at org.openqa.selenium.remote.RemoteWebDriver.execute(RemoteWebDriver.java:641)
	at org.openqa.selenium.remote.RemoteWebDriver.startSession(RemoteWebDriver.java:254)
	at org.openqa.selenium.remote.RemoteWebDriver.startSession(RemoteWebDriver.java:236)
	at org.openqa.selenium.remote.RemoteWebDriver.&lt;init&gt;(RemoteWebDriver.java:137)
	at org.openqa.selenium.chrome.ChromeDriver.&lt;init&gt;(ChromeDriver.java:178)
	at org.openqa.selenium.chrome.ChromeDriver.&lt;init&gt;(ChromeDriver.java:167)
	at org.openqa.selenium.chrome.ChromeDriver.&lt;init&gt;(ChromeDriver.java:124)
	at commons.Driver.openbrowser(Driver.java:70)
	at java.base/java.util.ArrayList.forEach(ArrayList.java:1511)
... Removed 40 stack frames</div></td></tr></table><p class="totop"><a href="#summary">back to summary</a></p>
</body>
</html>
