<?xml version="1.0" encoding="UTF-8"?>
<testsuite xmlns:xsi="http://www.w3.org/2001/XMLSchema-instance" xsi:noNamespaceSchemaLocation="https://maven.apache.org/surefire/maven-surefire-plugin/xsd/surefire-test-report-3.0.xsd" version="3.0" name="TestSuite" time="12.159" tests="36" errors="0" skipped="24" failures="12">
  <properties>
    <property name="java.specification.version" value="14"/>
    <property name="webdriver.chrome.driver" value="Driver//chromedriver.exe"/>
    <property name="sun.cpu.isalist" value="amd64"/>
    <property name="sun.jnu.encoding" value="Cp1252"/>
    <property name="java.class.path" value="C:\Users\Hp\Downloads\ICT_Auto_Asgnmnt\ICT_Auto_Asgnmnt\target\test-classes;C:\Users\Hp\Downloads\ICT_Auto_Asgnmnt\ICT_Auto_Asgnmnt\target\classes;C:\Users\Hp\.m2\repository\org\seleniumhq\selenium\selenium-java\3.5.2\selenium-java-3.5.2.jar;C:\Users\Hp\.m2\repository\org\seleniumhq\selenium\selenium-api\3.5.2\selenium-api-3.5.2.jar;C:\Users\Hp\.m2\repository\org\seleniumhq\selenium\selenium-chrome-driver\3.5.2\selenium-chrome-driver-3.5.2.jar;C:\Users\Hp\.m2\repository\org\seleniumhq\selenium\selenium-edge-driver\3.5.2\selenium-edge-driver-3.5.2.jar;C:\Users\Hp\.m2\repository\org\seleniumhq\selenium\selenium-firefox-driver\3.5.2\selenium-firefox-driver-3.5.2.jar;C:\Users\Hp\.m2\repository\org\seleniumhq\selenium\selenium-ie-driver\3.5.2\selenium-ie-driver-3.5.2.jar;C:\Users\Hp\.m2\repository\org\seleniumhq\selenium\selenium-opera-driver\3.5.2\selenium-opera-driver-3.5.2.jar;C:\Users\Hp\.m2\repository\org\seleniumhq\selenium\selenium-remote-driver\3.5.2\selenium-remote-driver-3.5.2.jar;C:\Users\Hp\.m2\repository\org\seleniumhq\selenium\selenium-safari-driver\3.5.2\selenium-safari-driver-3.5.2.jar;C:\Users\Hp\.m2\repository\org\seleniumhq\selenium\selenium-support\3.5.2\selenium-support-3.5.2.jar;C:\Users\Hp\.m2\repository\cglib\cglib-nodep\3.2.4\cglib-nodep-3.2.4.jar;C:\Users\Hp\.m2\repository\org\apache\commons\commons-exec\1.3\commons-exec-1.3.jar;C:\Users\Hp\.m2\repository\org\apache\commons\commons-lang3\3.5\commons-lang3-3.5.jar;C:\Users\Hp\.m2\repository\commons-codec\commons-codec\1.10\commons-codec-1.10.jar;C:\Users\Hp\.m2\repository\commons-logging\commons-logging\1.2\commons-logging-1.2.jar;C:\Users\Hp\.m2\repository\org\w3c\css\sac\1.3\sac-1.3.jar;C:\Users\Hp\.m2\repository\net\sourceforge\cssparser\cssparser\0.9.23\cssparser-0.9.23.jar;C:\Users\Hp\.m2\repository\com\google\code\gson\gson\2.8.0\gson-2.8.0.jar;C:\Users\Hp\.m2\repository\com\google\guava\guava\23.0\guava-23.0.jar;C:\Users\Hp\.m2\repository\com\google\code\findbugs\jsr305\1.3.9\jsr305-1.3.9.jar;C:\Users\Hp\.m2\repository\com\google\errorprone\error_prone_annotations\2.0.18\error_prone_annotations-2.0.18.jar;C:\Users\Hp\.m2\repository\com\google\j2objc\j2objc-annotations\1.1\j2objc-annotations-1.1.jar;C:\Users\Hp\.m2\repository\org\codehaus\mojo\animal-sniffer-annotations\1.14\animal-sniffer-annotations-1.14.jar;C:\Users\Hp\.m2\repository\org\hamcrest\hamcrest-core\1.3\hamcrest-core-1.3.jar;C:\Users\Hp\.m2\repository\net\sourceforge\htmlunit\htmlunit\2.27\htmlunit-2.27.jar;C:\Users\Hp\.m2\repository\net\sourceforge\htmlunit\htmlunit-core-js\2.27\htmlunit-core-js-2.27.jar;C:\Users\Hp\.m2\repository\net\sourceforge\htmlunit\neko-htmlunit\2.27\neko-htmlunit-2.27.jar;C:\Users\Hp\.m2\repository\org\apache\httpcomponents\httpclient\4.5.3\httpclient-4.5.3.jar;C:\Users\Hp\.m2\repository\org\apache\httpcomponents\httpcore\4.4.6\httpcore-4.4.6.jar;C:\Users\Hp\.m2\repository\org\apache\httpcomponents\httpmime\4.5.3\httpmime-4.5.3.jar;C:\Users\Hp\.m2\repository\org\eclipse\jetty\jetty-client\9.4.5.v20170502\jetty-client-9.4.5.v20170502.jar;C:\Users\Hp\.m2\repository\org\eclipse\jetty\jetty-http\9.4.5.v20170502\jetty-http-9.4.5.v20170502.jar;C:\Users\Hp\.m2\repository\org\eclipse\jetty\jetty-io\9.4.5.v20170502\jetty-io-9.4.5.v20170502.jar;C:\Users\Hp\.m2\repository\org\eclipse\jetty\jetty-util\9.4.5.v20170502\jetty-util-9.4.5.v20170502.jar;C:\Users\Hp\.m2\repository\net\java\dev\jna\jna\4.1.0\jna-4.1.0.jar;C:\Users\Hp\.m2\repository\net\java\dev\jna\jna-platform\4.1.0\jna-platform-4.1.0.jar;C:\Users\Hp\.m2\repository\junit\junit\4.12\junit-4.12.jar;C:\Users\Hp\.m2\repository\com\codeborne\phantomjsdriver\1.4.0\phantomjsdriver-1.4.0.jar;C:\Users\Hp\.m2\repository\org\seleniumhq\selenium\htmlunit-driver\2.27\htmlunit-driver-2.27.jar;C:\Users\Hp\.m2\repository\javax\servlet\javax.servlet-api\3.1.0\javax.servlet-api-3.1.0.jar;C:\Users\Hp\.m2\repository\org\eclipse\jetty\websocket\websocket-api\9.4.5.v20170502\websocket-api-9.4.5.v20170502.jar;C:\Users\Hp\.m2\repository\org\eclipse\jetty\websocket\websocket-client\9.4.5.v20170502\websocket-client-9.4.5.v20170502.jar;C:\Users\Hp\.m2\repository\org\eclipse\jetty\websocket\websocket-common\9.4.5.v20170502\websocket-common-9.4.5.v20170502.jar;C:\Users\Hp\.m2\repository\xalan\serializer\2.7.2\serializer-2.7.2.jar;C:\Users\Hp\.m2\repository\xalan\xalan\2.7.2\xalan-2.7.2.jar;C:\Users\Hp\.m2\repository\xerces\xercesImpl\2.11.0\xercesImpl-2.11.0.jar;C:\Users\Hp\.m2\repository\xml-apis\xml-apis\1.4.01\xml-apis-1.4.01.jar;C:\Users\Hp\.m2\repository\org\testng\testng\7.3.0\testng-7.3.0.jar;C:\Users\Hp\.m2\repository\com\beust\jcommander\1.78\jcommander-1.78.jar;C:\Users\Hp\.m2\repository\org\apache\ant\ant\1.10.3\ant-1.10.3.jar;C:\Users\Hp\.m2\repository\org\apache\ant\ant-launcher\1.10.3\ant-launcher-1.10.3.jar;C:\Users\Hp\.m2\repository\com\google\inject\guice\4.2.2\guice-4.2.2-no_aop.jar;C:\Users\Hp\.m2\repository\javax\inject\javax.inject\1\javax.inject-1.jar;C:\Users\Hp\.m2\repository\aopalliance\aopalliance\1.0\aopalliance-1.0.jar;C:\Users\Hp\.m2\repository\org\yaml\snakeyaml\1.21\snakeyaml-1.21.jar;C:\Users\Hp\.m2\repository\commons-io\commons-io\2.7\commons-io-2.7.jar;C:\Users\Hp\.m2\repository\com\aventstack\extentreports\4.1.7\extentreports-4.1.7.jar;C:\Users\Hp\.m2\repository\org\freemarker\freemarker\2.3.29\freemarker-2.3.29.jar;C:\Users\Hp\.m2\repository\org\mongodb\mongodb-driver\3.12.0\mongodb-driver-3.12.0.jar;C:\Users\Hp\.m2\repository\org\mongodb\mongodb-driver-core\3.12.0\mongodb-driver-core-3.12.0.jar;C:\Users\Hp\.m2\repository\org\mongodb\bson\3.12.0\bson-3.12.0.jar;"/>
    <property name="java.vm.vendor" value="AdoptOpenJDK"/>
    <property name="sun.arch.data.model" value="64"/>
    <property name="user.variant" value=""/>
    <property name="java.vendor.url" value="https://adoptopenjdk.net/"/>
    <property name="user.timezone" value="Asia/Calcutta"/>
    <property name="os.name" value="Windows 10"/>
    <property name="java.vm.specification.version" value="14"/>
    <property name="sun.java.launcher" value="SUN_STANDARD"/>
    <property name="user.country" value="IN"/>
    <property name="sun.boot.library.path" value="C:\Users\Hp\.jdks\adopt-openjdk-14.0.2\bin"/>
    <property name="sun.java.command" value="C:\Users\Hp\AppData\Local\Temp\surefire5842499395725530924\surefirebooter11116407324868739716.jar C:\Users\Hp\AppData\Local\Temp\surefire5842499395725530924 2021-04-26T18-41-39_711-jvmRun1 surefire692185246465420927tmp surefire_02814089369093796621tmp"/>
    <property name="jdk.debug" value="release"/>
    <property name="surefire.test.class.path" value="C:\Users\Hp\Downloads\ICT_Auto_Asgnmnt\ICT_Auto_Asgnmnt\target\test-classes;C:\Users\Hp\Downloads\ICT_Auto_Asgnmnt\ICT_Auto_Asgnmnt\target\classes;C:\Users\Hp\.m2\repository\org\seleniumhq\selenium\selenium-java\3.5.2\selenium-java-3.5.2.jar;C:\Users\Hp\.m2\repository\org\seleniumhq\selenium\selenium-api\3.5.2\selenium-api-3.5.2.jar;C:\Users\Hp\.m2\repository\org\seleniumhq\selenium\selenium-chrome-driver\3.5.2\selenium-chrome-driver-3.5.2.jar;C:\Users\Hp\.m2\repository\org\seleniumhq\selenium\selenium-edge-driver\3.5.2\selenium-edge-driver-3.5.2.jar;C:\Users\Hp\.m2\repository\org\seleniumhq\selenium\selenium-firefox-driver\3.5.2\selenium-firefox-driver-3.5.2.jar;C:\Users\Hp\.m2\repository\org\seleniumhq\selenium\selenium-ie-driver\3.5.2\selenium-ie-driver-3.5.2.jar;C:\Users\Hp\.m2\repository\org\seleniumhq\selenium\selenium-opera-driver\3.5.2\selenium-opera-driver-3.5.2.jar;C:\Users\Hp\.m2\repository\org\seleniumhq\selenium\selenium-remote-driver\3.5.2\selenium-remote-driver-3.5.2.jar;C:\Users\Hp\.m2\repository\org\seleniumhq\selenium\selenium-safari-driver\3.5.2\selenium-safari-driver-3.5.2.jar;C:\Users\Hp\.m2\repository\org\seleniumhq\selenium\selenium-support\3.5.2\selenium-support-3.5.2.jar;C:\Users\Hp\.m2\repository\cglib\cglib-nodep\3.2.4\cglib-nodep-3.2.4.jar;C:\Users\Hp\.m2\repository\org\apache\commons\commons-exec\1.3\commons-exec-1.3.jar;C:\Users\Hp\.m2\repository\org\apache\commons\commons-lang3\3.5\commons-lang3-3.5.jar;C:\Users\Hp\.m2\repository\commons-codec\commons-codec\1.10\commons-codec-1.10.jar;C:\Users\Hp\.m2\repository\commons-logging\commons-logging\1.2\commons-logging-1.2.jar;C:\Users\Hp\.m2\repository\org\w3c\css\sac\1.3\sac-1.3.jar;C:\Users\Hp\.m2\repository\net\sourceforge\cssparser\cssparser\0.9.23\cssparser-0.9.23.jar;C:\Users\Hp\.m2\repository\com\google\code\gson\gson\2.8.0\gson-2.8.0.jar;C:\Users\Hp\.m2\repository\com\google\guava\guava\23.0\guava-23.0.jar;C:\Users\Hp\.m2\repository\com\google\code\findbugs\jsr305\1.3.9\jsr305-1.3.9.jar;C:\Users\Hp\.m2\repository\com\google\errorprone\error_prone_annotations\2.0.18\error_prone_annotations-2.0.18.jar;C:\Users\Hp\.m2\repository\com\google\j2objc\j2objc-annotations\1.1\j2objc-annotations-1.1.jar;C:\Users\Hp\.m2\repository\org\codehaus\mojo\animal-sniffer-annotations\1.14\animal-sniffer-annotations-1.14.jar;C:\Users\Hp\.m2\repository\org\hamcrest\hamcrest-core\1.3\hamcrest-core-1.3.jar;C:\Users\Hp\.m2\repository\net\sourceforge\htmlunit\htmlunit\2.27\htmlunit-2.27.jar;C:\Users\Hp\.m2\repository\net\sourceforge\htmlunit\htmlunit-core-js\2.27\htmlunit-core-js-2.27.jar;C:\Users\Hp\.m2\repository\net\sourceforge\htmlunit\neko-htmlunit\2.27\neko-htmlunit-2.27.jar;C:\Users\Hp\.m2\repository\org\apache\httpcomponents\httpclient\4.5.3\httpclient-4.5.3.jar;C:\Users\Hp\.m2\repository\org\apache\httpcomponents\httpcore\4.4.6\httpcore-4.4.6.jar;C:\Users\Hp\.m2\repository\org\apache\httpcomponents\httpmime\4.5.3\httpmime-4.5.3.jar;C:\Users\Hp\.m2\repository\org\eclipse\jetty\jetty-client\9.4.5.v20170502\jetty-client-9.4.5.v20170502.jar;C:\Users\Hp\.m2\repository\org\eclipse\jetty\jetty-http\9.4.5.v20170502\jetty-http-9.4.5.v20170502.jar;C:\Users\Hp\.m2\repository\org\eclipse\jetty\jetty-io\9.4.5.v20170502\jetty-io-9.4.5.v20170502.jar;C:\Users\Hp\.m2\repository\org\eclipse\jetty\jetty-util\9.4.5.v20170502\jetty-util-9.4.5.v20170502.jar;C:\Users\Hp\.m2\repository\net\java\dev\jna\jna\4.1.0\jna-4.1.0.jar;C:\Users\Hp\.m2\repository\net\java\dev\jna\jna-platform\4.1.0\jna-platform-4.1.0.jar;C:\Users\Hp\.m2\repository\junit\junit\4.12\junit-4.12.jar;C:\Users\Hp\.m2\repository\com\codeborne\phantomjsdriver\1.4.0\phantomjsdriver-1.4.0.jar;C:\Users\Hp\.m2\repository\org\seleniumhq\selenium\htmlunit-driver\2.27\htmlunit-driver-2.27.jar;C:\Users\Hp\.m2\repository\javax\servlet\javax.servlet-api\3.1.0\javax.servlet-api-3.1.0.jar;C:\Users\Hp\.m2\repository\org\eclipse\jetty\websocket\websocket-api\9.4.5.v20170502\websocket-api-9.4.5.v20170502.jar;C:\Users\Hp\.m2\repository\org\eclipse\jetty\websocket\websocket-client\9.4.5.v20170502\websocket-client-9.4.5.v20170502.jar;C:\Users\Hp\.m2\repository\org\eclipse\jetty\websocket\websocket-common\9.4.5.v20170502\websocket-common-9.4.5.v20170502.jar;C:\Users\Hp\.m2\repository\xalan\serializer\2.7.2\serializer-2.7.2.jar;C:\Users\Hp\.m2\repository\xalan\xalan\2.7.2\xalan-2.7.2.jar;C:\Users\Hp\.m2\repository\xerces\xercesImpl\2.11.0\xercesImpl-2.11.0.jar;C:\Users\Hp\.m2\repository\xml-apis\xml-apis\1.4.01\xml-apis-1.4.01.jar;C:\Users\Hp\.m2\repository\org\testng\testng\7.3.0\testng-7.3.0.jar;C:\Users\Hp\.m2\repository\com\beust\jcommander\1.78\jcommander-1.78.jar;C:\Users\Hp\.m2\repository\org\apache\ant\ant\1.10.3\ant-1.10.3.jar;C:\Users\Hp\.m2\repository\org\apache\ant\ant-launcher\1.10.3\ant-launcher-1.10.3.jar;C:\Users\Hp\.m2\repository\com\google\inject\guice\4.2.2\guice-4.2.2-no_aop.jar;C:\Users\Hp\.m2\repository\javax\inject\javax.inject\1\javax.inject-1.jar;C:\Users\Hp\.m2\repository\aopalliance\aopalliance\1.0\aopalliance-1.0.jar;C:\Users\Hp\.m2\repository\org\yaml\snakeyaml\1.21\snakeyaml-1.21.jar;C:\Users\Hp\.m2\repository\commons-io\commons-io\2.7\commons-io-2.7.jar;C:\Users\Hp\.m2\repository\com\aventstack\extentreports\4.1.7\extentreports-4.1.7.jar;C:\Users\Hp\.m2\repository\org\freemarker\freemarker\2.3.29\freemarker-2.3.29.jar;C:\Users\Hp\.m2\repository\org\mongodb\mongodb-driver\3.12.0\mongodb-driver-3.12.0.jar;C:\Users\Hp\.m2\repository\org\mongodb\mongodb-driver-core\3.12.0\mongodb-driver-core-3.12.0.jar;C:\Users\Hp\.m2\repository\org\mongodb\bson\3.12.0\bson-3.12.0.jar;"/>
    <property name="sun.cpu.endian" value="little"/>
    <property name="user.home" value="C:\Users\Hp"/>
    <property name="user.language" value="en"/>
    <property name="java.specification.vendor" value="Oracle Corporation"/>
    <property name="java.version.date" value="2020-07-14"/>
    <property name="java.home" value="C:\Users\Hp\.jdks\adopt-openjdk-14.0.2"/>
    <property name="testng.dtd.http" value="true"/>
    <property name="file.separator" value="\"/>
    <property name="basedir" value="C:\Users\Hp\Downloads\ICT_Auto_Asgnmnt\ICT_Auto_Asgnmnt"/>
    <property name="java.vm.compressedOopsMode" value="32-bit"/>
    <property name="line.separator" value="&#10;"/>
    <property name="java.vm.specification.vendor" value="Oracle Corporation"/>
    <property name="java.specification.name" value="Java Platform API Specification"/>
    <property name="surefire.real.class.path" value="C:\Users\Hp\AppData\Local\Temp\surefire5842499395725530924\surefirebooter11116407324868739716.jar"/>
    <property name="user.script" value=""/>
    <property name="sun.management.compiler" value="HotSpot 64-Bit Tiered Compilers"/>
    <property name="java.runtime.version" value="14.0.2+12"/>
    <property name="user.name" value="Hp"/>
    <property name="path.separator" value=";"/>
    <property name="os.version" value="10.0"/>
    <property name="java.runtime.name" value="OpenJDK Runtime Environment"/>
    <property name="file.encoding" value="Cp1252"/>
    <property name="java.vm.name" value="OpenJDK 64-Bit Server VM"/>
    <property name="java.vendor.version" value="AdoptOpenJDK"/>
    <property name="localRepository" value="C:\Users\Hp\.m2\repository"/>
    <property name="java.vendor.url.bug" value="https://github.com/AdoptOpenJDK/openjdk-support/issues"/>
    <property name="java.io.tmpdir" value="C:\Users\Hp\AppData\Local\Temp\"/>
    <property name="idea.version" value="2020.3.3"/>
    <property name="java.version" value="14.0.2"/>
    <property name="user.dir" value="C:\Users\Hp\Downloads\ICT_Auto_Asgnmnt\ICT_Auto_Asgnmnt"/>
    <property name="os.arch" value="amd64"/>
    <property name="java.vm.specification.name" value="Java Virtual Machine Specification"/>
    <property name="sun.os.patch.level" value=""/>
    <property name="java.library.path" value="C:\Users\Hp\.jdks\adopt-openjdk-14.0.2\bin;C:\WINDOWS\Sun\Java\bin;C:\WINDOWS\system32;C:\WINDOWS;C:\Program Files (x86)\Common Files\Oracle\Java\javapath;C:\Program Files\Common Files\Oracle\Java\javapath;C:\WINDOWS\system32;C:\WINDOWS;C:\WINDOWS\System32\Wbem;C:\WINDOWS\System32\WindowsPowerShell\v1.0\;C:\WINDOWS\System32\OpenSSH\;C:\Program Files\Java\jdk-15.0.2\bin;C:\Program Files\Java\jre1.8.0_281\bin;C:\Users\Hp\AppData\Local\Microsoft\WindowsApps;;."/>
    <property name="java.vm.info" value="mixed mode, sharing"/>
    <property name="java.vendor" value="AdoptOpenJDK"/>
    <property name="java.vm.version" value="14.0.2+12"/>
    <property name="sun.io.unicode.encoding" value="UnicodeLittle"/>
    <property name="java.class.version" value="58.0"/>
  </properties>
  <testcase name="openbrowser" classname="TestScript.LoginTestS" time="4.826">
    <failure message="unknown error: cannot find Chrome binary&#10;Build info: version: &apos;3.5.2&apos;, revision: &apos;10229a9&apos;, time: &apos;2017-08-21T17:29:55.15Z&apos;&#10;System info: host: &apos;DESKTOP-R89UIF8&apos;, ip: &apos;192.168.29.73&apos;, os.name: &apos;Windows 10&apos;, os.arch: &apos;amd64&apos;, os.version: &apos;10.0&apos;, java.version: &apos;14.0.2&apos;&#10;Driver info: driver.version: Driver&#10;remote stacktrace: Backtrace:&#10;	Ordinal0 [0x00CF87E3+2852835]&#10;	Ordinal0 [0x00BE5BB1+1727409]&#10;	Ordinal0 [0x00ABE4B9+517305]&#10;	Ordinal0 [0x00A4CA98+51864]&#10;	Ordinal0 [0x00A6D9F7+186871]&#10;	Ordinal0 [0x00A6D7FD+186365]&#10;	Ordinal0 [0x00A6B70B+177931]&#10;	Ordinal0 [0x00A52584+75140]&#10;	Ordinal0 [0x00A53650+79440]&#10;	Ordinal0 [0x00A535E9+79337]&#10;	Ordinal0 [0x00BFAD5C+1813852]&#10;	GetHandleVerifier [0x00E1C616+1075574]&#10;	GetHandleVerifier [0x00E1C367+1074887]&#10;	GetHandleVerifier [0x00E27497+1120247]&#10;	GetHandleVerifier [0x00E1CC16+1077110]&#10;	Ordinal0 [0x00BF3206+1782278]&#10;	Ordinal0 [0x00BFC3BB+1819579]&#10;	Ordinal0 [0x00BFC523+1819939]&#10;	Ordinal0 [0x00C12B45+1911621]&#10;	BaseThreadInitThunk [0x76CAFA29+25]&#10;	RtlGetAppContainerNamedObjectPath [0x77777A4E+286]&#10;	RtlGetAppContainerNamedObjectPath [0x77777A1E+238]&#10;" type="org.openqa.selenium.WebDriverException"><![CDATA[org.openqa.selenium.WebDriverException: 
unknown error: cannot find Chrome binary
Build info: version: '3.5.2', revision: '10229a9', time: '2017-08-21T17:29:55.15Z'
System info: host: 'DESKTOP-R89UIF8', ip: '192.168.29.73', os.name: 'Windows 10', os.arch: 'amd64', os.version: '10.0', java.version: '14.0.2'
Driver info: driver.version: Driver
remote stacktrace: Backtrace:
	Ordinal0 [0x00CF87E3+2852835]
	Ordinal0 [0x00BE5BB1+1727409]
	Ordinal0 [0x00ABE4B9+517305]
	Ordinal0 [0x00A4CA98+51864]
	Ordinal0 [0x00A6D9F7+186871]
	Ordinal0 [0x00A6D7FD+186365]
	Ordinal0 [0x00A6B70B+177931]
	Ordinal0 [0x00A52584+75140]
	Ordinal0 [0x00A53650+79440]
	Ordinal0 [0x00A535E9+79337]
	Ordinal0 [0x00BFAD5C+1813852]
	GetHandleVerifier [0x00E1C616+1075574]
	GetHandleVerifier [0x00E1C367+1074887]
	GetHandleVerifier [0x00E27497+1120247]
	GetHandleVerifier [0x00E1CC16+1077110]
	Ordinal0 [0x00BF3206+1782278]
	Ordinal0 [0x00BFC3BB+1819579]
	Ordinal0 [0x00BFC523+1819939]
	Ordinal0 [0x00C12B45+1911621]
	BaseThreadInitThunk [0x76CAFA29+25]
	RtlGetAppContainerNamedObjectPath [0x77777A4E+286]
	RtlGetAppContainerNamedObjectPath [0x77777A1E+238]

]]></failure>
    <system-out><![CDATA[[TestNGContentHandler] [WARN] It is strongly recommended to add "<!DOCTYPE suite SYSTEM "https://testng.org/testng-1.0.dtd" >" at the top of your file, otherwise TestNG may fail or not work as expected.
]]></system-out>
    <system-err><![CDATA[Starting ChromeDriver 84.0.4147.30 (48b3e868b4cc0aa7e8149519690b6f6949e110a8-refs/branch-heads/4147@{#310}) on port 41949
Only local connections are allowed.
Please see https://chromedriver.chromium.org/security-considerations for suggestions on keeping ChromeDriver safe.
ChromeDriver was started successfully.
]]></system-err>
  </testcase>
  <testcase name="validateLogin[7559069588, Akash](1)" classname="TestScript.LoginTestS" time="0">
    <skipped message="unknown error: cannot find Chrome binary&#10;Build info: version: &apos;3.5.2&apos;, revision: &apos;10229a9&apos;, time: &apos;2017-08-21T17:29:55.15Z&apos;&#10;System info: host: &apos;DESKTOP-R89UIF8&apos;, ip: &apos;192.168.29.73&apos;, os.name: &apos;Windows 10&apos;, os.arch: &apos;amd64&apos;, os.version: &apos;10.0&apos;, java.version: &apos;14.0.2&apos;&#10;Driver info: driver.version: Driver&#10;remote stacktrace: Backtrace:&#10;	Ordinal0 [0x00CF87E3+2852835]&#10;	Ordinal0 [0x00BE5BB1+1727409]&#10;	Ordinal0 [0x00ABE4B9+517305]&#10;	Ordinal0 [0x00A4CA98+51864]&#10;	Ordinal0 [0x00A6D9F7+186871]&#10;	Ordinal0 [0x00A6D7FD+186365]&#10;	Ordinal0 [0x00A6B70B+177931]&#10;	Ordinal0 [0x00A52584+75140]&#10;	Ordinal0 [0x00A53650+79440]&#10;	Ordinal0 [0x00A535E9+79337]&#10;	Ordinal0 [0x00BFAD5C+1813852]&#10;	GetHandleVerifier [0x00E1C616+1075574]&#10;	GetHandleVerifier [0x00E1C367+1074887]&#10;	GetHandleVerifier [0x00E27497+1120247]&#10;	GetHandleVerifier [0x00E1CC16+1077110]&#10;	Ordinal0 [0x00BF3206+1782278]&#10;	Ordinal0 [0x00BFC3BB+1819579]&#10;	Ordinal0 [0x00BFC523+1819939]&#10;	Ordinal0 [0x00C12B45+1911621]&#10;	BaseThreadInitThunk [0x76CAFA29+25]&#10;	RtlGetAppContainerNamedObjectPath [0x77777A4E+286]&#10;	RtlGetAppContainerNamedObjectPath [0x77777A1E+238]&#10;"/>
  </testcase>
  <testcase name="Closebrowser" classname="TestScript.LoginTestS" time="0">
    <skipped/>
  </testcase>
  <testcase name="openbrowser" classname="TestScript.InvalidloginTest" time="0.586">
    <failure message="unknown error: cannot find Chrome binary&#10;Build info: version: &apos;3.5.2&apos;, revision: &apos;10229a9&apos;, time: &apos;2017-08-21T17:29:55.15Z&apos;&#10;System info: host: &apos;DESKTOP-R89UIF8&apos;, ip: &apos;192.168.29.73&apos;, os.name: &apos;Windows 10&apos;, os.arch: &apos;amd64&apos;, os.version: &apos;10.0&apos;, java.version: &apos;14.0.2&apos;&#10;Driver info: driver.version: Driver&#10;remote stacktrace: Backtrace:&#10;	Ordinal0 [0x00CF87E3+2852835]&#10;	Ordinal0 [0x00BE5BB1+1727409]&#10;	Ordinal0 [0x00ABE4B9+517305]&#10;	Ordinal0 [0x00A4CA98+51864]&#10;	Ordinal0 [0x00A6D9F7+186871]&#10;	Ordinal0 [0x00A6D7FD+186365]&#10;	Ordinal0 [0x00A6B70B+177931]&#10;	Ordinal0 [0x00A52584+75140]&#10;	Ordinal0 [0x00A53650+79440]&#10;	Ordinal0 [0x00A535E9+79337]&#10;	Ordinal0 [0x00BFAD5C+1813852]&#10;	GetHandleVerifier [0x00E1C616+1075574]&#10;	GetHandleVerifier [0x00E1C367+1074887]&#10;	GetHandleVerifier [0x00E27497+1120247]&#10;	GetHandleVerifier [0x00E1CC16+1077110]&#10;	Ordinal0 [0x00BF3206+1782278]&#10;	Ordinal0 [0x00BFC3BB+1819579]&#10;	Ordinal0 [0x00BFC523+1819939]&#10;	Ordinal0 [0x00C12B45+1911621]&#10;	BaseThreadInitThunk [0x76CAFA29+25]&#10;	RtlGetAppContainerNamedObjectPath [0x77777A4E+286]&#10;	RtlGetAppContainerNamedObjectPath [0x77777A1E+238]&#10;" type="org.openqa.selenium.WebDriverException"><![CDATA[org.openqa.selenium.WebDriverException: 
unknown error: cannot find Chrome binary
Build info: version: '3.5.2', revision: '10229a9', time: '2017-08-21T17:29:55.15Z'
System info: host: 'DESKTOP-R89UIF8', ip: '192.168.29.73', os.name: 'Windows 10', os.arch: 'amd64', os.version: '10.0', java.version: '14.0.2'
Driver info: driver.version: Driver
remote stacktrace: Backtrace:
	Ordinal0 [0x00CF87E3+2852835]
	Ordinal0 [0x00BE5BB1+1727409]
	Ordinal0 [0x00ABE4B9+517305]
	Ordinal0 [0x00A4CA98+51864]
	Ordinal0 [0x00A6D9F7+186871]
	Ordinal0 [0x00A6D7FD+186365]
	Ordinal0 [0x00A6B70B+177931]
	Ordinal0 [0x00A52584+75140]
	Ordinal0 [0x00A53650+79440]
	Ordinal0 [0x00A535E9+79337]
	Ordinal0 [0x00BFAD5C+1813852]
	GetHandleVerifier [0x00E1C616+1075574]
	GetHandleVerifier [0x00E1C367+1074887]
	GetHandleVerifier [0x00E27497+1120247]
	GetHandleVerifier [0x00E1CC16+1077110]
	Ordinal0 [0x00BF3206+1782278]
	Ordinal0 [0x00BFC3BB+1819579]
	Ordinal0 [0x00BFC523+1819939]
	Ordinal0 [0x00C12B45+1911621]
	BaseThreadInitThunk [0x76CAFA29+25]
	RtlGetAppContainerNamedObjectPath [0x77777A4E+286]
	RtlGetAppContainerNamedObjectPath [0x77777A1E+238]

]]></failure>
    <system-err><![CDATA[Starting ChromeDriver 84.0.4147.30 (48b3e868b4cc0aa7e8149519690b6f6949e110a8-refs/branch-heads/4147@{#310}) on port 28461
Only local connections are allowed.
Please see https://chromedriver.chromium.org/security-considerations for suggestions on keeping ChromeDriver safe.
ChromeDriver was started successfully.
]]></system-err>
  </testcase>
  <testcase name="invalidlogin[996193041185](1)" classname="TestScript.InvalidloginTest" time="0">
    <skipped message="unknown error: cannot find Chrome binary&#10;Build info: version: &apos;3.5.2&apos;, revision: &apos;10229a9&apos;, time: &apos;2017-08-21T17:29:55.15Z&apos;&#10;System info: host: &apos;DESKTOP-R89UIF8&apos;, ip: &apos;192.168.29.73&apos;, os.name: &apos;Windows 10&apos;, os.arch: &apos;amd64&apos;, os.version: &apos;10.0&apos;, java.version: &apos;14.0.2&apos;&#10;Driver info: driver.version: Driver&#10;remote stacktrace: Backtrace:&#10;	Ordinal0 [0x00CF87E3+2852835]&#10;	Ordinal0 [0x00BE5BB1+1727409]&#10;	Ordinal0 [0x00ABE4B9+517305]&#10;	Ordinal0 [0x00A4CA98+51864]&#10;	Ordinal0 [0x00A6D9F7+186871]&#10;	Ordinal0 [0x00A6D7FD+186365]&#10;	Ordinal0 [0x00A6B70B+177931]&#10;	Ordinal0 [0x00A52584+75140]&#10;	Ordinal0 [0x00A53650+79440]&#10;	Ordinal0 [0x00A535E9+79337]&#10;	Ordinal0 [0x00BFAD5C+1813852]&#10;	GetHandleVerifier [0x00E1C616+1075574]&#10;	GetHandleVerifier [0x00E1C367+1074887]&#10;	GetHandleVerifier [0x00E27497+1120247]&#10;	GetHandleVerifier [0x00E1CC16+1077110]&#10;	Ordinal0 [0x00BF3206+1782278]&#10;	Ordinal0 [0x00BFC3BB+1819579]&#10;	Ordinal0 [0x00BFC523+1819939]&#10;	Ordinal0 [0x00C12B45+1911621]&#10;	BaseThreadInitThunk [0x76CAFA29+25]&#10;	RtlGetAppContainerNamedObjectPath [0x77777A4E+286]&#10;	RtlGetAppContainerNamedObjectPath [0x77777A1E+238]&#10;"/>
  </testcase>
  <testcase name="Closebrowser" classname="TestScript.InvalidloginTest" time="0">
    <skipped/>
  </testcase>
  <testcase name="openbrowser" classname="TestScript.SearchTestScript" time="0.606">
    <failure message="unknown error: cannot find Chrome binary&#10;Build info: version: &apos;3.5.2&apos;, revision: &apos;10229a9&apos;, time: &apos;2017-08-21T17:29:55.15Z&apos;&#10;System info: host: &apos;DESKTOP-R89UIF8&apos;, ip: &apos;192.168.29.73&apos;, os.name: &apos;Windows 10&apos;, os.arch: &apos;amd64&apos;, os.version: &apos;10.0&apos;, java.version: &apos;14.0.2&apos;&#10;Driver info: driver.version: Driver&#10;remote stacktrace: Backtrace:&#10;	Ordinal0 [0x00CF87E3+2852835]&#10;	Ordinal0 [0x00BE5BB1+1727409]&#10;	Ordinal0 [0x00ABE4B9+517305]&#10;	Ordinal0 [0x00A4CA98+51864]&#10;	Ordinal0 [0x00A6D9F7+186871]&#10;	Ordinal0 [0x00A6D7FD+186365]&#10;	Ordinal0 [0x00A6B70B+177931]&#10;	Ordinal0 [0x00A52584+75140]&#10;	Ordinal0 [0x00A53650+79440]&#10;	Ordinal0 [0x00A535E9+79337]&#10;	Ordinal0 [0x00BFAD5C+1813852]&#10;	GetHandleVerifier [0x00E1C616+1075574]&#10;	GetHandleVerifier [0x00E1C367+1074887]&#10;	GetHandleVerifier [0x00E27497+1120247]&#10;	GetHandleVerifier [0x00E1CC16+1077110]&#10;	Ordinal0 [0x00BF3206+1782278]&#10;	Ordinal0 [0x00BFC3BB+1819579]&#10;	Ordinal0 [0x00BFC523+1819939]&#10;	Ordinal0 [0x00C12B45+1911621]&#10;	BaseThreadInitThunk [0x76CAFA29+25]&#10;	RtlGetAppContainerNamedObjectPath [0x77777A4E+286]&#10;	RtlGetAppContainerNamedObjectPath [0x77777A1E+238]&#10;" type="org.openqa.selenium.WebDriverException"><![CDATA[org.openqa.selenium.WebDriverException: 
unknown error: cannot find Chrome binary
Build info: version: '3.5.2', revision: '10229a9', time: '2017-08-21T17:29:55.15Z'
System info: host: 'DESKTOP-R89UIF8', ip: '192.168.29.73', os.name: 'Windows 10', os.arch: 'amd64', os.version: '10.0', java.version: '14.0.2'
Driver info: driver.version: Driver
remote stacktrace: Backtrace:
	Ordinal0 [0x00CF87E3+2852835]
	Ordinal0 [0x00BE5BB1+1727409]
	Ordinal0 [0x00ABE4B9+517305]
	Ordinal0 [0x00A4CA98+51864]
	Ordinal0 [0x00A6D9F7+186871]
	Ordinal0 [0x00A6D7FD+186365]
	Ordinal0 [0x00A6B70B+177931]
	Ordinal0 [0x00A52584+75140]
	Ordinal0 [0x00A53650+79440]
	Ordinal0 [0x00A535E9+79337]
	Ordinal0 [0x00BFAD5C+1813852]
	GetHandleVerifier [0x00E1C616+1075574]
	GetHandleVerifier [0x00E1C367+1074887]
	GetHandleVerifier [0x00E27497+1120247]
	GetHandleVerifier [0x00E1CC16+1077110]
	Ordinal0 [0x00BF3206+1782278]
	Ordinal0 [0x00BFC3BB+1819579]
	Ordinal0 [0x00BFC523+1819939]
	Ordinal0 [0x00C12B45+1911621]
	BaseThreadInitThunk [0x76CAFA29+25]
	RtlGetAppContainerNamedObjectPath [0x77777A4E+286]
	RtlGetAppContainerNamedObjectPath [0x77777A1E+238]

]]></failure>
    <system-err><![CDATA[Starting ChromeDriver 84.0.4147.30 (48b3e868b4cc0aa7e8149519690b6f6949e110a8-refs/branch-heads/4147@{#310}) on port 15833
Only local connections are allowed.
Please see https://chromedriver.chromium.org/security-considerations for suggestions on keeping ChromeDriver safe.
ChromeDriver was started successfully.
]]></system-err>
  </testcase>
  <testcase name="validatsrch[iphone 12](1)" classname="TestScript.SearchTestScript" time="0">
    <skipped message="unknown error: cannot find Chrome binary&#10;Build info: version: &apos;3.5.2&apos;, revision: &apos;10229a9&apos;, time: &apos;2017-08-21T17:29:55.15Z&apos;&#10;System info: host: &apos;DESKTOP-R89UIF8&apos;, ip: &apos;192.168.29.73&apos;, os.name: &apos;Windows 10&apos;, os.arch: &apos;amd64&apos;, os.version: &apos;10.0&apos;, java.version: &apos;14.0.2&apos;&#10;Driver info: driver.version: Driver&#10;remote stacktrace: Backtrace:&#10;	Ordinal0 [0x00CF87E3+2852835]&#10;	Ordinal0 [0x00BE5BB1+1727409]&#10;	Ordinal0 [0x00ABE4B9+517305]&#10;	Ordinal0 [0x00A4CA98+51864]&#10;	Ordinal0 [0x00A6D9F7+186871]&#10;	Ordinal0 [0x00A6D7FD+186365]&#10;	Ordinal0 [0x00A6B70B+177931]&#10;	Ordinal0 [0x00A52584+75140]&#10;	Ordinal0 [0x00A53650+79440]&#10;	Ordinal0 [0x00A535E9+79337]&#10;	Ordinal0 [0x00BFAD5C+1813852]&#10;	GetHandleVerifier [0x00E1C616+1075574]&#10;	GetHandleVerifier [0x00E1C367+1074887]&#10;	GetHandleVerifier [0x00E27497+1120247]&#10;	GetHandleVerifier [0x00E1CC16+1077110]&#10;	Ordinal0 [0x00BF3206+1782278]&#10;	Ordinal0 [0x00BFC3BB+1819579]&#10;	Ordinal0 [0x00BFC523+1819939]&#10;	Ordinal0 [0x00C12B45+1911621]&#10;	BaseThreadInitThunk [0x76CAFA29+25]&#10;	RtlGetAppContainerNamedObjectPath [0x77777A4E+286]&#10;	RtlGetAppContainerNamedObjectPath [0x77777A1E+238]&#10;"/>
  </testcase>
  <testcase name="Closebrowser" classname="TestScript.SearchTestScript" time="0">
    <skipped/>
  </testcase>
  <testcase name="openbrowser" classname="TestScript.ProductDetailsTest" time="0.611">
    <failure message="unknown error: cannot find Chrome binary&#10;Build info: version: &apos;3.5.2&apos;, revision: &apos;10229a9&apos;, time: &apos;2017-08-21T17:29:55.15Z&apos;&#10;System info: host: &apos;DESKTOP-R89UIF8&apos;, ip: &apos;192.168.29.73&apos;, os.name: &apos;Windows 10&apos;, os.arch: &apos;amd64&apos;, os.version: &apos;10.0&apos;, java.version: &apos;14.0.2&apos;&#10;Driver info: driver.version: Driver&#10;remote stacktrace: Backtrace:&#10;	Ordinal0 [0x00CF87E3+2852835]&#10;	Ordinal0 [0x00BE5BB1+1727409]&#10;	Ordinal0 [0x00ABE4B9+517305]&#10;	Ordinal0 [0x00A4CA98+51864]&#10;	Ordinal0 [0x00A6D9F7+186871]&#10;	Ordinal0 [0x00A6D7FD+186365]&#10;	Ordinal0 [0x00A6B70B+177931]&#10;	Ordinal0 [0x00A52584+75140]&#10;	Ordinal0 [0x00A53650+79440]&#10;	Ordinal0 [0x00A535E9+79337]&#10;	Ordinal0 [0x00BFAD5C+1813852]&#10;	GetHandleVerifier [0x00E1C616+1075574]&#10;	GetHandleVerifier [0x00E1C367+1074887]&#10;	GetHandleVerifier [0x00E27497+1120247]&#10;	GetHandleVerifier [0x00E1CC16+1077110]&#10;	Ordinal0 [0x00BF3206+1782278]&#10;	Ordinal0 [0x00BFC3BB+1819579]&#10;	Ordinal0 [0x00BFC523+1819939]&#10;	Ordinal0 [0x00C12B45+1911621]&#10;	BaseThreadInitThunk [0x76CAFA29+25]&#10;	RtlGetAppContainerNamedObjectPath [0x77777A4E+286]&#10;	RtlGetAppContainerNamedObjectPath [0x77777A1E+238]&#10;" type="org.openqa.selenium.WebDriverException"><![CDATA[org.openqa.selenium.WebDriverException: 
unknown error: cannot find Chrome binary
Build info: version: '3.5.2', revision: '10229a9', time: '2017-08-21T17:29:55.15Z'
System info: host: 'DESKTOP-R89UIF8', ip: '192.168.29.73', os.name: 'Windows 10', os.arch: 'amd64', os.version: '10.0', java.version: '14.0.2'
Driver info: driver.version: Driver
remote stacktrace: Backtrace:
	Ordinal0 [0x00CF87E3+2852835]
	Ordinal0 [0x00BE5BB1+1727409]
	Ordinal0 [0x00ABE4B9+517305]
	Ordinal0 [0x00A4CA98+51864]
	Ordinal0 [0x00A6D9F7+186871]
	Ordinal0 [0x00A6D7FD+186365]
	Ordinal0 [0x00A6B70B+177931]
	Ordinal0 [0x00A52584+75140]
	Ordinal0 [0x00A53650+79440]
	Ordinal0 [0x00A535E9+79337]
	Ordinal0 [0x00BFAD5C+1813852]
	GetHandleVerifier [0x00E1C616+1075574]
	GetHandleVerifier [0x00E1C367+1074887]
	GetHandleVerifier [0x00E27497+1120247]
	GetHandleVerifier [0x00E1CC16+1077110]
	Ordinal0 [0x00BF3206+1782278]
	Ordinal0 [0x00BFC3BB+1819579]
	Ordinal0 [0x00BFC523+1819939]
	Ordinal0 [0x00C12B45+1911621]
	BaseThreadInitThunk [0x76CAFA29+25]
	RtlGetAppContainerNamedObjectPath [0x77777A4E+286]
	RtlGetAppContainerNamedObjectPath [0x77777A1E+238]

]]></failure>
    <system-err><![CDATA[Starting ChromeDriver 84.0.4147.30 (48b3e868b4cc0aa7e8149519690b6f6949e110a8-refs/branch-heads/4147@{#310}) on port 34313
Only local connections are allowed.
Please see https://chromedriver.chromium.org/security-considerations for suggestions on keeping ChromeDriver safe.
ChromeDriver was started successfully.
]]></system-err>
  </testcase>
  <testcase name="prdtvalidatsrch[iphone 12](1)" classname="TestScript.ProductDetailsTest" time="0">
    <skipped message="unknown error: cannot find Chrome binary&#10;Build info: version: &apos;3.5.2&apos;, revision: &apos;10229a9&apos;, time: &apos;2017-08-21T17:29:55.15Z&apos;&#10;System info: host: &apos;DESKTOP-R89UIF8&apos;, ip: &apos;192.168.29.73&apos;, os.name: &apos;Windows 10&apos;, os.arch: &apos;amd64&apos;, os.version: &apos;10.0&apos;, java.version: &apos;14.0.2&apos;&#10;Driver info: driver.version: Driver&#10;remote stacktrace: Backtrace:&#10;	Ordinal0 [0x00CF87E3+2852835]&#10;	Ordinal0 [0x00BE5BB1+1727409]&#10;	Ordinal0 [0x00ABE4B9+517305]&#10;	Ordinal0 [0x00A4CA98+51864]&#10;	Ordinal0 [0x00A6D9F7+186871]&#10;	Ordinal0 [0x00A6D7FD+186365]&#10;	Ordinal0 [0x00A6B70B+177931]&#10;	Ordinal0 [0x00A52584+75140]&#10;	Ordinal0 [0x00A53650+79440]&#10;	Ordinal0 [0x00A535E9+79337]&#10;	Ordinal0 [0x00BFAD5C+1813852]&#10;	GetHandleVerifier [0x00E1C616+1075574]&#10;	GetHandleVerifier [0x00E1C367+1074887]&#10;	GetHandleVerifier [0x00E27497+1120247]&#10;	GetHandleVerifier [0x00E1CC16+1077110]&#10;	Ordinal0 [0x00BF3206+1782278]&#10;	Ordinal0 [0x00BFC3BB+1819579]&#10;	Ordinal0 [0x00BFC523+1819939]&#10;	Ordinal0 [0x00C12B45+1911621]&#10;	BaseThreadInitThunk [0x76CAFA29+25]&#10;	RtlGetAppContainerNamedObjectPath [0x77777A4E+286]&#10;	RtlGetAppContainerNamedObjectPath [0x77777A1E+238]&#10;"/>
  </testcase>
  <testcase name="Closebrowser" classname="TestScript.ProductDetailsTest" time="0">
    <skipped/>
  </testcase>
  <testcase name="openbrowser" classname="TestScript.RemoveFromCartTestScript" time="0.606">
    <failure message="unknown error: cannot find Chrome binary&#10;Build info: version: &apos;3.5.2&apos;, revision: &apos;10229a9&apos;, time: &apos;2017-08-21T17:29:55.15Z&apos;&#10;System info: host: &apos;DESKTOP-R89UIF8&apos;, ip: &apos;192.168.29.73&apos;, os.name: &apos;Windows 10&apos;, os.arch: &apos;amd64&apos;, os.version: &apos;10.0&apos;, java.version: &apos;14.0.2&apos;&#10;Driver info: driver.version: Driver&#10;remote stacktrace: Backtrace:&#10;	Ordinal0 [0x00CF87E3+2852835]&#10;	Ordinal0 [0x00BE5BB1+1727409]&#10;	Ordinal0 [0x00ABE4B9+517305]&#10;	Ordinal0 [0x00A4CA98+51864]&#10;	Ordinal0 [0x00A6D9F7+186871]&#10;	Ordinal0 [0x00A6D7FD+186365]&#10;	Ordinal0 [0x00A6B70B+177931]&#10;	Ordinal0 [0x00A52584+75140]&#10;	Ordinal0 [0x00A53650+79440]&#10;	Ordinal0 [0x00A535E9+79337]&#10;	Ordinal0 [0x00BFAD5C+1813852]&#10;	GetHandleVerifier [0x00E1C616+1075574]&#10;	GetHandleVerifier [0x00E1C367+1074887]&#10;	GetHandleVerifier [0x00E27497+1120247]&#10;	GetHandleVerifier [0x00E1CC16+1077110]&#10;	Ordinal0 [0x00BF3206+1782278]&#10;	Ordinal0 [0x00BFC3BB+1819579]&#10;	Ordinal0 [0x00BFC523+1819939]&#10;	Ordinal0 [0x00C12B45+1911621]&#10;	BaseThreadInitThunk [0x76CAFA29+25]&#10;	RtlGetAppContainerNamedObjectPath [0x77777A4E+286]&#10;	RtlGetAppContainerNamedObjectPath [0x77777A1E+238]&#10;" type="org.openqa.selenium.WebDriverException"><![CDATA[org.openqa.selenium.WebDriverException: 
unknown error: cannot find Chrome binary
Build info: version: '3.5.2', revision: '10229a9', time: '2017-08-21T17:29:55.15Z'
System info: host: 'DESKTOP-R89UIF8', ip: '192.168.29.73', os.name: 'Windows 10', os.arch: 'amd64', os.version: '10.0', java.version: '14.0.2'
Driver info: driver.version: Driver
remote stacktrace: Backtrace:
	Ordinal0 [0x00CF87E3+2852835]
	Ordinal0 [0x00BE5BB1+1727409]
	Ordinal0 [0x00ABE4B9+517305]
	Ordinal0 [0x00A4CA98+51864]
	Ordinal0 [0x00A6D9F7+186871]
	Ordinal0 [0x00A6D7FD+186365]
	Ordinal0 [0x00A6B70B+177931]
	Ordinal0 [0x00A52584+75140]
	Ordinal0 [0x00A53650+79440]
	Ordinal0 [0x00A535E9+79337]
	Ordinal0 [0x00BFAD5C+1813852]
	GetHandleVerifier [0x00E1C616+1075574]
	GetHandleVerifier [0x00E1C367+1074887]
	GetHandleVerifier [0x00E27497+1120247]
	GetHandleVerifier [0x00E1CC16+1077110]
	Ordinal0 [0x00BF3206+1782278]
	Ordinal0 [0x00BFC3BB+1819579]
	Ordinal0 [0x00BFC523+1819939]
	Ordinal0 [0x00C12B45+1911621]
	BaseThreadInitThunk [0x76CAFA29+25]
	RtlGetAppContainerNamedObjectPath [0x77777A4E+286]
	RtlGetAppContainerNamedObjectPath [0x77777A1E+238]

]]></failure>
    <system-err><![CDATA[Starting ChromeDriver 84.0.4147.30 (48b3e868b4cc0aa7e8149519690b6f6949e110a8-refs/branch-heads/4147@{#310}) on port 19942
Only local connections are allowed.
Please see https://chromedriver.chromium.org/security-considerations for suggestions on keeping ChromeDriver safe.
ChromeDriver was started successfully.
]]></system-err>
  </testcase>
  <testcase name="removeFROMcart[iphone 12](1)" classname="TestScript.RemoveFromCartTestScript" time="0">
    <skipped message="unknown error: cannot find Chrome binary&#10;Build info: version: &apos;3.5.2&apos;, revision: &apos;10229a9&apos;, time: &apos;2017-08-21T17:29:55.15Z&apos;&#10;System info: host: &apos;DESKTOP-R89UIF8&apos;, ip: &apos;192.168.29.73&apos;, os.name: &apos;Windows 10&apos;, os.arch: &apos;amd64&apos;, os.version: &apos;10.0&apos;, java.version: &apos;14.0.2&apos;&#10;Driver info: driver.version: Driver&#10;remote stacktrace: Backtrace:&#10;	Ordinal0 [0x00CF87E3+2852835]&#10;	Ordinal0 [0x00BE5BB1+1727409]&#10;	Ordinal0 [0x00ABE4B9+517305]&#10;	Ordinal0 [0x00A4CA98+51864]&#10;	Ordinal0 [0x00A6D9F7+186871]&#10;	Ordinal0 [0x00A6D7FD+186365]&#10;	Ordinal0 [0x00A6B70B+177931]&#10;	Ordinal0 [0x00A52584+75140]&#10;	Ordinal0 [0x00A53650+79440]&#10;	Ordinal0 [0x00A535E9+79337]&#10;	Ordinal0 [0x00BFAD5C+1813852]&#10;	GetHandleVerifier [0x00E1C616+1075574]&#10;	GetHandleVerifier [0x00E1C367+1074887]&#10;	GetHandleVerifier [0x00E27497+1120247]&#10;	GetHandleVerifier [0x00E1CC16+1077110]&#10;	Ordinal0 [0x00BF3206+1782278]&#10;	Ordinal0 [0x00BFC3BB+1819579]&#10;	Ordinal0 [0x00BFC523+1819939]&#10;	Ordinal0 [0x00C12B45+1911621]&#10;	BaseThreadInitThunk [0x76CAFA29+25]&#10;	RtlGetAppContainerNamedObjectPath [0x77777A4E+286]&#10;	RtlGetAppContainerNamedObjectPath [0x77777A1E+238]&#10;"/>
  </testcase>
  <testcase name="Closebrowser" classname="TestScript.RemoveFromCartTestScript" time="0">
    <skipped/>
  </testcase>
  <testcase name="openbrowser" classname="TestScript.ValidPincodeTestScript" time="0.558">
    <failure message="unknown error: cannot find Chrome binary&#10;Build info: version: &apos;3.5.2&apos;, revision: &apos;10229a9&apos;, time: &apos;2017-08-21T17:29:55.15Z&apos;&#10;System info: host: &apos;DESKTOP-R89UIF8&apos;, ip: &apos;192.168.29.73&apos;, os.name: &apos;Windows 10&apos;, os.arch: &apos;amd64&apos;, os.version: &apos;10.0&apos;, java.version: &apos;14.0.2&apos;&#10;Driver info: driver.version: Driver&#10;remote stacktrace: Backtrace:&#10;	Ordinal0 [0x00CF87E3+2852835]&#10;	Ordinal0 [0x00BE5BB1+1727409]&#10;	Ordinal0 [0x00ABE4B9+517305]&#10;	Ordinal0 [0x00A4CA98+51864]&#10;	Ordinal0 [0x00A6D9F7+186871]&#10;	Ordinal0 [0x00A6D7FD+186365]&#10;	Ordinal0 [0x00A6B70B+177931]&#10;	Ordinal0 [0x00A52584+75140]&#10;	Ordinal0 [0x00A53650+79440]&#10;	Ordinal0 [0x00A535E9+79337]&#10;	Ordinal0 [0x00BFAD5C+1813852]&#10;	GetHandleVerifier [0x00E1C616+1075574]&#10;	GetHandleVerifier [0x00E1C367+1074887]&#10;	GetHandleVerifier [0x00E27497+1120247]&#10;	GetHandleVerifier [0x00E1CC16+1077110]&#10;	Ordinal0 [0x00BF3206+1782278]&#10;	Ordinal0 [0x00BFC3BB+1819579]&#10;	Ordinal0 [0x00BFC523+1819939]&#10;	Ordinal0 [0x00C12B45+1911621]&#10;	BaseThreadInitThunk [0x76CAFA29+25]&#10;	RtlGetAppContainerNamedObjectPath [0x77777A4E+286]&#10;	RtlGetAppContainerNamedObjectPath [0x77777A1E+238]&#10;" type="org.openqa.selenium.WebDriverException"><![CDATA[org.openqa.selenium.WebDriverException: 
unknown error: cannot find Chrome binary
Build info: version: '3.5.2', revision: '10229a9', time: '2017-08-21T17:29:55.15Z'
System info: host: 'DESKTOP-R89UIF8', ip: '192.168.29.73', os.name: 'Windows 10', os.arch: 'amd64', os.version: '10.0', java.version: '14.0.2'
Driver info: driver.version: Driver
remote stacktrace: Backtrace:
	Ordinal0 [0x00CF87E3+2852835]
	Ordinal0 [0x00BE5BB1+1727409]
	Ordinal0 [0x00ABE4B9+517305]
	Ordinal0 [0x00A4CA98+51864]
	Ordinal0 [0x00A6D9F7+186871]
	Ordinal0 [0x00A6D7FD+186365]
	Ordinal0 [0x00A6B70B+177931]
	Ordinal0 [0x00A52584+75140]
	Ordinal0 [0x00A53650+79440]
	Ordinal0 [0x00A535E9+79337]
	Ordinal0 [0x00BFAD5C+1813852]
	GetHandleVerifier [0x00E1C616+1075574]
	GetHandleVerifier [0x00E1C367+1074887]
	GetHandleVerifier [0x00E27497+1120247]
	GetHandleVerifier [0x00E1CC16+1077110]
	Ordinal0 [0x00BF3206+1782278]
	Ordinal0 [0x00BFC3BB+1819579]
	Ordinal0 [0x00BFC523+1819939]
	Ordinal0 [0x00C12B45+1911621]
	BaseThreadInitThunk [0x76CAFA29+25]
	RtlGetAppContainerNamedObjectPath [0x77777A4E+286]
	RtlGetAppContainerNamedObjectPath [0x77777A1E+238]

]]></failure>
    <system-err><![CDATA[Starting ChromeDriver 84.0.4147.30 (48b3e868b4cc0aa7e8149519690b6f6949e110a8-refs/branch-heads/4147@{#310}) on port 4778
Only local connections are allowed.
Please see https://chromedriver.chromium.org/security-considerations for suggestions on keeping ChromeDriver safe.
ChromeDriver was started successfully.
]]></system-err>
  </testcase>
  <testcase name="pincodevalidate[695011](1)" classname="TestScript.ValidPincodeTestScript" time="0">
    <skipped message="unknown error: cannot find Chrome binary&#10;Build info: version: &apos;3.5.2&apos;, revision: &apos;10229a9&apos;, time: &apos;2017-08-21T17:29:55.15Z&apos;&#10;System info: host: &apos;DESKTOP-R89UIF8&apos;, ip: &apos;192.168.29.73&apos;, os.name: &apos;Windows 10&apos;, os.arch: &apos;amd64&apos;, os.version: &apos;10.0&apos;, java.version: &apos;14.0.2&apos;&#10;Driver info: driver.version: Driver&#10;remote stacktrace: Backtrace:&#10;	Ordinal0 [0x00CF87E3+2852835]&#10;	Ordinal0 [0x00BE5BB1+1727409]&#10;	Ordinal0 [0x00ABE4B9+517305]&#10;	Ordinal0 [0x00A4CA98+51864]&#10;	Ordinal0 [0x00A6D9F7+186871]&#10;	Ordinal0 [0x00A6D7FD+186365]&#10;	Ordinal0 [0x00A6B70B+177931]&#10;	Ordinal0 [0x00A52584+75140]&#10;	Ordinal0 [0x00A53650+79440]&#10;	Ordinal0 [0x00A535E9+79337]&#10;	Ordinal0 [0x00BFAD5C+1813852]&#10;	GetHandleVerifier [0x00E1C616+1075574]&#10;	GetHandleVerifier [0x00E1C367+1074887]&#10;	GetHandleVerifier [0x00E27497+1120247]&#10;	GetHandleVerifier [0x00E1CC16+1077110]&#10;	Ordinal0 [0x00BF3206+1782278]&#10;	Ordinal0 [0x00BFC3BB+1819579]&#10;	Ordinal0 [0x00BFC523+1819939]&#10;	Ordinal0 [0x00C12B45+1911621]&#10;	BaseThreadInitThunk [0x76CAFA29+25]&#10;	RtlGetAppContainerNamedObjectPath [0x77777A4E+286]&#10;	RtlGetAppContainerNamedObjectPath [0x77777A1E+238]&#10;"/>
  </testcase>
  <testcase name="Closebrowser" classname="TestScript.ValidPincodeTestScript" time="0">
    <skipped/>
  </testcase>
  <testcase name="openbrowser" classname="TestScript.InvalidPincodeTestScript" time="0.583">
    <failure message="unknown error: cannot find Chrome binary&#10;Build info: version: &apos;3.5.2&apos;, revision: &apos;10229a9&apos;, time: &apos;2017-08-21T17:29:55.15Z&apos;&#10;System info: host: &apos;DESKTOP-R89UIF8&apos;, ip: &apos;192.168.29.73&apos;, os.name: &apos;Windows 10&apos;, os.arch: &apos;amd64&apos;, os.version: &apos;10.0&apos;, java.version: &apos;14.0.2&apos;&#10;Driver info: driver.version: Driver&#10;remote stacktrace: Backtrace:&#10;	Ordinal0 [0x00CF87E3+2852835]&#10;	Ordinal0 [0x00BE5BB1+1727409]&#10;	Ordinal0 [0x00ABE4B9+517305]&#10;	Ordinal0 [0x00A4CA98+51864]&#10;	Ordinal0 [0x00A6D9F7+186871]&#10;	Ordinal0 [0x00A6D7FD+186365]&#10;	Ordinal0 [0x00A6B70B+177931]&#10;	Ordinal0 [0x00A52584+75140]&#10;	Ordinal0 [0x00A53650+79440]&#10;	Ordinal0 [0x00A535E9+79337]&#10;	Ordinal0 [0x00BFAD5C+1813852]&#10;	GetHandleVerifier [0x00E1C616+1075574]&#10;	GetHandleVerifier [0x00E1C367+1074887]&#10;	GetHandleVerifier [0x00E27497+1120247]&#10;	GetHandleVerifier [0x00E1CC16+1077110]&#10;	Ordinal0 [0x00BF3206+1782278]&#10;	Ordinal0 [0x00BFC3BB+1819579]&#10;	Ordinal0 [0x00BFC523+1819939]&#10;	Ordinal0 [0x00C12B45+1911621]&#10;	BaseThreadInitThunk [0x76CAFA29+25]&#10;	RtlGetAppContainerNamedObjectPath [0x77777A4E+286]&#10;	RtlGetAppContainerNamedObjectPath [0x77777A1E+238]&#10;" type="org.openqa.selenium.WebDriverException"><![CDATA[org.openqa.selenium.WebDriverException: 
unknown error: cannot find Chrome binary
Build info: version: '3.5.2', revision: '10229a9', time: '2017-08-21T17:29:55.15Z'
System info: host: 'DESKTOP-R89UIF8', ip: '192.168.29.73', os.name: 'Windows 10', os.arch: 'amd64', os.version: '10.0', java.version: '14.0.2'
Driver info: driver.version: Driver
remote stacktrace: Backtrace:
	Ordinal0 [0x00CF87E3+2852835]
	Ordinal0 [0x00BE5BB1+1727409]
	Ordinal0 [0x00ABE4B9+517305]
	Ordinal0 [0x00A4CA98+51864]
	Ordinal0 [0x00A6D9F7+186871]
	Ordinal0 [0x00A6D7FD+186365]
	Ordinal0 [0x00A6B70B+177931]
	Ordinal0 [0x00A52584+75140]
	Ordinal0 [0x00A53650+79440]
	Ordinal0 [0x00A535E9+79337]
	Ordinal0 [0x00BFAD5C+1813852]
	GetHandleVerifier [0x00E1C616+1075574]
	GetHandleVerifier [0x00E1C367+1074887]
	GetHandleVerifier [0x00E27497+1120247]
	GetHandleVerifier [0x00E1CC16+1077110]
	Ordinal0 [0x00BF3206+1782278]
	Ordinal0 [0x00BFC3BB+1819579]
	Ordinal0 [0x00BFC523+1819939]
	Ordinal0 [0x00C12B45+1911621]
	BaseThreadInitThunk [0x76CAFA29+25]
	RtlGetAppContainerNamedObjectPath [0x77777A4E+286]
	RtlGetAppContainerNamedObjectPath [0x77777A1E+238]

]]></failure>
    <system-err><![CDATA[Starting ChromeDriver 84.0.4147.30 (48b3e868b4cc0aa7e8149519690b6f6949e110a8-refs/branch-heads/4147@{#310}) on port 22169
Only local connections are allowed.
Please see https://chromedriver.chromium.org/security-considerations for suggestions on keeping ChromeDriver safe.
ChromeDriver was started successfully.
]]></system-err>
  </testcase>
  <testcase name="InValidPincode[1234](1)" classname="TestScript.InvalidPincodeTestScript" time="0">
    <skipped message="unknown error: cannot find Chrome binary&#10;Build info: version: &apos;3.5.2&apos;, revision: &apos;10229a9&apos;, time: &apos;2017-08-21T17:29:55.15Z&apos;&#10;System info: host: &apos;DESKTOP-R89UIF8&apos;, ip: &apos;192.168.29.73&apos;, os.name: &apos;Windows 10&apos;, os.arch: &apos;amd64&apos;, os.version: &apos;10.0&apos;, java.version: &apos;14.0.2&apos;&#10;Driver info: driver.version: Driver&#10;remote stacktrace: Backtrace:&#10;	Ordinal0 [0x00CF87E3+2852835]&#10;	Ordinal0 [0x00BE5BB1+1727409]&#10;	Ordinal0 [0x00ABE4B9+517305]&#10;	Ordinal0 [0x00A4CA98+51864]&#10;	Ordinal0 [0x00A6D9F7+186871]&#10;	Ordinal0 [0x00A6D7FD+186365]&#10;	Ordinal0 [0x00A6B70B+177931]&#10;	Ordinal0 [0x00A52584+75140]&#10;	Ordinal0 [0x00A53650+79440]&#10;	Ordinal0 [0x00A535E9+79337]&#10;	Ordinal0 [0x00BFAD5C+1813852]&#10;	GetHandleVerifier [0x00E1C616+1075574]&#10;	GetHandleVerifier [0x00E1C367+1074887]&#10;	GetHandleVerifier [0x00E27497+1120247]&#10;	GetHandleVerifier [0x00E1CC16+1077110]&#10;	Ordinal0 [0x00BF3206+1782278]&#10;	Ordinal0 [0x00BFC3BB+1819579]&#10;	Ordinal0 [0x00BFC523+1819939]&#10;	Ordinal0 [0x00C12B45+1911621]&#10;	BaseThreadInitThunk [0x76CAFA29+25]&#10;	RtlGetAppContainerNamedObjectPath [0x77777A4E+286]&#10;	RtlGetAppContainerNamedObjectPath [0x77777A1E+238]&#10;"/>
  </testcase>
  <testcase name="Closebrowser" classname="TestScript.InvalidPincodeTestScript" time="0">
    <skipped/>
  </testcase>
  <testcase name="openbrowser" classname="TestScript.SortPriceHightoLowTestScript" time="0.627">
    <failure message="unknown error: cannot find Chrome binary&#10;Build info: version: &apos;3.5.2&apos;, revision: &apos;10229a9&apos;, time: &apos;2017-08-21T17:29:55.15Z&apos;&#10;System info: host: &apos;DESKTOP-R89UIF8&apos;, ip: &apos;192.168.29.73&apos;, os.name: &apos;Windows 10&apos;, os.arch: &apos;amd64&apos;, os.version: &apos;10.0&apos;, java.version: &apos;14.0.2&apos;&#10;Driver info: driver.version: Driver&#10;remote stacktrace: Backtrace:&#10;	Ordinal0 [0x00CF87E3+2852835]&#10;	Ordinal0 [0x00BE5BB1+1727409]&#10;	Ordinal0 [0x00ABE4B9+517305]&#10;	Ordinal0 [0x00A4CA98+51864]&#10;	Ordinal0 [0x00A6D9F7+186871]&#10;	Ordinal0 [0x00A6D7FD+186365]&#10;	Ordinal0 [0x00A6B70B+177931]&#10;	Ordinal0 [0x00A52584+75140]&#10;	Ordinal0 [0x00A53650+79440]&#10;	Ordinal0 [0x00A535E9+79337]&#10;	Ordinal0 [0x00BFAD5C+1813852]&#10;	GetHandleVerifier [0x00E1C616+1075574]&#10;	GetHandleVerifier [0x00E1C367+1074887]&#10;	GetHandleVerifier [0x00E27497+1120247]&#10;	GetHandleVerifier [0x00E1CC16+1077110]&#10;	Ordinal0 [0x00BF3206+1782278]&#10;	Ordinal0 [0x00BFC3BB+1819579]&#10;	Ordinal0 [0x00BFC523+1819939]&#10;	Ordinal0 [0x00C12B45+1911621]&#10;	BaseThreadInitThunk [0x76CAFA29+25]&#10;	RtlGetAppContainerNamedObjectPath [0x77777A4E+286]&#10;	RtlGetAppContainerNamedObjectPath [0x77777A1E+238]&#10;" type="org.openqa.selenium.WebDriverException"><![CDATA[org.openqa.selenium.WebDriverException: 
unknown error: cannot find Chrome binary
Build info: version: '3.5.2', revision: '10229a9', time: '2017-08-21T17:29:55.15Z'
System info: host: 'DESKTOP-R89UIF8', ip: '192.168.29.73', os.name: 'Windows 10', os.arch: 'amd64', os.version: '10.0', java.version: '14.0.2'
Driver info: driver.version: Driver
remote stacktrace: Backtrace:
	Ordinal0 [0x00CF87E3+2852835]
	Ordinal0 [0x00BE5BB1+1727409]
	Ordinal0 [0x00ABE4B9+517305]
	Ordinal0 [0x00A4CA98+51864]
	Ordinal0 [0x00A6D9F7+186871]
	Ordinal0 [0x00A6D7FD+186365]
	Ordinal0 [0x00A6B70B+177931]
	Ordinal0 [0x00A52584+75140]
	Ordinal0 [0x00A53650+79440]
	Ordinal0 [0x00A535E9+79337]
	Ordinal0 [0x00BFAD5C+1813852]
	GetHandleVerifier [0x00E1C616+1075574]
	GetHandleVerifier [0x00E1C367+1074887]
	GetHandleVerifier [0x00E27497+1120247]
	GetHandleVerifier [0x00E1CC16+1077110]
	Ordinal0 [0x00BF3206+1782278]
	Ordinal0 [0x00BFC3BB+1819579]
	Ordinal0 [0x00BFC523+1819939]
	Ordinal0 [0x00C12B45+1911621]
	BaseThreadInitThunk [0x76CAFA29+25]
	RtlGetAppContainerNamedObjectPath [0x77777A4E+286]
	RtlGetAppContainerNamedObjectPath [0x77777A1E+238]

]]></failure>
    <system-err><![CDATA[Starting ChromeDriver 84.0.4147.30 (48b3e868b4cc0aa7e8149519690b6f6949e110a8-refs/branch-heads/4147@{#310}) on port 10566
Only local connections are allowed.
Please see https://chromedriver.chromium.org/security-considerations for suggestions on keeping ChromeDriver safe.
ChromeDriver was started successfully.
]]></system-err>
  </testcase>
  <testcase name="Sort[iphone 12](1)" classname="TestScript.SortPriceHightoLowTestScript" time="0">
    <skipped message="unknown error: cannot find Chrome binary&#10;Build info: version: &apos;3.5.2&apos;, revision: &apos;10229a9&apos;, time: &apos;2017-08-21T17:29:55.15Z&apos;&#10;System info: host: &apos;DESKTOP-R89UIF8&apos;, ip: &apos;192.168.29.73&apos;, os.name: &apos;Windows 10&apos;, os.arch: &apos;amd64&apos;, os.version: &apos;10.0&apos;, java.version: &apos;14.0.2&apos;&#10;Driver info: driver.version: Driver&#10;remote stacktrace: Backtrace:&#10;	Ordinal0 [0x00CF87E3+2852835]&#10;	Ordinal0 [0x00BE5BB1+1727409]&#10;	Ordinal0 [0x00ABE4B9+517305]&#10;	Ordinal0 [0x00A4CA98+51864]&#10;	Ordinal0 [0x00A6D9F7+186871]&#10;	Ordinal0 [0x00A6D7FD+186365]&#10;	Ordinal0 [0x00A6B70B+177931]&#10;	Ordinal0 [0x00A52584+75140]&#10;	Ordinal0 [0x00A53650+79440]&#10;	Ordinal0 [0x00A535E9+79337]&#10;	Ordinal0 [0x00BFAD5C+1813852]&#10;	GetHandleVerifier [0x00E1C616+1075574]&#10;	GetHandleVerifier [0x00E1C367+1074887]&#10;	GetHandleVerifier [0x00E27497+1120247]&#10;	GetHandleVerifier [0x00E1CC16+1077110]&#10;	Ordinal0 [0x00BF3206+1782278]&#10;	Ordinal0 [0x00BFC3BB+1819579]&#10;	Ordinal0 [0x00BFC523+1819939]&#10;	Ordinal0 [0x00C12B45+1911621]&#10;	BaseThreadInitThunk [0x76CAFA29+25]&#10;	RtlGetAppContainerNamedObjectPath [0x77777A4E+286]&#10;	RtlGetAppContainerNamedObjectPath [0x77777A1E+238]&#10;"/>
  </testcase>
  <testcase name="Closebrowser" classname="TestScript.SortPriceHightoLowTestScript" time="0">
    <skipped/>
  </testcase>
  <testcase name="openbrowser" classname="TestScript.NaviToPrdtDetailPageTest" time="0.59">
    <failure message="unknown error: cannot find Chrome binary&#10;Build info: version: &apos;3.5.2&apos;, revision: &apos;10229a9&apos;, time: &apos;2017-08-21T17:29:55.15Z&apos;&#10;System info: host: &apos;DESKTOP-R89UIF8&apos;, ip: &apos;192.168.29.73&apos;, os.name: &apos;Windows 10&apos;, os.arch: &apos;amd64&apos;, os.version: &apos;10.0&apos;, java.version: &apos;14.0.2&apos;&#10;Driver info: driver.version: Driver&#10;remote stacktrace: Backtrace:&#10;	Ordinal0 [0x00CF87E3+2852835]&#10;	Ordinal0 [0x00BE5BB1+1727409]&#10;	Ordinal0 [0x00ABE4B9+517305]&#10;	Ordinal0 [0x00A4CA98+51864]&#10;	Ordinal0 [0x00A6D9F7+186871]&#10;	Ordinal0 [0x00A6D7FD+186365]&#10;	Ordinal0 [0x00A6B70B+177931]&#10;	Ordinal0 [0x00A52584+75140]&#10;	Ordinal0 [0x00A53650+79440]&#10;	Ordinal0 [0x00A535E9+79337]&#10;	Ordinal0 [0x00BFAD5C+1813852]&#10;	GetHandleVerifier [0x00E1C616+1075574]&#10;	GetHandleVerifier [0x00E1C367+1074887]&#10;	GetHandleVerifier [0x00E27497+1120247]&#10;	GetHandleVerifier [0x00E1CC16+1077110]&#10;	Ordinal0 [0x00BF3206+1782278]&#10;	Ordinal0 [0x00BFC3BB+1819579]&#10;	Ordinal0 [0x00BFC523+1819939]&#10;	Ordinal0 [0x00C12B45+1911621]&#10;	BaseThreadInitThunk [0x76CAFA29+25]&#10;	RtlGetAppContainerNamedObjectPath [0x77777A4E+286]&#10;	RtlGetAppContainerNamedObjectPath [0x77777A1E+238]&#10;" type="org.openqa.selenium.WebDriverException"><![CDATA[org.openqa.selenium.WebDriverException: 
unknown error: cannot find Chrome binary
Build info: version: '3.5.2', revision: '10229a9', time: '2017-08-21T17:29:55.15Z'
System info: host: 'DESKTOP-R89UIF8', ip: '192.168.29.73', os.name: 'Windows 10', os.arch: 'amd64', os.version: '10.0', java.version: '14.0.2'
Driver info: driver.version: Driver
remote stacktrace: Backtrace:
	Ordinal0 [0x00CF87E3+2852835]
	Ordinal0 [0x00BE5BB1+1727409]
	Ordinal0 [0x00ABE4B9+517305]
	Ordinal0 [0x00A4CA98+51864]
	Ordinal0 [0x00A6D9F7+186871]
	Ordinal0 [0x00A6D7FD+186365]
	Ordinal0 [0x00A6B70B+177931]
	Ordinal0 [0x00A52584+75140]
	Ordinal0 [0x00A53650+79440]
	Ordinal0 [0x00A535E9+79337]
	Ordinal0 [0x00BFAD5C+1813852]
	GetHandleVerifier [0x00E1C616+1075574]
	GetHandleVerifier [0x00E1C367+1074887]
	GetHandleVerifier [0x00E27497+1120247]
	GetHandleVerifier [0x00E1CC16+1077110]
	Ordinal0 [0x00BF3206+1782278]
	Ordinal0 [0x00BFC3BB+1819579]
	Ordinal0 [0x00BFC523+1819939]
	Ordinal0 [0x00C12B45+1911621]
	BaseThreadInitThunk [0x76CAFA29+25]
	RtlGetAppContainerNamedObjectPath [0x77777A4E+286]
	RtlGetAppContainerNamedObjectPath [0x77777A1E+238]

]]></failure>
    <system-err><![CDATA[Starting ChromeDriver 84.0.4147.30 (48b3e868b4cc0aa7e8149519690b6f6949e110a8-refs/branch-heads/4147@{#310}) on port 10207
Only local connections are allowed.
Please see https://chromedriver.chromium.org/security-considerations for suggestions on keeping ChromeDriver safe.
ChromeDriver was started successfully.
]]></system-err>
  </testcase>
  <testcase name="navigate" classname="TestScript.NaviToPrdtDetailPageTest" time="0">
    <skipped message="unknown error: cannot find Chrome binary&#10;Build info: version: &apos;3.5.2&apos;, revision: &apos;10229a9&apos;, time: &apos;2017-08-21T17:29:55.15Z&apos;&#10;System info: host: &apos;DESKTOP-R89UIF8&apos;, ip: &apos;192.168.29.73&apos;, os.name: &apos;Windows 10&apos;, os.arch: &apos;amd64&apos;, os.version: &apos;10.0&apos;, java.version: &apos;14.0.2&apos;&#10;Driver info: driver.version: Driver&#10;remote stacktrace: Backtrace:&#10;	Ordinal0 [0x00CF87E3+2852835]&#10;	Ordinal0 [0x00BE5BB1+1727409]&#10;	Ordinal0 [0x00ABE4B9+517305]&#10;	Ordinal0 [0x00A4CA98+51864]&#10;	Ordinal0 [0x00A6D9F7+186871]&#10;	Ordinal0 [0x00A6D7FD+186365]&#10;	Ordinal0 [0x00A6B70B+177931]&#10;	Ordinal0 [0x00A52584+75140]&#10;	Ordinal0 [0x00A53650+79440]&#10;	Ordinal0 [0x00A535E9+79337]&#10;	Ordinal0 [0x00BFAD5C+1813852]&#10;	GetHandleVerifier [0x00E1C616+1075574]&#10;	GetHandleVerifier [0x00E1C367+1074887]&#10;	GetHandleVerifier [0x00E27497+1120247]&#10;	GetHandleVerifier [0x00E1CC16+1077110]&#10;	Ordinal0 [0x00BF3206+1782278]&#10;	Ordinal0 [0x00BFC3BB+1819579]&#10;	Ordinal0 [0x00BFC523+1819939]&#10;	Ordinal0 [0x00C12B45+1911621]&#10;	BaseThreadInitThunk [0x76CAFA29+25]&#10;	RtlGetAppContainerNamedObjectPath [0x77777A4E+286]&#10;	RtlGetAppContainerNamedObjectPath [0x77777A1E+238]&#10;"/>
  </testcase>
  <testcase name="Closebrowser" classname="TestScript.NaviToPrdtDetailPageTest" time="0">
    <skipped/>
  </testcase>
  <testcase name="openbrowser" classname="TestScript.SaveForLaterTest" time="0.617">
    <failure message="unknown error: cannot find Chrome binary&#10;Build info: version: &apos;3.5.2&apos;, revision: &apos;10229a9&apos;, time: &apos;2017-08-21T17:29:55.15Z&apos;&#10;System info: host: &apos;DESKTOP-R89UIF8&apos;, ip: &apos;192.168.29.73&apos;, os.name: &apos;Windows 10&apos;, os.arch: &apos;amd64&apos;, os.version: &apos;10.0&apos;, java.version: &apos;14.0.2&apos;&#10;Driver info: driver.version: Driver&#10;remote stacktrace: Backtrace:&#10;	Ordinal0 [0x00CF87E3+2852835]&#10;	Ordinal0 [0x00BE5BB1+1727409]&#10;	Ordinal0 [0x00ABE4B9+517305]&#10;	Ordinal0 [0x00A4CA98+51864]&#10;	Ordinal0 [0x00A6D9F7+186871]&#10;	Ordinal0 [0x00A6D7FD+186365]&#10;	Ordinal0 [0x00A6B70B+177931]&#10;	Ordinal0 [0x00A52584+75140]&#10;	Ordinal0 [0x00A53650+79440]&#10;	Ordinal0 [0x00A535E9+79337]&#10;	Ordinal0 [0x00BFAD5C+1813852]&#10;	GetHandleVerifier [0x00E1C616+1075574]&#10;	GetHandleVerifier [0x00E1C367+1074887]&#10;	GetHandleVerifier [0x00E27497+1120247]&#10;	GetHandleVerifier [0x00E1CC16+1077110]&#10;	Ordinal0 [0x00BF3206+1782278]&#10;	Ordinal0 [0x00BFC3BB+1819579]&#10;	Ordinal0 [0x00BFC523+1819939]&#10;	Ordinal0 [0x00C12B45+1911621]&#10;	BaseThreadInitThunk [0x76CAFA29+25]&#10;	RtlGetAppContainerNamedObjectPath [0x77777A4E+286]&#10;	RtlGetAppContainerNamedObjectPath [0x77777A1E+238]&#10;" type="org.openqa.selenium.WebDriverException"><![CDATA[org.openqa.selenium.WebDriverException: 
unknown error: cannot find Chrome binary
Build info: version: '3.5.2', revision: '10229a9', time: '2017-08-21T17:29:55.15Z'
System info: host: 'DESKTOP-R89UIF8', ip: '192.168.29.73', os.name: 'Windows 10', os.arch: 'amd64', os.version: '10.0', java.version: '14.0.2'
Driver info: driver.version: Driver
remote stacktrace: Backtrace:
	Ordinal0 [0x00CF87E3+2852835]
	Ordinal0 [0x00BE5BB1+1727409]
	Ordinal0 [0x00ABE4B9+517305]
	Ordinal0 [0x00A4CA98+51864]
	Ordinal0 [0x00A6D9F7+186871]
	Ordinal0 [0x00A6D7FD+186365]
	Ordinal0 [0x00A6B70B+177931]
	Ordinal0 [0x00A52584+75140]
	Ordinal0 [0x00A53650+79440]
	Ordinal0 [0x00A535E9+79337]
	Ordinal0 [0x00BFAD5C+1813852]
	GetHandleVerifier [0x00E1C616+1075574]
	GetHandleVerifier [0x00E1C367+1074887]
	GetHandleVerifier [0x00E27497+1120247]
	GetHandleVerifier [0x00E1CC16+1077110]
	Ordinal0 [0x00BF3206+1782278]
	Ordinal0 [0x00BFC3BB+1819579]
	Ordinal0 [0x00BFC523+1819939]
	Ordinal0 [0x00C12B45+1911621]
	BaseThreadInitThunk [0x76CAFA29+25]
	RtlGetAppContainerNamedObjectPath [0x77777A4E+286]
	RtlGetAppContainerNamedObjectPath [0x77777A1E+238]

]]></failure>
    <system-err><![CDATA[Starting ChromeDriver 84.0.4147.30 (48b3e868b4cc0aa7e8149519690b6f6949e110a8-refs/branch-heads/4147@{#310}) on port 41108
Only local connections are allowed.
Please see https://chromedriver.chromium.org/security-considerations for suggestions on keeping ChromeDriver safe.
ChromeDriver was started successfully.
]]></system-err>
  </testcase>
  <testcase name="SaveforLater[iphone 12](1)" classname="TestScript.SaveForLaterTest" time="0">
    <skipped message="unknown error: cannot find Chrome binary&#10;Build info: version: &apos;3.5.2&apos;, revision: &apos;10229a9&apos;, time: &apos;2017-08-21T17:29:55.15Z&apos;&#10;System info: host: &apos;DESKTOP-R89UIF8&apos;, ip: &apos;192.168.29.73&apos;, os.name: &apos;Windows 10&apos;, os.arch: &apos;amd64&apos;, os.version: &apos;10.0&apos;, java.version: &apos;14.0.2&apos;&#10;Driver info: driver.version: Driver&#10;remote stacktrace: Backtrace:&#10;	Ordinal0 [0x00CF87E3+2852835]&#10;	Ordinal0 [0x00BE5BB1+1727409]&#10;	Ordinal0 [0x00ABE4B9+517305]&#10;	Ordinal0 [0x00A4CA98+51864]&#10;	Ordinal0 [0x00A6D9F7+186871]&#10;	Ordinal0 [0x00A6D7FD+186365]&#10;	Ordinal0 [0x00A6B70B+177931]&#10;	Ordinal0 [0x00A52584+75140]&#10;	Ordinal0 [0x00A53650+79440]&#10;	Ordinal0 [0x00A535E9+79337]&#10;	Ordinal0 [0x00BFAD5C+1813852]&#10;	GetHandleVerifier [0x00E1C616+1075574]&#10;	GetHandleVerifier [0x00E1C367+1074887]&#10;	GetHandleVerifier [0x00E27497+1120247]&#10;	GetHandleVerifier [0x00E1CC16+1077110]&#10;	Ordinal0 [0x00BF3206+1782278]&#10;	Ordinal0 [0x00BFC3BB+1819579]&#10;	Ordinal0 [0x00BFC523+1819939]&#10;	Ordinal0 [0x00C12B45+1911621]&#10;	BaseThreadInitThunk [0x76CAFA29+25]&#10;	RtlGetAppContainerNamedObjectPath [0x77777A4E+286]&#10;	RtlGetAppContainerNamedObjectPath [0x77777A1E+238]&#10;"/>
  </testcase>
  <testcase name="Closebrowser" classname="TestScript.SaveForLaterTest" time="0">
    <skipped/>
  </testcase>
  <testcase name="openbrowser" classname="TestScript.AddCartTestScript" time="0.616">
    <failure message="unknown error: cannot find Chrome binary&#10;Build info: version: &apos;3.5.2&apos;, revision: &apos;10229a9&apos;, time: &apos;2017-08-21T17:29:55.15Z&apos;&#10;System info: host: &apos;DESKTOP-R89UIF8&apos;, ip: &apos;192.168.29.73&apos;, os.name: &apos;Windows 10&apos;, os.arch: &apos;amd64&apos;, os.version: &apos;10.0&apos;, java.version: &apos;14.0.2&apos;&#10;Driver info: driver.version: Driver&#10;remote stacktrace: Backtrace:&#10;	Ordinal0 [0x00CF87E3+2852835]&#10;	Ordinal0 [0x00BE5BB1+1727409]&#10;	Ordinal0 [0x00ABE4B9+517305]&#10;	Ordinal0 [0x00A4CA98+51864]&#10;	Ordinal0 [0x00A6D9F7+186871]&#10;	Ordinal0 [0x00A6D7FD+186365]&#10;	Ordinal0 [0x00A6B70B+177931]&#10;	Ordinal0 [0x00A52584+75140]&#10;	Ordinal0 [0x00A53650+79440]&#10;	Ordinal0 [0x00A535E9+79337]&#10;	Ordinal0 [0x00BFAD5C+1813852]&#10;	GetHandleVerifier [0x00E1C616+1075574]&#10;	GetHandleVerifier [0x00E1C367+1074887]&#10;	GetHandleVerifier [0x00E27497+1120247]&#10;	GetHandleVerifier [0x00E1CC16+1077110]&#10;	Ordinal0 [0x00BF3206+1782278]&#10;	Ordinal0 [0x00BFC3BB+1819579]&#10;	Ordinal0 [0x00BFC523+1819939]&#10;	Ordinal0 [0x00C12B45+1911621]&#10;	BaseThreadInitThunk [0x76CAFA29+25]&#10;	RtlGetAppContainerNamedObjectPath [0x77777A4E+286]&#10;	RtlGetAppContainerNamedObjectPath [0x77777A1E+238]&#10;" type="org.openqa.selenium.WebDriverException"><![CDATA[org.openqa.selenium.WebDriverException: 
unknown error: cannot find Chrome binary
Build info: version: '3.5.2', revision: '10229a9', time: '2017-08-21T17:29:55.15Z'
System info: host: 'DESKTOP-R89UIF8', ip: '192.168.29.73', os.name: 'Windows 10', os.arch: 'amd64', os.version: '10.0', java.version: '14.0.2'
Driver info: driver.version: Driver
remote stacktrace: Backtrace:
	Ordinal0 [0x00CF87E3+2852835]
	Ordinal0 [0x00BE5BB1+1727409]
	Ordinal0 [0x00ABE4B9+517305]
	Ordinal0 [0x00A4CA98+51864]
	Ordinal0 [0x00A6D9F7+186871]
	Ordinal0 [0x00A6D7FD+186365]
	Ordinal0 [0x00A6B70B+177931]
	Ordinal0 [0x00A52584+75140]
	Ordinal0 [0x00A53650+79440]
	Ordinal0 [0x00A535E9+79337]
	Ordinal0 [0x00BFAD5C+1813852]
	GetHandleVerifier [0x00E1C616+1075574]
	GetHandleVerifier [0x00E1C367+1074887]
	GetHandleVerifier [0x00E27497+1120247]
	GetHandleVerifier [0x00E1CC16+1077110]
	Ordinal0 [0x00BF3206+1782278]
	Ordinal0 [0x00BFC3BB+1819579]
	Ordinal0 [0x00BFC523+1819939]
	Ordinal0 [0x00C12B45+1911621]
	BaseThreadInitThunk [0x76CAFA29+25]
	RtlGetAppContainerNamedObjectPath [0x77777A4E+286]
	RtlGetAppContainerNamedObjectPath [0x77777A1E+238]

]]></failure>
    <system-err><![CDATA[Starting ChromeDriver 84.0.4147.30 (48b3e868b4cc0aa7e8149519690b6f6949e110a8-refs/branch-heads/4147@{#310}) on port 11252
Only local connections are allowed.
Please see https://chromedriver.chromium.org/security-considerations for suggestions on keeping ChromeDriver safe.
ChromeDriver was started successfully.
]]></system-err>
  </testcase>
  <testcase name="AddToCart[iphone 12](1)" classname="TestScript.AddCartTestScript" time="0">
    <skipped message="unknown error: cannot find Chrome binary&#10;Build info: version: &apos;3.5.2&apos;, revision: &apos;10229a9&apos;, time: &apos;2017-08-21T17:29:55.15Z&apos;&#10;System info: host: &apos;DESKTOP-R89UIF8&apos;, ip: &apos;192.168.29.73&apos;, os.name: &apos;Windows 10&apos;, os.arch: &apos;amd64&apos;, os.version: &apos;10.0&apos;, java.version: &apos;14.0.2&apos;&#10;Driver info: driver.version: Driver&#10;remote stacktrace: Backtrace:&#10;	Ordinal0 [0x00CF87E3+2852835]&#10;	Ordinal0 [0x00BE5BB1+1727409]&#10;	Ordinal0 [0x00ABE4B9+517305]&#10;	Ordinal0 [0x00A4CA98+51864]&#10;	Ordinal0 [0x00A6D9F7+186871]&#10;	Ordinal0 [0x00A6D7FD+186365]&#10;	Ordinal0 [0x00A6B70B+177931]&#10;	Ordinal0 [0x00A52584+75140]&#10;	Ordinal0 [0x00A53650+79440]&#10;	Ordinal0 [0x00A535E9+79337]&#10;	Ordinal0 [0x00BFAD5C+1813852]&#10;	GetHandleVerifier [0x00E1C616+1075574]&#10;	GetHandleVerifier [0x00E1C367+1074887]&#10;	GetHandleVerifier [0x00E27497+1120247]&#10;	GetHandleVerifier [0x00E1CC16+1077110]&#10;	Ordinal0 [0x00BF3206+1782278]&#10;	Ordinal0 [0x00BFC3BB+1819579]&#10;	Ordinal0 [0x00BFC523+1819939]&#10;	Ordinal0 [0x00C12B45+1911621]&#10;	BaseThreadInitThunk [0x76CAFA29+25]&#10;	RtlGetAppContainerNamedObjectPath [0x77777A4E+286]&#10;	RtlGetAppContainerNamedObjectPath [0x77777A1E+238]&#10;"/>
  </testcase>
  <testcase name="Closebrowser" classname="TestScript.AddCartTestScript" time="0">
    <skipped/>
  </testcase>
  <testcase name="openbrowser" classname="TestScript.PasswordChangeTestScript" time="0.617">
    <failure message="unknown error: cannot find Chrome binary&#10;Build info: version: &apos;3.5.2&apos;, revision: &apos;10229a9&apos;, time: &apos;2017-08-21T17:29:55.15Z&apos;&#10;System info: host: &apos;DESKTOP-R89UIF8&apos;, ip: &apos;192.168.29.73&apos;, os.name: &apos;Windows 10&apos;, os.arch: &apos;amd64&apos;, os.version: &apos;10.0&apos;, java.version: &apos;14.0.2&apos;&#10;Driver info: driver.version: Driver&#10;remote stacktrace: Backtrace:&#10;	Ordinal0 [0x00CF87E3+2852835]&#10;	Ordinal0 [0x00BE5BB1+1727409]&#10;	Ordinal0 [0x00ABE4B9+517305]&#10;	Ordinal0 [0x00A4CA98+51864]&#10;	Ordinal0 [0x00A6D9F7+186871]&#10;	Ordinal0 [0x00A6D7FD+186365]&#10;	Ordinal0 [0x00A6B70B+177931]&#10;	Ordinal0 [0x00A52584+75140]&#10;	Ordinal0 [0x00A53650+79440]&#10;	Ordinal0 [0x00A535E9+79337]&#10;	Ordinal0 [0x00BFAD5C+1813852]&#10;	GetHandleVerifier [0x00E1C616+1075574]&#10;	GetHandleVerifier [0x00E1C367+1074887]&#10;	GetHandleVerifier [0x00E27497+1120247]&#10;	GetHandleVerifier [0x00E1CC16+1077110]&#10;	Ordinal0 [0x00BF3206+1782278]&#10;	Ordinal0 [0x00BFC3BB+1819579]&#10;	Ordinal0 [0x00BFC523+1819939]&#10;	Ordinal0 [0x00C12B45+1911621]&#10;	BaseThreadInitThunk [0x76CAFA29+25]&#10;	RtlGetAppContainerNamedObjectPath [0x77777A4E+286]&#10;	RtlGetAppContainerNamedObjectPath [0x77777A1E+238]&#10;" type="org.openqa.selenium.WebDriverException"><![CDATA[org.openqa.selenium.WebDriverException: 
unknown error: cannot find Chrome binary
Build info: version: '3.5.2', revision: '10229a9', time: '2017-08-21T17:29:55.15Z'
System info: host: 'DESKTOP-R89UIF8', ip: '192.168.29.73', os.name: 'Windows 10', os.arch: 'amd64', os.version: '10.0', java.version: '14.0.2'
Driver info: driver.version: Driver
remote stacktrace: Backtrace:
	Ordinal0 [0x00CF87E3+2852835]
	Ordinal0 [0x00BE5BB1+1727409]
	Ordinal0 [0x00ABE4B9+517305]
	Ordinal0 [0x00A4CA98+51864]
	Ordinal0 [0x00A6D9F7+186871]
	Ordinal0 [0x00A6D7FD+186365]
	Ordinal0 [0x00A6B70B+177931]
	Ordinal0 [0x00A52584+75140]
	Ordinal0 [0x00A53650+79440]
	Ordinal0 [0x00A535E9+79337]
	Ordinal0 [0x00BFAD5C+1813852]
	GetHandleVerifier [0x00E1C616+1075574]
	GetHandleVerifier [0x00E1C367+1074887]
	GetHandleVerifier [0x00E27497+1120247]
	GetHandleVerifier [0x00E1CC16+1077110]
	Ordinal0 [0x00BF3206+1782278]
	Ordinal0 [0x00BFC3BB+1819579]
	Ordinal0 [0x00BFC523+1819939]
	Ordinal0 [0x00C12B45+1911621]
	BaseThreadInitThunk [0x76CAFA29+25]
	RtlGetAppContainerNamedObjectPath [0x77777A4E+286]
	RtlGetAppContainerNamedObjectPath [0x77777A1E+238]

]]></failure>
    <system-err><![CDATA[Starting ChromeDriver 84.0.4147.30 (48b3e868b4cc0aa7e8149519690b6f6949e110a8-refs/branch-heads/4147@{#310}) on port 46021
Only local connections are allowed.
Please see https://chromedriver.chromium.org/security-considerations for suggestions on keeping ChromeDriver safe.
ChromeDriver was started successfully.
]]></system-err>
  </testcase>
  <testcase name="ChangePassword[7558003133, admin34567, admin345678](1)" classname="TestScript.PasswordChangeTestScript" time="0">
    <skipped message="unknown error: cannot find Chrome binary&#10;Build info: version: &apos;3.5.2&apos;, revision: &apos;10229a9&apos;, time: &apos;2017-08-21T17:29:55.15Z&apos;&#10;System info: host: &apos;DESKTOP-R89UIF8&apos;, ip: &apos;192.168.29.73&apos;, os.name: &apos;Windows 10&apos;, os.arch: &apos;amd64&apos;, os.version: &apos;10.0&apos;, java.version: &apos;14.0.2&apos;&#10;Driver info: driver.version: Driver&#10;remote stacktrace: Backtrace:&#10;	Ordinal0 [0x00CF87E3+2852835]&#10;	Ordinal0 [0x00BE5BB1+1727409]&#10;	Ordinal0 [0x00ABE4B9+517305]&#10;	Ordinal0 [0x00A4CA98+51864]&#10;	Ordinal0 [0x00A6D9F7+186871]&#10;	Ordinal0 [0x00A6D7FD+186365]&#10;	Ordinal0 [0x00A6B70B+177931]&#10;	Ordinal0 [0x00A52584+75140]&#10;	Ordinal0 [0x00A53650+79440]&#10;	Ordinal0 [0x00A535E9+79337]&#10;	Ordinal0 [0x00BFAD5C+1813852]&#10;	GetHandleVerifier [0x00E1C616+1075574]&#10;	GetHandleVerifier [0x00E1C367+1074887]&#10;	GetHandleVerifier [0x00E27497+1120247]&#10;	GetHandleVerifier [0x00E1CC16+1077110]&#10;	Ordinal0 [0x00BF3206+1782278]&#10;	Ordinal0 [0x00BFC3BB+1819579]&#10;	Ordinal0 [0x00BFC523+1819939]&#10;	Ordinal0 [0x00C12B45+1911621]&#10;	BaseThreadInitThunk [0x76CAFA29+25]&#10;	RtlGetAppContainerNamedObjectPath [0x77777A4E+286]&#10;	RtlGetAppContainerNamedObjectPath [0x77777A1E+238]&#10;"/>
  </testcase>
  <testcase name="Closebrowser" classname="TestScript.PasswordChangeTestScript" time="0">
    <skipped/>
  </testcase>
</testsuite>