<?xml version="1.0" encoding="UTF-8"?>
<!-- Generated by org.testng.reporters.JUnitXMLReporter -->
<testsuite ignored="11" hostname="DESKTOP-R89UIF8" failures="0" tests="12" name="TestCase" time="7.951" errors="0" timestamp="2021-04-26T18:42:13 IST">
  <testcase classname="commons.Driver" name="@BeforeMethod openbrowser" time="1.237">
    <failure type="org.openqa.selenium.WebDriverException" message="unknown error: cannot find Chrome binary
Build info: version: &amp;apos;3.5.2&amp;apos;, revision: &amp;apos;10229a9&amp;apos;, time: &amp;apos;2017-08-21T17:29:55.15Z&amp;apos;
System info: host: &amp;apos;DESKTOP-R89UIF8&amp;apos;, ip: &amp;apos;192.168.29.73&amp;apos;, os.name: &amp;apos;Windows 10&amp;apos;, os.arch: &amp;apos;amd64&amp;apos;, os.version: &amp;apos;10.0&amp;apos;, java.version: &amp;apos;14.0.2&amp;apos;
Driver info: driver.version: Driver
remote stacktrace: Backtrace:
	Ordinal0 [0x00CF87E3+2852835]
	Ordinal0 [0x00BE5BB1+1727409]
	Ordinal0 [0x00ABE4B9+517305]
	Ordinal0 [0x00A4CA98+51864]
	Ordinal0 [0x00A6D9F7+186871]
	Ordinal0 [0x00A6D7FD+186365]
	Ordinal0 [0x00A6B70B+177931]
	Ordinal0 [0x00A52584+75140]
	Ordinal0 [0x00A53650+79440]
	Ordinal0 [0x00A535E9+79337]
	Ordinal0 [0x00BFAD5C+1813852]
	GetHandleVerifier [0x00E1C616+1075574]
	GetHandleVerifier [0x00E1C367+1074887]
	GetHandleVerifier [0x00E27497+1120247]
	GetHandleVerifier [0x00E1CC16+1077110]
	Ordinal0 [0x00BF3206+1782278]
	Ordinal0 [0x00BFC3BB+1819579]
	Ordinal0 [0x00BFC523+1819939]
	Ordinal0 [0x00C12B45+1911621]
	BaseThreadInitThunk [0x76CAFA29+25]
	RtlGetAppContainerNamedObjectPath [0x77777A4E+286]
	RtlGetAppContainerNamedObjectPath [0x77777A1E+238]
">
      <![CDATA[org.openqa.selenium.WebDriverException: unknown error: cannot find Chrome binary
Build info: version: '3.5.2', revision: '10229a9', time: '2017-08-21T17:29:55.15Z'
System info: host: 'DESKTOP-R89UIF8', ip: '192.168.29.73', os.name: 'Windows 10', os.arch: 'amd64', os.version: '10.0', java.version: '14.0.2'
Driver info: driver.version: Driver
remote stacktrace: Backtrace:
Ordinal0 [0x00CF87E3+2852835]
Ordinal0 [0x00BE5BB1+1727409]
Ordinal0 [0x00ABE4B9+517305]
Ordinal0 [0x00A4CA98+51864]
Ordinal0 [0x00A6D9F7+186871]
Ordinal0 [0x00A6D7FD+186365]
Ordinal0 [0x00A6B70B+177931]
Ordinal0 [0x00A52584+75140]
Ordinal0 [0x00A53650+79440]
Ordinal0 [0x00A535E9+79337]
Ordinal0 [0x00BFAD5C+1813852]
GetHandleVerifier [0x00E1C616+1075574]
GetHandleVerifier [0x00E1C367+1074887]
GetHandleVerifier [0x00E27497+1120247]
GetHandleVerifier [0x00E1CC16+1077110]
Ordinal0 [0x00BF3206+1782278]
Ordinal0 [0x00BFC3BB+1819579]
Ordinal0 [0x00BFC523+1819939]
Ordinal0 [0x00C12B45+1911621]
BaseThreadInitThunk [0x76CAFA29+25]
RtlGetAppContainerNamedObjectPath [0x77777A4E+286]
RtlGetAppContainerNamedObjectPath [0x77777A1E+238]

at org.openqa.selenium.remote.W3CHandshakeResponse.lambda$new$0(W3CHandshakeResponse.java:57)
at org.openqa.selenium.remote.W3CHandshakeResponse.lambda$getResponseFunction$2(W3CHandshakeResponse.java:104)
at org.openqa.selenium.remote.ProtocolHandshake.lambda$createSession$24(ProtocolHandshake.java:359)
at java.base/java.util.stream.ReferencePipeline$3$1.accept(ReferencePipeline.java:195)
at java.base/java.util.Spliterators$ArraySpliterator.tryAdvance(Spliterators.java:958)
at java.base/java.util.stream.ReferencePipeline.forEachWithCancel(ReferencePipeline.java:127)
at java.base/java.util.stream.AbstractPipeline.copyIntoWithCancel(AbstractPipeline.java:502)
at java.base/java.util.stream.AbstractPipeline.copyInto(AbstractPipeline.java:488)
at java.base/java.util.stream.AbstractPipeline.wrapAndCopyInto(AbstractPipeline.java:474)
at java.base/java.util.stream.FindOps$FindOp.evaluateSequential(FindOps.java:150)
at java.base/java.util.stream.AbstractPipeline.evaluate(AbstractPipeline.java:234)
at java.base/java.util.stream.ReferencePipeline.findFirst(ReferencePipeline.java:543)
at org.openqa.selenium.remote.ProtocolHandshake.createSession(ProtocolHandshake.java:362)
at org.openqa.selenium.remote.ProtocolHandshake.createSession(ProtocolHandshake.java:136)
at org.openqa.selenium.remote.HttpCommandExecutor.execute(HttpCommandExecutor.java:142)
at org.openqa.selenium.remote.service.DriverCommandExecutor.execute(DriverCommandExecutor.java:82)
at org.openqa.selenium.remote.RemoteWebDriver.execute(RemoteWebDriver.java:641)
at org.openqa.selenium.remote.RemoteWebDriver.startSession(RemoteWebDriver.java:254)
at org.openqa.selenium.remote.RemoteWebDriver.startSession(RemoteWebDriver.java:236)
at org.openqa.selenium.remote.RemoteWebDriver.<init>(RemoteWebDriver.java:137)
at org.openqa.selenium.chrome.ChromeDriver.<init>(ChromeDriver.java:178)
at org.openqa.selenium.chrome.ChromeDriver.<init>(ChromeDriver.java:167)
at org.openqa.selenium.chrome.ChromeDriver.<init>(ChromeDriver.java:124)
at commons.Driver.openbrowser(Driver.java:70)
at java.base/java.util.ArrayList.forEach(ArrayList.java:1511)
... Removed 40 stack frames]]>
    </failure>
  </testcase> <!-- @BeforeMethod openbrowser -->
  <testcase classname="commons.Driver" name="@AfterMethod Closebrowser" time="-1.619442726626E9">
    <skipped/>
  </testcase> <!-- @AfterMethod Closebrowser -->
  <testcase classname="commons.Driver" name="@BeforeMethod openbrowser" time="0.56">
    <failure type="org.openqa.selenium.WebDriverException" message="unknown error: cannot find Chrome binary
Build info: version: &amp;apos;3.5.2&amp;apos;, revision: &amp;apos;10229a9&amp;apos;, time: &amp;apos;2017-08-21T17:29:55.15Z&amp;apos;
System info: host: &amp;apos;DESKTOP-R89UIF8&amp;apos;, ip: &amp;apos;192.168.29.73&amp;apos;, os.name: &amp;apos;Windows 10&amp;apos;, os.arch: &amp;apos;amd64&amp;apos;, os.version: &amp;apos;10.0&amp;apos;, java.version: &amp;apos;14.0.2&amp;apos;
Driver info: driver.version: Driver
remote stacktrace: Backtrace:
	Ordinal0 [0x00CF87E3+2852835]
	Ordinal0 [0x00BE5BB1+1727409]
	Ordinal0 [0x00ABE4B9+517305]
	Ordinal0 [0x00A4CA98+51864]
	Ordinal0 [0x00A6D9F7+186871]
	Ordinal0 [0x00A6D7FD+186365]
	Ordinal0 [0x00A6B70B+177931]
	Ordinal0 [0x00A52584+75140]
	Ordinal0 [0x00A53650+79440]
	Ordinal0 [0x00A535E9+79337]
	Ordinal0 [0x00BFAD5C+1813852]
	GetHandleVerifier [0x00E1C616+1075574]
	GetHandleVerifier [0x00E1C367+1074887]
	GetHandleVerifier [0x00E27497+1120247]
	GetHandleVerifier [0x00E1CC16+1077110]
	Ordinal0 [0x00BF3206+1782278]
	Ordinal0 [0x00BFC3BB+1819579]
	Ordinal0 [0x00BFC523+1819939]
	Ordinal0 [0x00C12B45+1911621]
	BaseThreadInitThunk [0x76CAFA29+25]
	RtlGetAppContainerNamedObjectPath [0x77777A4E+286]
	RtlGetAppContainerNamedObjectPath [0x77777A1E+238]
">
      <![CDATA[org.openqa.selenium.WebDriverException: unknown error: cannot find Chrome binary
Build info: version: '3.5.2', revision: '10229a9', time: '2017-08-21T17:29:55.15Z'
System info: host: 'DESKTOP-R89UIF8', ip: '192.168.29.73', os.name: 'Windows 10', os.arch: 'amd64', os.version: '10.0', java.version: '14.0.2'
Driver info: driver.version: Driver
remote stacktrace: Backtrace:
Ordinal0 [0x00CF87E3+2852835]
Ordinal0 [0x00BE5BB1+1727409]
Ordinal0 [0x00ABE4B9+517305]
Ordinal0 [0x00A4CA98+51864]
Ordinal0 [0x00A6D9F7+186871]
Ordinal0 [0x00A6D7FD+186365]
Ordinal0 [0x00A6B70B+177931]
Ordinal0 [0x00A52584+75140]
Ordinal0 [0x00A53650+79440]
Ordinal0 [0x00A535E9+79337]
Ordinal0 [0x00BFAD5C+1813852]
GetHandleVerifier [0x00E1C616+1075574]
GetHandleVerifier [0x00E1C367+1074887]
GetHandleVerifier [0x00E27497+1120247]
GetHandleVerifier [0x00E1CC16+1077110]
Ordinal0 [0x00BF3206+1782278]
Ordinal0 [0x00BFC3BB+1819579]
Ordinal0 [0x00BFC523+1819939]
Ordinal0 [0x00C12B45+1911621]
BaseThreadInitThunk [0x76CAFA29+25]
RtlGetAppContainerNamedObjectPath [0x77777A4E+286]
RtlGetAppContainerNamedObjectPath [0x77777A1E+238]

at org.openqa.selenium.remote.W3CHandshakeResponse.lambda$new$0(W3CHandshakeResponse.java:57)
at org.openqa.selenium.remote.W3CHandshakeResponse.lambda$getResponseFunction$2(W3CHandshakeResponse.java:104)
at org.openqa.selenium.remote.ProtocolHandshake.lambda$createSession$24(ProtocolHandshake.java:359)
at java.base/java.util.stream.ReferencePipeline$3$1.accept(ReferencePipeline.java:195)
at java.base/java.util.Spliterators$ArraySpliterator.tryAdvance(Spliterators.java:958)
at java.base/java.util.stream.ReferencePipeline.forEachWithCancel(ReferencePipeline.java:127)
at java.base/java.util.stream.AbstractPipeline.copyIntoWithCancel(AbstractPipeline.java:502)
at java.base/java.util.stream.AbstractPipeline.copyInto(AbstractPipeline.java:488)
at java.base/java.util.stream.AbstractPipeline.wrapAndCopyInto(AbstractPipeline.java:474)
at java.base/java.util.stream.FindOps$FindOp.evaluateSequential(FindOps.java:150)
at java.base/java.util.stream.AbstractPipeline.evaluate(AbstractPipeline.java:234)
at java.base/java.util.stream.ReferencePipeline.findFirst(ReferencePipeline.java:543)
at org.openqa.selenium.remote.ProtocolHandshake.createSession(ProtocolHandshake.java:362)
at org.openqa.selenium.remote.ProtocolHandshake.createSession(ProtocolHandshake.java:136)
at org.openqa.selenium.remote.HttpCommandExecutor.execute(HttpCommandExecutor.java:142)
at org.openqa.selenium.remote.service.DriverCommandExecutor.execute(DriverCommandExecutor.java:82)
at org.openqa.selenium.remote.RemoteWebDriver.execute(RemoteWebDriver.java:641)
at org.openqa.selenium.remote.RemoteWebDriver.startSession(RemoteWebDriver.java:254)
at org.openqa.selenium.remote.RemoteWebDriver.startSession(RemoteWebDriver.java:236)
at org.openqa.selenium.remote.RemoteWebDriver.<init>(RemoteWebDriver.java:137)
at org.openqa.selenium.chrome.ChromeDriver.<init>(ChromeDriver.java:178)
at org.openqa.selenium.chrome.ChromeDriver.<init>(ChromeDriver.java:167)
at org.openqa.selenium.chrome.ChromeDriver.<init>(ChromeDriver.java:124)
at commons.Driver.openbrowser(Driver.java:70)
at java.base/java.util.ArrayList.forEach(ArrayList.java:1511)
... Removed 40 stack frames]]>
    </failure>
  </testcase> <!-- @BeforeMethod openbrowser -->
  <testcase classname="commons.Driver" name="@AfterMethod Closebrowser" time="-1.619442727225E9">
    <skipped/>
  </testcase> <!-- @AfterMethod Closebrowser -->
  <testcase classname="commons.Driver" name="@BeforeMethod openbrowser" time="0.601">
    <failure type="org.openqa.selenium.WebDriverException" message="unknown error: cannot find Chrome binary
Build info: version: &amp;apos;3.5.2&amp;apos;, revision: &amp;apos;10229a9&amp;apos;, time: &amp;apos;2017-08-21T17:29:55.15Z&amp;apos;
System info: host: &amp;apos;DESKTOP-R89UIF8&amp;apos;, ip: &amp;apos;192.168.29.73&amp;apos;, os.name: &amp;apos;Windows 10&amp;apos;, os.arch: &amp;apos;amd64&amp;apos;, os.version: &amp;apos;10.0&amp;apos;, java.version: &amp;apos;14.0.2&amp;apos;
Driver info: driver.version: Driver
remote stacktrace: Backtrace:
	Ordinal0 [0x00CF87E3+2852835]
	Ordinal0 [0x00BE5BB1+1727409]
	Ordinal0 [0x00ABE4B9+517305]
	Ordinal0 [0x00A4CA98+51864]
	Ordinal0 [0x00A6D9F7+186871]
	Ordinal0 [0x00A6D7FD+186365]
	Ordinal0 [0x00A6B70B+177931]
	Ordinal0 [0x00A52584+75140]
	Ordinal0 [0x00A53650+79440]
	Ordinal0 [0x00A535E9+79337]
	Ordinal0 [0x00BFAD5C+1813852]
	GetHandleVerifier [0x00E1C616+1075574]
	GetHandleVerifier [0x00E1C367+1074887]
	GetHandleVerifier [0x00E27497+1120247]
	GetHandleVerifier [0x00E1CC16+1077110]
	Ordinal0 [0x00BF3206+1782278]
	Ordinal0 [0x00BFC3BB+1819579]
	Ordinal0 [0x00BFC523+1819939]
	Ordinal0 [0x00C12B45+1911621]
	BaseThreadInitThunk [0x76CAFA29+25]
	RtlGetAppContainerNamedObjectPath [0x77777A4E+286]
	RtlGetAppContainerNamedObjectPath [0x77777A1E+238]
">
      <![CDATA[org.openqa.selenium.WebDriverException: unknown error: cannot find Chrome binary
Build info: version: '3.5.2', revision: '10229a9', time: '2017-08-21T17:29:55.15Z'
System info: host: 'DESKTOP-R89UIF8', ip: '192.168.29.73', os.name: 'Windows 10', os.arch: 'amd64', os.version: '10.0', java.version: '14.0.2'
Driver info: driver.version: Driver
remote stacktrace: Backtrace:
Ordinal0 [0x00CF87E3+2852835]
Ordinal0 [0x00BE5BB1+1727409]
Ordinal0 [0x00ABE4B9+517305]
Ordinal0 [0x00A4CA98+51864]
Ordinal0 [0x00A6D9F7+186871]
Ordinal0 [0x00A6D7FD+186365]
Ordinal0 [0x00A6B70B+177931]
Ordinal0 [0x00A52584+75140]
Ordinal0 [0x00A53650+79440]
Ordinal0 [0x00A535E9+79337]
Ordinal0 [0x00BFAD5C+1813852]
GetHandleVerifier [0x00E1C616+1075574]
GetHandleVerifier [0x00E1C367+1074887]
GetHandleVerifier [0x00E27497+1120247]
GetHandleVerifier [0x00E1CC16+1077110]
Ordinal0 [0x00BF3206+1782278]
Ordinal0 [0x00BFC3BB+1819579]
Ordinal0 [0x00BFC523+1819939]
Ordinal0 [0x00C12B45+1911621]
BaseThreadInitThunk [0x76CAFA29+25]
RtlGetAppContainerNamedObjectPath [0x77777A4E+286]
RtlGetAppContainerNamedObjectPath [0x77777A1E+238]

at org.openqa.selenium.remote.W3CHandshakeResponse.lambda$new$0(W3CHandshakeResponse.java:57)
at org.openqa.selenium.remote.W3CHandshakeResponse.lambda$getResponseFunction$2(W3CHandshakeResponse.java:104)
at org.openqa.selenium.remote.ProtocolHandshake.lambda$createSession$24(ProtocolHandshake.java:359)
at java.base/java.util.stream.ReferencePipeline$3$1.accept(ReferencePipeline.java:195)
at java.base/java.util.Spliterators$ArraySpliterator.tryAdvance(Spliterators.java:958)
at java.base/java.util.stream.ReferencePipeline.forEachWithCancel(ReferencePipeline.java:127)
at java.base/java.util.stream.AbstractPipeline.copyIntoWithCancel(AbstractPipeline.java:502)
at java.base/java.util.stream.AbstractPipeline.copyInto(AbstractPipeline.java:488)
at java.base/java.util.stream.AbstractPipeline.wrapAndCopyInto(AbstractPipeline.java:474)
at java.base/java.util.stream.FindOps$FindOp.evaluateSequential(FindOps.java:150)
at java.base/java.util.stream.AbstractPipeline.evaluate(AbstractPipeline.java:234)
at java.base/java.util.stream.ReferencePipeline.findFirst(ReferencePipeline.java:543)
at org.openqa.selenium.remote.ProtocolHandshake.createSession(ProtocolHandshake.java:362)
at org.openqa.selenium.remote.ProtocolHandshake.createSession(ProtocolHandshake.java:136)
at org.openqa.selenium.remote.HttpCommandExecutor.execute(HttpCommandExecutor.java:142)
at org.openqa.selenium.remote.service.DriverCommandExecutor.execute(DriverCommandExecutor.java:82)
at org.openqa.selenium.remote.RemoteWebDriver.execute(RemoteWebDriver.java:641)
at org.openqa.selenium.remote.RemoteWebDriver.startSession(RemoteWebDriver.java:254)
at org.openqa.selenium.remote.RemoteWebDriver.startSession(RemoteWebDriver.java:236)
at org.openqa.selenium.remote.RemoteWebDriver.<init>(RemoteWebDriver.java:137)
at org.openqa.selenium.chrome.ChromeDriver.<init>(ChromeDriver.java:178)
at org.openqa.selenium.chrome.ChromeDriver.<init>(ChromeDriver.java:167)
at org.openqa.selenium.chrome.ChromeDriver.<init>(ChromeDriver.java:124)
at commons.Driver.openbrowser(Driver.java:70)
at java.base/java.util.ArrayList.forEach(ArrayList.java:1511)
... Removed 40 stack frames]]>
    </failure>
  </testcase> <!-- @BeforeMethod openbrowser -->
  <testcase classname="commons.Driver" name="@AfterMethod Closebrowser" time="-1.619442727831E9">
    <skipped/>
  </testcase> <!-- @AfterMethod Closebrowser -->
  <testcase classname="commons.Driver" name="@BeforeMethod openbrowser" time="0.61">
    <failure type="org.openqa.selenium.WebDriverException" message="unknown error: cannot find Chrome binary
Build info: version: &amp;apos;3.5.2&amp;apos;, revision: &amp;apos;10229a9&amp;apos;, time: &amp;apos;2017-08-21T17:29:55.15Z&amp;apos;
System info: host: &amp;apos;DESKTOP-R89UIF8&amp;apos;, ip: &amp;apos;192.168.29.73&amp;apos;, os.name: &amp;apos;Windows 10&amp;apos;, os.arch: &amp;apos;amd64&amp;apos;, os.version: &amp;apos;10.0&amp;apos;, java.version: &amp;apos;14.0.2&amp;apos;
Driver info: driver.version: Driver
remote stacktrace: Backtrace:
	Ordinal0 [0x00CF87E3+2852835]
	Ordinal0 [0x00BE5BB1+1727409]
	Ordinal0 [0x00ABE4B9+517305]
	Ordinal0 [0x00A4CA98+51864]
	Ordinal0 [0x00A6D9F7+186871]
	Ordinal0 [0x00A6D7FD+186365]
	Ordinal0 [0x00A6B70B+177931]
	Ordinal0 [0x00A52584+75140]
	Ordinal0 [0x00A53650+79440]
	Ordinal0 [0x00A535E9+79337]
	Ordinal0 [0x00BFAD5C+1813852]
	GetHandleVerifier [0x00E1C616+1075574]
	GetHandleVerifier [0x00E1C367+1074887]
	GetHandleVerifier [0x00E27497+1120247]
	GetHandleVerifier [0x00E1CC16+1077110]
	Ordinal0 [0x00BF3206+1782278]
	Ordinal0 [0x00BFC3BB+1819579]
	Ordinal0 [0x00BFC523+1819939]
	Ordinal0 [0x00C12B45+1911621]
	BaseThreadInitThunk [0x76CAFA29+25]
	RtlGetAppContainerNamedObjectPath [0x77777A4E+286]
	RtlGetAppContainerNamedObjectPath [0x77777A1E+238]
">
      <![CDATA[org.openqa.selenium.WebDriverException: unknown error: cannot find Chrome binary
Build info: version: '3.5.2', revision: '10229a9', time: '2017-08-21T17:29:55.15Z'
System info: host: 'DESKTOP-R89UIF8', ip: '192.168.29.73', os.name: 'Windows 10', os.arch: 'amd64', os.version: '10.0', java.version: '14.0.2'
Driver info: driver.version: Driver
remote stacktrace: Backtrace:
Ordinal0 [0x00CF87E3+2852835]
Ordinal0 [0x00BE5BB1+1727409]
Ordinal0 [0x00ABE4B9+517305]
Ordinal0 [0x00A4CA98+51864]
Ordinal0 [0x00A6D9F7+186871]
Ordinal0 [0x00A6D7FD+186365]
Ordinal0 [0x00A6B70B+177931]
Ordinal0 [0x00A52584+75140]
Ordinal0 [0x00A53650+79440]
Ordinal0 [0x00A535E9+79337]
Ordinal0 [0x00BFAD5C+1813852]
GetHandleVerifier [0x00E1C616+1075574]
GetHandleVerifier [0x00E1C367+1074887]
GetHandleVerifier [0x00E27497+1120247]
GetHandleVerifier [0x00E1CC16+1077110]
Ordinal0 [0x00BF3206+1782278]
Ordinal0 [0x00BFC3BB+1819579]
Ordinal0 [0x00BFC523+1819939]
Ordinal0 [0x00C12B45+1911621]
BaseThreadInitThunk [0x76CAFA29+25]
RtlGetAppContainerNamedObjectPath [0x77777A4E+286]
RtlGetAppContainerNamedObjectPath [0x77777A1E+238]

at org.openqa.selenium.remote.W3CHandshakeResponse.lambda$new$0(W3CHandshakeResponse.java:57)
at org.openqa.selenium.remote.W3CHandshakeResponse.lambda$getResponseFunction$2(W3CHandshakeResponse.java:104)
at org.openqa.selenium.remote.ProtocolHandshake.lambda$createSession$24(ProtocolHandshake.java:359)
at java.base/java.util.stream.ReferencePipeline$3$1.accept(ReferencePipeline.java:195)
at java.base/java.util.Spliterators$ArraySpliterator.tryAdvance(Spliterators.java:958)
at java.base/java.util.stream.ReferencePipeline.forEachWithCancel(ReferencePipeline.java:127)
at java.base/java.util.stream.AbstractPipeline.copyIntoWithCancel(AbstractPipeline.java:502)
at java.base/java.util.stream.AbstractPipeline.copyInto(AbstractPipeline.java:488)
at java.base/java.util.stream.AbstractPipeline.wrapAndCopyInto(AbstractPipeline.java:474)
at java.base/java.util.stream.FindOps$FindOp.evaluateSequential(FindOps.java:150)
at java.base/java.util.stream.AbstractPipeline.evaluate(AbstractPipeline.java:234)
at java.base/java.util.stream.ReferencePipeline.findFirst(ReferencePipeline.java:543)
at org.openqa.selenium.remote.ProtocolHandshake.createSession(ProtocolHandshake.java:362)
at org.openqa.selenium.remote.ProtocolHandshake.createSession(ProtocolHandshake.java:136)
at org.openqa.selenium.remote.HttpCommandExecutor.execute(HttpCommandExecutor.java:142)
at org.openqa.selenium.remote.service.DriverCommandExecutor.execute(DriverCommandExecutor.java:82)
at org.openqa.selenium.remote.RemoteWebDriver.execute(RemoteWebDriver.java:641)
at org.openqa.selenium.remote.RemoteWebDriver.startSession(RemoteWebDriver.java:254)
at org.openqa.selenium.remote.RemoteWebDriver.startSession(RemoteWebDriver.java:236)
at org.openqa.selenium.remote.RemoteWebDriver.<init>(RemoteWebDriver.java:137)
at org.openqa.selenium.chrome.ChromeDriver.<init>(ChromeDriver.java:178)
at org.openqa.selenium.chrome.ChromeDriver.<init>(ChromeDriver.java:167)
at org.openqa.selenium.chrome.ChromeDriver.<init>(ChromeDriver.java:124)
at commons.Driver.openbrowser(Driver.java:70)
at java.base/java.util.ArrayList.forEach(ArrayList.java:1511)
... Removed 40 stack frames]]>
    </failure>
  </testcase> <!-- @BeforeMethod openbrowser -->
  <testcase classname="commons.Driver" name="@AfterMethod Closebrowser" time="-1.619442728444E9">
    <skipped/>
  </testcase> <!-- @AfterMethod Closebrowser -->
  <testcase classname="commons.Driver" name="@BeforeMethod openbrowser" time="0.604">
    <failure type="org.openqa.selenium.WebDriverException" message="unknown error: cannot find Chrome binary
Build info: version: &amp;apos;3.5.2&amp;apos;, revision: &amp;apos;10229a9&amp;apos;, time: &amp;apos;2017-08-21T17:29:55.15Z&amp;apos;
System info: host: &amp;apos;DESKTOP-R89UIF8&amp;apos;, ip: &amp;apos;192.168.29.73&amp;apos;, os.name: &amp;apos;Windows 10&amp;apos;, os.arch: &amp;apos;amd64&amp;apos;, os.version: &amp;apos;10.0&amp;apos;, java.version: &amp;apos;14.0.2&amp;apos;
Driver info: driver.version: Driver
remote stacktrace: Backtrace:
	Ordinal0 [0x00CF87E3+2852835]
	Ordinal0 [0x00BE5BB1+1727409]
	Ordinal0 [0x00ABE4B9+517305]
	Ordinal0 [0x00A4CA98+51864]
	Ordinal0 [0x00A6D9F7+186871]
	Ordinal0 [0x00A6D7FD+186365]
	Ordinal0 [0x00A6B70B+177931]
	Ordinal0 [0x00A52584+75140]
	Ordinal0 [0x00A53650+79440]
	Ordinal0 [0x00A535E9+79337]
	Ordinal0 [0x00BFAD5C+1813852]
	GetHandleVerifier [0x00E1C616+1075574]
	GetHandleVerifier [0x00E1C367+1074887]
	GetHandleVerifier [0x00E27497+1120247]
	GetHandleVerifier [0x00E1CC16+1077110]
	Ordinal0 [0x00BF3206+1782278]
	Ordinal0 [0x00BFC3BB+1819579]
	Ordinal0 [0x00BFC523+1819939]
	Ordinal0 [0x00C12B45+1911621]
	BaseThreadInitThunk [0x76CAFA29+25]
	RtlGetAppContainerNamedObjectPath [0x77777A4E+286]
	RtlGetAppContainerNamedObjectPath [0x77777A1E+238]
">
      <![CDATA[org.openqa.selenium.WebDriverException: unknown error: cannot find Chrome binary
Build info: version: '3.5.2', revision: '10229a9', time: '2017-08-21T17:29:55.15Z'
System info: host: 'DESKTOP-R89UIF8', ip: '192.168.29.73', os.name: 'Windows 10', os.arch: 'amd64', os.version: '10.0', java.version: '14.0.2'
Driver info: driver.version: Driver
remote stacktrace: Backtrace:
Ordinal0 [0x00CF87E3+2852835]
Ordinal0 [0x00BE5BB1+1727409]
Ordinal0 [0x00ABE4B9+517305]
Ordinal0 [0x00A4CA98+51864]
Ordinal0 [0x00A6D9F7+186871]
Ordinal0 [0x00A6D7FD+186365]
Ordinal0 [0x00A6B70B+177931]
Ordinal0 [0x00A52584+75140]
Ordinal0 [0x00A53650+79440]
Ordinal0 [0x00A535E9+79337]
Ordinal0 [0x00BFAD5C+1813852]
GetHandleVerifier [0x00E1C616+1075574]
GetHandleVerifier [0x00E1C367+1074887]
GetHandleVerifier [0x00E27497+1120247]
GetHandleVerifier [0x00E1CC16+1077110]
Ordinal0 [0x00BF3206+1782278]
Ordinal0 [0x00BFC3BB+1819579]
Ordinal0 [0x00BFC523+1819939]
Ordinal0 [0x00C12B45+1911621]
BaseThreadInitThunk [0x76CAFA29+25]
RtlGetAppContainerNamedObjectPath [0x77777A4E+286]
RtlGetAppContainerNamedObjectPath [0x77777A1E+238]

at org.openqa.selenium.remote.W3CHandshakeResponse.lambda$new$0(W3CHandshakeResponse.java:57)
at org.openqa.selenium.remote.W3CHandshakeResponse.lambda$getResponseFunction$2(W3CHandshakeResponse.java:104)
at org.openqa.selenium.remote.ProtocolHandshake.lambda$createSession$24(ProtocolHandshake.java:359)
at java.base/java.util.stream.ReferencePipeline$3$1.accept(ReferencePipeline.java:195)
at java.base/java.util.Spliterators$ArraySpliterator.tryAdvance(Spliterators.java:958)
at java.base/java.util.stream.ReferencePipeline.forEachWithCancel(ReferencePipeline.java:127)
at java.base/java.util.stream.AbstractPipeline.copyIntoWithCancel(AbstractPipeline.java:502)
at java.base/java.util.stream.AbstractPipeline.copyInto(AbstractPipeline.java:488)
at java.base/java.util.stream.AbstractPipeline.wrapAndCopyInto(AbstractPipeline.java:474)
at java.base/java.util.stream.FindOps$FindOp.evaluateSequential(FindOps.java:150)
at java.base/java.util.stream.AbstractPipeline.evaluate(AbstractPipeline.java:234)
at java.base/java.util.stream.ReferencePipeline.findFirst(ReferencePipeline.java:543)
at org.openqa.selenium.remote.ProtocolHandshake.createSession(ProtocolHandshake.java:362)
at org.openqa.selenium.remote.ProtocolHandshake.createSession(ProtocolHandshake.java:136)
at org.openqa.selenium.remote.HttpCommandExecutor.execute(HttpCommandExecutor.java:142)
at org.openqa.selenium.remote.service.DriverCommandExecutor.execute(DriverCommandExecutor.java:82)
at org.openqa.selenium.remote.RemoteWebDriver.execute(RemoteWebDriver.java:641)
at org.openqa.selenium.remote.RemoteWebDriver.startSession(RemoteWebDriver.java:254)
at org.openqa.selenium.remote.RemoteWebDriver.startSession(RemoteWebDriver.java:236)
at org.openqa.selenium.remote.RemoteWebDriver.<init>(RemoteWebDriver.java:137)
at org.openqa.selenium.chrome.ChromeDriver.<init>(ChromeDriver.java:178)
at org.openqa.selenium.chrome.ChromeDriver.<init>(ChromeDriver.java:167)
at org.openqa.selenium.chrome.ChromeDriver.<init>(ChromeDriver.java:124)
at commons.Driver.openbrowser(Driver.java:70)
at java.base/java.util.ArrayList.forEach(ArrayList.java:1511)
... Removed 40 stack frames]]>
    </failure>
  </testcase> <!-- @BeforeMethod openbrowser -->
  <testcase classname="commons.Driver" name="@AfterMethod Closebrowser" time="-1.61944272905E9">
    <skipped/>
  </testcase> <!-- @AfterMethod Closebrowser -->
  <testcase classname="commons.Driver" name="@BeforeMethod openbrowser" time="0.577">
    <failure type="org.openqa.selenium.WebDriverException" message="unknown error: cannot find Chrome binary
Build info: version: &amp;apos;3.5.2&amp;apos;, revision: &amp;apos;10229a9&amp;apos;, time: &amp;apos;2017-08-21T17:29:55.15Z&amp;apos;
System info: host: &amp;apos;DESKTOP-R89UIF8&amp;apos;, ip: &amp;apos;192.168.29.73&amp;apos;, os.name: &amp;apos;Windows 10&amp;apos;, os.arch: &amp;apos;amd64&amp;apos;, os.version: &amp;apos;10.0&amp;apos;, java.version: &amp;apos;14.0.2&amp;apos;
Driver info: driver.version: Driver
remote stacktrace: Backtrace:
	Ordinal0 [0x00CF87E3+2852835]
	Ordinal0 [0x00BE5BB1+1727409]
	Ordinal0 [0x00ABE4B9+517305]
	Ordinal0 [0x00A4CA98+51864]
	Ordinal0 [0x00A6D9F7+186871]
	Ordinal0 [0x00A6D7FD+186365]
	Ordinal0 [0x00A6B70B+177931]
	Ordinal0 [0x00A52584+75140]
	Ordinal0 [0x00A53650+79440]
	Ordinal0 [0x00A535E9+79337]
	Ordinal0 [0x00BFAD5C+1813852]
	GetHandleVerifier [0x00E1C616+1075574]
	GetHandleVerifier [0x00E1C367+1074887]
	GetHandleVerifier [0x00E27497+1120247]
	GetHandleVerifier [0x00E1CC16+1077110]
	Ordinal0 [0x00BF3206+1782278]
	Ordinal0 [0x00BFC3BB+1819579]
	Ordinal0 [0x00BFC523+1819939]
	Ordinal0 [0x00C12B45+1911621]
	BaseThreadInitThunk [0x76CAFA29+25]
	RtlGetAppContainerNamedObjectPath [0x77777A4E+286]
	RtlGetAppContainerNamedObjectPath [0x77777A1E+238]
">
      <![CDATA[org.openqa.selenium.WebDriverException: unknown error: cannot find Chrome binary
Build info: version: '3.5.2', revision: '10229a9', time: '2017-08-21T17:29:55.15Z'
System info: host: 'DESKTOP-R89UIF8', ip: '192.168.29.73', os.name: 'Windows 10', os.arch: 'amd64', os.version: '10.0', java.version: '14.0.2'
Driver info: driver.version: Driver
remote stacktrace: Backtrace:
Ordinal0 [0x00CF87E3+2852835]
Ordinal0 [0x00BE5BB1+1727409]
Ordinal0 [0x00ABE4B9+517305]
Ordinal0 [0x00A4CA98+51864]
Ordinal0 [0x00A6D9F7+186871]
Ordinal0 [0x00A6D7FD+186365]
Ordinal0 [0x00A6B70B+177931]
Ordinal0 [0x00A52584+75140]
Ordinal0 [0x00A53650+79440]
Ordinal0 [0x00A535E9+79337]
Ordinal0 [0x00BFAD5C+1813852]
GetHandleVerifier [0x00E1C616+1075574]
GetHandleVerifier [0x00E1C367+1074887]
GetHandleVerifier [0x00E27497+1120247]
GetHandleVerifier [0x00E1CC16+1077110]
Ordinal0 [0x00BF3206+1782278]
Ordinal0 [0x00BFC3BB+1819579]
Ordinal0 [0x00BFC523+1819939]
Ordinal0 [0x00C12B45+1911621]
BaseThreadInitThunk [0x76CAFA29+25]
RtlGetAppContainerNamedObjectPath [0x77777A4E+286]
RtlGetAppContainerNamedObjectPath [0x77777A1E+238]

at org.openqa.selenium.remote.W3CHandshakeResponse.lambda$new$0(W3CHandshakeResponse.java:57)
at org.openqa.selenium.remote.W3CHandshakeResponse.lambda$getResponseFunction$2(W3CHandshakeResponse.java:104)
at org.openqa.selenium.remote.ProtocolHandshake.lambda$createSession$24(ProtocolHandshake.java:359)
at java.base/java.util.stream.ReferencePipeline$3$1.accept(ReferencePipeline.java:195)
at java.base/java.util.Spliterators$ArraySpliterator.tryAdvance(Spliterators.java:958)
at java.base/java.util.stream.ReferencePipeline.forEachWithCancel(ReferencePipeline.java:127)
at java.base/java.util.stream.AbstractPipeline.copyIntoWithCancel(AbstractPipeline.java:502)
at java.base/java.util.stream.AbstractPipeline.copyInto(AbstractPipeline.java:488)
at java.base/java.util.stream.AbstractPipeline.wrapAndCopyInto(AbstractPipeline.java:474)
at java.base/java.util.stream.FindOps$FindOp.evaluateSequential(FindOps.java:150)
at java.base/java.util.stream.AbstractPipeline.evaluate(AbstractPipeline.java:234)
at java.base/java.util.stream.ReferencePipeline.findFirst(ReferencePipeline.java:543)
at org.openqa.selenium.remote.ProtocolHandshake.createSession(ProtocolHandshake.java:362)
at org.openqa.selenium.remote.ProtocolHandshake.createSession(ProtocolHandshake.java:136)
at org.openqa.selenium.remote.HttpCommandExecutor.execute(HttpCommandExecutor.java:142)
at org.openqa.selenium.remote.service.DriverCommandExecutor.execute(DriverCommandExecutor.java:82)
at org.openqa.selenium.remote.RemoteWebDriver.execute(RemoteWebDriver.java:641)
at org.openqa.selenium.remote.RemoteWebDriver.startSession(RemoteWebDriver.java:254)
at org.openqa.selenium.remote.RemoteWebDriver.startSession(RemoteWebDriver.java:236)
at org.openqa.selenium.remote.RemoteWebDriver.<init>(RemoteWebDriver.java:137)
at org.openqa.selenium.chrome.ChromeDriver.<init>(ChromeDriver.java:178)
at org.openqa.selenium.chrome.ChromeDriver.<init>(ChromeDriver.java:167)
at org.openqa.selenium.chrome.ChromeDriver.<init>(ChromeDriver.java:124)
at commons.Driver.openbrowser(Driver.java:70)
at java.base/java.util.ArrayList.forEach(ArrayList.java:1511)
... Removed 40 stack frames]]>
    </failure>
  </testcase> <!-- @BeforeMethod openbrowser -->
  <testcase classname="commons.Driver" name="@AfterMethod Closebrowser" time="-1.619442729628E9">
    <skipped/>
  </testcase> <!-- @AfterMethod Closebrowser -->
  <testcase classname="commons.Driver" name="@BeforeMethod openbrowser" time="0.583">
    <failure type="org.openqa.selenium.WebDriverException" message="unknown error: cannot find Chrome binary
Build info: version: &amp;apos;3.5.2&amp;apos;, revision: &amp;apos;10229a9&amp;apos;, time: &amp;apos;2017-08-21T17:29:55.15Z&amp;apos;
System info: host: &amp;apos;DESKTOP-R89UIF8&amp;apos;, ip: &amp;apos;192.168.29.73&amp;apos;, os.name: &amp;apos;Windows 10&amp;apos;, os.arch: &amp;apos;amd64&amp;apos;, os.version: &amp;apos;10.0&amp;apos;, java.version: &amp;apos;14.0.2&amp;apos;
Driver info: driver.version: Driver
remote stacktrace: Backtrace:
	Ordinal0 [0x00CF87E3+2852835]
	Ordinal0 [0x00BE5BB1+1727409]
	Ordinal0 [0x00ABE4B9+517305]
	Ordinal0 [0x00A4CA98+51864]
	Ordinal0 [0x00A6D9F7+186871]
	Ordinal0 [0x00A6D7FD+186365]
	Ordinal0 [0x00A6B70B+177931]
	Ordinal0 [0x00A52584+75140]
	Ordinal0 [0x00A53650+79440]
	Ordinal0 [0x00A535E9+79337]
	Ordinal0 [0x00BFAD5C+1813852]
	GetHandleVerifier [0x00E1C616+1075574]
	GetHandleVerifier [0x00E1C367+1074887]
	GetHandleVerifier [0x00E27497+1120247]
	GetHandleVerifier [0x00E1CC16+1077110]
	Ordinal0 [0x00BF3206+1782278]
	Ordinal0 [0x00BFC3BB+1819579]
	Ordinal0 [0x00BFC523+1819939]
	Ordinal0 [0x00C12B45+1911621]
	BaseThreadInitThunk [0x76CAFA29+25]
	RtlGetAppContainerNamedObjectPath [0x77777A4E+286]
	RtlGetAppContainerNamedObjectPath [0x77777A1E+238]
">
      <![CDATA[org.openqa.selenium.WebDriverException: unknown error: cannot find Chrome binary
Build info: version: '3.5.2', revision: '10229a9', time: '2017-08-21T17:29:55.15Z'
System info: host: 'DESKTOP-R89UIF8', ip: '192.168.29.73', os.name: 'Windows 10', os.arch: 'amd64', os.version: '10.0', java.version: '14.0.2'
Driver info: driver.version: Driver
remote stacktrace: Backtrace:
Ordinal0 [0x00CF87E3+2852835]
Ordinal0 [0x00BE5BB1+1727409]
Ordinal0 [0x00ABE4B9+517305]
Ordinal0 [0x00A4CA98+51864]
Ordinal0 [0x00A6D9F7+186871]
Ordinal0 [0x00A6D7FD+186365]
Ordinal0 [0x00A6B70B+177931]
Ordinal0 [0x00A52584+75140]
Ordinal0 [0x00A53650+79440]
Ordinal0 [0x00A535E9+79337]
Ordinal0 [0x00BFAD5C+1813852]
GetHandleVerifier [0x00E1C616+1075574]
GetHandleVerifier [0x00E1C367+1074887]
GetHandleVerifier [0x00E27497+1120247]
GetHandleVerifier [0x00E1CC16+1077110]
Ordinal0 [0x00BF3206+1782278]
Ordinal0 [0x00BFC3BB+1819579]
Ordinal0 [0x00BFC523+1819939]
Ordinal0 [0x00C12B45+1911621]
BaseThreadInitThunk [0x76CAFA29+25]
RtlGetAppContainerNamedObjectPath [0x77777A4E+286]
RtlGetAppContainerNamedObjectPath [0x77777A1E+238]

at org.openqa.selenium.remote.W3CHandshakeResponse.lambda$new$0(W3CHandshakeResponse.java:57)
at org.openqa.selenium.remote.W3CHandshakeResponse.lambda$getResponseFunction$2(W3CHandshakeResponse.java:104)
at org.openqa.selenium.remote.ProtocolHandshake.lambda$createSession$24(ProtocolHandshake.java:359)
at java.base/java.util.stream.ReferencePipeline$3$1.accept(ReferencePipeline.java:195)
at java.base/java.util.Spliterators$ArraySpliterator.tryAdvance(Spliterators.java:958)
at java.base/java.util.stream.ReferencePipeline.forEachWithCancel(ReferencePipeline.java:127)
at java.base/java.util.stream.AbstractPipeline.copyIntoWithCancel(AbstractPipeline.java:502)
at java.base/java.util.stream.AbstractPipeline.copyInto(AbstractPipeline.java:488)
at java.base/java.util.stream.AbstractPipeline.wrapAndCopyInto(AbstractPipeline.java:474)
at java.base/java.util.stream.FindOps$FindOp.evaluateSequential(FindOps.java:150)
at java.base/java.util.stream.AbstractPipeline.evaluate(AbstractPipeline.java:234)
at java.base/java.util.stream.ReferencePipeline.findFirst(ReferencePipeline.java:543)
at org.openqa.selenium.remote.ProtocolHandshake.createSession(ProtocolHandshake.java:362)
at org.openqa.selenium.remote.ProtocolHandshake.createSession(ProtocolHandshake.java:136)
at org.openqa.selenium.remote.HttpCommandExecutor.execute(HttpCommandExecutor.java:142)
at org.openqa.selenium.remote.service.DriverCommandExecutor.execute(DriverCommandExecutor.java:82)
at org.openqa.selenium.remote.RemoteWebDriver.execute(RemoteWebDriver.java:641)
at org.openqa.selenium.remote.RemoteWebDriver.startSession(RemoteWebDriver.java:254)
at org.openqa.selenium.remote.RemoteWebDriver.startSession(RemoteWebDriver.java:236)
at org.openqa.selenium.remote.RemoteWebDriver.<init>(RemoteWebDriver.java:137)
at org.openqa.selenium.chrome.ChromeDriver.<init>(ChromeDriver.java:178)
at org.openqa.selenium.chrome.ChromeDriver.<init>(ChromeDriver.java:167)
at org.openqa.selenium.chrome.ChromeDriver.<init>(ChromeDriver.java:124)
at commons.Driver.openbrowser(Driver.java:70)
at java.base/java.util.ArrayList.forEach(ArrayList.java:1511)
... Removed 40 stack frames]]>
    </failure>
  </testcase> <!-- @BeforeMethod openbrowser -->
  <testcase classname="commons.Driver" name="@AfterMethod Closebrowser" time="-1.619442730211E9">
    <skipped/>
  </testcase> <!-- @AfterMethod Closebrowser -->
  <testcase classname="commons.Driver" name="@BeforeMethod openbrowser" time="0.61">
    <failure type="org.openqa.selenium.WebDriverException" message="unknown error: cannot find Chrome binary
Build info: version: &amp;apos;3.5.2&amp;apos;, revision: &amp;apos;10229a9&amp;apos;, time: &amp;apos;2017-08-21T17:29:55.15Z&amp;apos;
System info: host: &amp;apos;DESKTOP-R89UIF8&amp;apos;, ip: &amp;apos;192.168.29.73&amp;apos;, os.name: &amp;apos;Windows 10&amp;apos;, os.arch: &amp;apos;amd64&amp;apos;, os.version: &amp;apos;10.0&amp;apos;, java.version: &amp;apos;14.0.2&amp;apos;
Driver info: driver.version: Driver
remote stacktrace: Backtrace:
	Ordinal0 [0x00CF87E3+2852835]
	Ordinal0 [0x00BE5BB1+1727409]
	Ordinal0 [0x00ABE4B9+517305]
	Ordinal0 [0x00A4CA98+51864]
	Ordinal0 [0x00A6D9F7+186871]
	Ordinal0 [0x00A6D7FD+186365]
	Ordinal0 [0x00A6B70B+177931]
	Ordinal0 [0x00A52584+75140]
	Ordinal0 [0x00A53650+79440]
	Ordinal0 [0x00A535E9+79337]
	Ordinal0 [0x00BFAD5C+1813852]
	GetHandleVerifier [0x00E1C616+1075574]
	GetHandleVerifier [0x00E1C367+1074887]
	GetHandleVerifier [0x00E27497+1120247]
	GetHandleVerifier [0x00E1CC16+1077110]
	Ordinal0 [0x00BF3206+1782278]
	Ordinal0 [0x00BFC3BB+1819579]
	Ordinal0 [0x00BFC523+1819939]
	Ordinal0 [0x00C12B45+1911621]
	BaseThreadInitThunk [0x76CAFA29+25]
	RtlGetAppContainerNamedObjectPath [0x77777A4E+286]
	RtlGetAppContainerNamedObjectPath [0x77777A1E+238]
">
      <![CDATA[org.openqa.selenium.WebDriverException: unknown error: cannot find Chrome binary
Build info: version: '3.5.2', revision: '10229a9', time: '2017-08-21T17:29:55.15Z'
System info: host: 'DESKTOP-R89UIF8', ip: '192.168.29.73', os.name: 'Windows 10', os.arch: 'amd64', os.version: '10.0', java.version: '14.0.2'
Driver info: driver.version: Driver
remote stacktrace: Backtrace:
Ordinal0 [0x00CF87E3+2852835]
Ordinal0 [0x00BE5BB1+1727409]
Ordinal0 [0x00ABE4B9+517305]
Ordinal0 [0x00A4CA98+51864]
Ordinal0 [0x00A6D9F7+186871]
Ordinal0 [0x00A6D7FD+186365]
Ordinal0 [0x00A6B70B+177931]
Ordinal0 [0x00A52584+75140]
Ordinal0 [0x00A53650+79440]
Ordinal0 [0x00A535E9+79337]
Ordinal0 [0x00BFAD5C+1813852]
GetHandleVerifier [0x00E1C616+1075574]
GetHandleVerifier [0x00E1C367+1074887]
GetHandleVerifier [0x00E27497+1120247]
GetHandleVerifier [0x00E1CC16+1077110]
Ordinal0 [0x00BF3206+1782278]
Ordinal0 [0x00BFC3BB+1819579]
Ordinal0 [0x00BFC523+1819939]
Ordinal0 [0x00C12B45+1911621]
BaseThreadInitThunk [0x76CAFA29+25]
RtlGetAppContainerNamedObjectPath [0x77777A4E+286]
RtlGetAppContainerNamedObjectPath [0x77777A1E+238]

at org.openqa.selenium.remote.W3CHandshakeResponse.lambda$new$0(W3CHandshakeResponse.java:57)
at org.openqa.selenium.remote.W3CHandshakeResponse.lambda$getResponseFunction$2(W3CHandshakeResponse.java:104)
at org.openqa.selenium.remote.ProtocolHandshake.lambda$createSession$24(ProtocolHandshake.java:359)
at java.base/java.util.stream.ReferencePipeline$3$1.accept(ReferencePipeline.java:195)
at java.base/java.util.Spliterators$ArraySpliterator.tryAdvance(Spliterators.java:958)
at java.base/java.util.stream.ReferencePipeline.forEachWithCancel(ReferencePipeline.java:127)
at java.base/java.util.stream.AbstractPipeline.copyIntoWithCancel(AbstractPipeline.java:502)
at java.base/java.util.stream.AbstractPipeline.copyInto(AbstractPipeline.java:488)
at java.base/java.util.stream.AbstractPipeline.wrapAndCopyInto(AbstractPipeline.java:474)
at java.base/java.util.stream.FindOps$FindOp.evaluateSequential(FindOps.java:150)
at java.base/java.util.stream.AbstractPipeline.evaluate(AbstractPipeline.java:234)
at java.base/java.util.stream.ReferencePipeline.findFirst(ReferencePipeline.java:543)
at org.openqa.selenium.remote.ProtocolHandshake.createSession(ProtocolHandshake.java:362)
at org.openqa.selenium.remote.ProtocolHandshake.createSession(ProtocolHandshake.java:136)
at org.openqa.selenium.remote.HttpCommandExecutor.execute(HttpCommandExecutor.java:142)
at org.openqa.selenium.remote.service.DriverCommandExecutor.execute(DriverCommandExecutor.java:82)
at org.openqa.selenium.remote.RemoteWebDriver.execute(RemoteWebDriver.java:641)
at org.openqa.selenium.remote.RemoteWebDriver.startSession(RemoteWebDriver.java:254)
at org.openqa.selenium.remote.RemoteWebDriver.startSession(RemoteWebDriver.java:236)
at org.openqa.selenium.remote.RemoteWebDriver.<init>(RemoteWebDriver.java:137)
at org.openqa.selenium.chrome.ChromeDriver.<init>(ChromeDriver.java:178)
at org.openqa.selenium.chrome.ChromeDriver.<init>(ChromeDriver.java:167)
at org.openqa.selenium.chrome.ChromeDriver.<init>(ChromeDriver.java:124)
at commons.Driver.openbrowser(Driver.java:70)
at java.base/java.util.ArrayList.forEach(ArrayList.java:1511)
... Removed 40 stack frames]]>
    </failure>
  </testcase> <!-- @BeforeMethod openbrowser -->
  <testcase classname="commons.Driver" name="@AfterMethod Closebrowser" time="-1.619442730825E9">
    <skipped/>
  </testcase> <!-- @AfterMethod Closebrowser -->
  <testcase classname="commons.Driver" name="@BeforeMethod openbrowser" time="0.599">
    <failure type="org.openqa.selenium.WebDriverException" message="unknown error: cannot find Chrome binary
Build info: version: &amp;apos;3.5.2&amp;apos;, revision: &amp;apos;10229a9&amp;apos;, time: &amp;apos;2017-08-21T17:29:55.15Z&amp;apos;
System info: host: &amp;apos;DESKTOP-R89UIF8&amp;apos;, ip: &amp;apos;192.168.29.73&amp;apos;, os.name: &amp;apos;Windows 10&amp;apos;, os.arch: &amp;apos;amd64&amp;apos;, os.version: &amp;apos;10.0&amp;apos;, java.version: &amp;apos;14.0.2&amp;apos;
Driver info: driver.version: Driver
remote stacktrace: Backtrace:
	Ordinal0 [0x00CF87E3+2852835]
	Ordinal0 [0x00BE5BB1+1727409]
	Ordinal0 [0x00ABE4B9+517305]
	Ordinal0 [0x00A4CA98+51864]
	Ordinal0 [0x00A6D9F7+186871]
	Ordinal0 [0x00A6D7FD+186365]
	Ordinal0 [0x00A6B70B+177931]
	Ordinal0 [0x00A52584+75140]
	Ordinal0 [0x00A53650+79440]
	Ordinal0 [0x00A535E9+79337]
	Ordinal0 [0x00BFAD5C+1813852]
	GetHandleVerifier [0x00E1C616+1075574]
	GetHandleVerifier [0x00E1C367+1074887]
	GetHandleVerifier [0x00E27497+1120247]
	GetHandleVerifier [0x00E1CC16+1077110]
	Ordinal0 [0x00BF3206+1782278]
	Ordinal0 [0x00BFC3BB+1819579]
	Ordinal0 [0x00BFC523+1819939]
	Ordinal0 [0x00C12B45+1911621]
	BaseThreadInitThunk [0x76CAFA29+25]
	RtlGetAppContainerNamedObjectPath [0x77777A4E+286]
	RtlGetAppContainerNamedObjectPath [0x77777A1E+238]
">
      <![CDATA[org.openqa.selenium.WebDriverException: unknown error: cannot find Chrome binary
Build info: version: '3.5.2', revision: '10229a9', time: '2017-08-21T17:29:55.15Z'
System info: host: 'DESKTOP-R89UIF8', ip: '192.168.29.73', os.name: 'Windows 10', os.arch: 'amd64', os.version: '10.0', java.version: '14.0.2'
Driver info: driver.version: Driver
remote stacktrace: Backtrace:
Ordinal0 [0x00CF87E3+2852835]
Ordinal0 [0x00BE5BB1+1727409]
Ordinal0 [0x00ABE4B9+517305]
Ordinal0 [0x00A4CA98+51864]
Ordinal0 [0x00A6D9F7+186871]
Ordinal0 [0x00A6D7FD+186365]
Ordinal0 [0x00A6B70B+177931]
Ordinal0 [0x00A52584+75140]
Ordinal0 [0x00A53650+79440]
Ordinal0 [0x00A535E9+79337]
Ordinal0 [0x00BFAD5C+1813852]
GetHandleVerifier [0x00E1C616+1075574]
GetHandleVerifier [0x00E1C367+1074887]
GetHandleVerifier [0x00E27497+1120247]
GetHandleVerifier [0x00E1CC16+1077110]
Ordinal0 [0x00BF3206+1782278]
Ordinal0 [0x00BFC3BB+1819579]
Ordinal0 [0x00BFC523+1819939]
Ordinal0 [0x00C12B45+1911621]
BaseThreadInitThunk [0x76CAFA29+25]
RtlGetAppContainerNamedObjectPath [0x77777A4E+286]
RtlGetAppContainerNamedObjectPath [0x77777A1E+238]

at org.openqa.selenium.remote.W3CHandshakeResponse.lambda$new$0(W3CHandshakeResponse.java:57)
at org.openqa.selenium.remote.W3CHandshakeResponse.lambda$getResponseFunction$2(W3CHandshakeResponse.java:104)
at org.openqa.selenium.remote.ProtocolHandshake.lambda$createSession$24(ProtocolHandshake.java:359)
at java.base/java.util.stream.ReferencePipeline$3$1.accept(ReferencePipeline.java:195)
at java.base/java.util.Spliterators$ArraySpliterator.tryAdvance(Spliterators.java:958)
at java.base/java.util.stream.ReferencePipeline.forEachWithCancel(ReferencePipeline.java:127)
at java.base/java.util.stream.AbstractPipeline.copyIntoWithCancel(AbstractPipeline.java:502)
at java.base/java.util.stream.AbstractPipeline.copyInto(AbstractPipeline.java:488)
at java.base/java.util.stream.AbstractPipeline.wrapAndCopyInto(AbstractPipeline.java:474)
at java.base/java.util.stream.FindOps$FindOp.evaluateSequential(FindOps.java:150)
at java.base/java.util.stream.AbstractPipeline.evaluate(AbstractPipeline.java:234)
at java.base/java.util.stream.ReferencePipeline.findFirst(ReferencePipeline.java:543)
at org.openqa.selenium.remote.ProtocolHandshake.createSession(ProtocolHandshake.java:362)
at org.openqa.selenium.remote.ProtocolHandshake.createSession(ProtocolHandshake.java:136)
at org.openqa.selenium.remote.HttpCommandExecutor.execute(HttpCommandExecutor.java:142)
at org.openqa.selenium.remote.service.DriverCommandExecutor.execute(DriverCommandExecutor.java:82)
at org.openqa.selenium.remote.RemoteWebDriver.execute(RemoteWebDriver.java:641)
at org.openqa.selenium.remote.RemoteWebDriver.startSession(RemoteWebDriver.java:254)
at org.openqa.selenium.remote.RemoteWebDriver.startSession(RemoteWebDriver.java:236)
at org.openqa.selenium.remote.RemoteWebDriver.<init>(RemoteWebDriver.java:137)
at org.openqa.selenium.chrome.ChromeDriver.<init>(ChromeDriver.java:178)
at org.openqa.selenium.chrome.ChromeDriver.<init>(ChromeDriver.java:167)
at org.openqa.selenium.chrome.ChromeDriver.<init>(ChromeDriver.java:124)
at commons.Driver.openbrowser(Driver.java:70)
at java.base/java.util.ArrayList.forEach(ArrayList.java:1511)
... Removed 40 stack frames]]>
    </failure>
  </testcase> <!-- @BeforeMethod openbrowser -->
  <testcase classname="commons.Driver" name="@AfterMethod Closebrowser" time="-1.619442731427E9">
    <skipped/>
  </testcase> <!-- @AfterMethod Closebrowser -->
  <testcase classname="commons.Driver" name="@BeforeMethod openbrowser" time="0.603">
    <failure type="org.openqa.selenium.WebDriverException" message="unknown error: cannot find Chrome binary
Build info: version: &amp;apos;3.5.2&amp;apos;, revision: &amp;apos;10229a9&amp;apos;, time: &amp;apos;2017-08-21T17:29:55.15Z&amp;apos;
System info: host: &amp;apos;DESKTOP-R89UIF8&amp;apos;, ip: &amp;apos;192.168.29.73&amp;apos;, os.name: &amp;apos;Windows 10&amp;apos;, os.arch: &amp;apos;amd64&amp;apos;, os.version: &amp;apos;10.0&amp;apos;, java.version: &amp;apos;14.0.2&amp;apos;
Driver info: driver.version: Driver
remote stacktrace: Backtrace:
	Ordinal0 [0x00CF87E3+2852835]
	Ordinal0 [0x00BE5BB1+1727409]
	Ordinal0 [0x00ABE4B9+517305]
	Ordinal0 [0x00A4CA98+51864]
	Ordinal0 [0x00A6D9F7+186871]
	Ordinal0 [0x00A6D7FD+186365]
	Ordinal0 [0x00A6B70B+177931]
	Ordinal0 [0x00A52584+75140]
	Ordinal0 [0x00A53650+79440]
	Ordinal0 [0x00A535E9+79337]
	Ordinal0 [0x00BFAD5C+1813852]
	GetHandleVerifier [0x00E1C616+1075574]
	GetHandleVerifier [0x00E1C367+1074887]
	GetHandleVerifier [0x00E27497+1120247]
	GetHandleVerifier [0x00E1CC16+1077110]
	Ordinal0 [0x00BF3206+1782278]
	Ordinal0 [0x00BFC3BB+1819579]
	Ordinal0 [0x00BFC523+1819939]
	Ordinal0 [0x00C12B45+1911621]
	BaseThreadInitThunk [0x76CAFA29+25]
	RtlGetAppContainerNamedObjectPath [0x77777A4E+286]
	RtlGetAppContainerNamedObjectPath [0x77777A1E+238]
">
      <![CDATA[org.openqa.selenium.WebDriverException: unknown error: cannot find Chrome binary
Build info: version: '3.5.2', revision: '10229a9', time: '2017-08-21T17:29:55.15Z'
System info: host: 'DESKTOP-R89UIF8', ip: '192.168.29.73', os.name: 'Windows 10', os.arch: 'amd64', os.version: '10.0', java.version: '14.0.2'
Driver info: driver.version: Driver
remote stacktrace: Backtrace:
Ordinal0 [0x00CF87E3+2852835]
Ordinal0 [0x00BE5BB1+1727409]
Ordinal0 [0x00ABE4B9+517305]
Ordinal0 [0x00A4CA98+51864]
Ordinal0 [0x00A6D9F7+186871]
Ordinal0 [0x00A6D7FD+186365]
Ordinal0 [0x00A6B70B+177931]
Ordinal0 [0x00A52584+75140]
Ordinal0 [0x00A53650+79440]
Ordinal0 [0x00A535E9+79337]
Ordinal0 [0x00BFAD5C+1813852]
GetHandleVerifier [0x00E1C616+1075574]
GetHandleVerifier [0x00E1C367+1074887]
GetHandleVerifier [0x00E27497+1120247]
GetHandleVerifier [0x00E1CC16+1077110]
Ordinal0 [0x00BF3206+1782278]
Ordinal0 [0x00BFC3BB+1819579]
Ordinal0 [0x00BFC523+1819939]
Ordinal0 [0x00C12B45+1911621]
BaseThreadInitThunk [0x76CAFA29+25]
RtlGetAppContainerNamedObjectPath [0x77777A4E+286]
RtlGetAppContainerNamedObjectPath [0x77777A1E+238]

at org.openqa.selenium.remote.W3CHandshakeResponse.lambda$new$0(W3CHandshakeResponse.java:57)
at org.openqa.selenium.remote.W3CHandshakeResponse.lambda$getResponseFunction$2(W3CHandshakeResponse.java:104)
at org.openqa.selenium.remote.ProtocolHandshake.lambda$createSession$24(ProtocolHandshake.java:359)
at java.base/java.util.stream.ReferencePipeline$3$1.accept(ReferencePipeline.java:195)
at java.base/java.util.Spliterators$ArraySpliterator.tryAdvance(Spliterators.java:958)
at java.base/java.util.stream.ReferencePipeline.forEachWithCancel(ReferencePipeline.java:127)
at java.base/java.util.stream.AbstractPipeline.copyIntoWithCancel(AbstractPipeline.java:502)
at java.base/java.util.stream.AbstractPipeline.copyInto(AbstractPipeline.java:488)
at java.base/java.util.stream.AbstractPipeline.wrapAndCopyInto(AbstractPipeline.java:474)
at java.base/java.util.stream.FindOps$FindOp.evaluateSequential(FindOps.java:150)
at java.base/java.util.stream.AbstractPipeline.evaluate(AbstractPipeline.java:234)
at java.base/java.util.stream.ReferencePipeline.findFirst(ReferencePipeline.java:543)
at org.openqa.selenium.remote.ProtocolHandshake.createSession(ProtocolHandshake.java:362)
at org.openqa.selenium.remote.ProtocolHandshake.createSession(ProtocolHandshake.java:136)
at org.openqa.selenium.remote.HttpCommandExecutor.execute(HttpCommandExecutor.java:142)
at org.openqa.selenium.remote.service.DriverCommandExecutor.execute(DriverCommandExecutor.java:82)
at org.openqa.selenium.remote.RemoteWebDriver.execute(RemoteWebDriver.java:641)
at org.openqa.selenium.remote.RemoteWebDriver.startSession(RemoteWebDriver.java:254)
at org.openqa.selenium.remote.RemoteWebDriver.startSession(RemoteWebDriver.java:236)
at org.openqa.selenium.remote.RemoteWebDriver.<init>(RemoteWebDriver.java:137)
at org.openqa.selenium.chrome.ChromeDriver.<init>(ChromeDriver.java:178)
at org.openqa.selenium.chrome.ChromeDriver.<init>(ChromeDriver.java:167)
at org.openqa.selenium.chrome.ChromeDriver.<init>(ChromeDriver.java:124)
at commons.Driver.openbrowser(Driver.java:70)
at java.base/java.util.ArrayList.forEach(ArrayList.java:1511)
... Removed 40 stack frames]]>
    </failure>
  </testcase> <!-- @BeforeMethod openbrowser -->
  <testcase classname="commons.Driver" name="@AfterMethod Closebrowser" time="-1.619442732034E9">
    <skipped/>
  </testcase> <!-- @AfterMethod Closebrowser -->
  <testcase classname="commons.Driver" name="@BeforeMethod openbrowser" time="0.616">
    <failure type="org.openqa.selenium.WebDriverException" message="unknown error: cannot find Chrome binary
Build info: version: &amp;apos;3.5.2&amp;apos;, revision: &amp;apos;10229a9&amp;apos;, time: &amp;apos;2017-08-21T17:29:55.15Z&amp;apos;
System info: host: &amp;apos;DESKTOP-R89UIF8&amp;apos;, ip: &amp;apos;192.168.29.73&amp;apos;, os.name: &amp;apos;Windows 10&amp;apos;, os.arch: &amp;apos;amd64&amp;apos;, os.version: &amp;apos;10.0&amp;apos;, java.version: &amp;apos;14.0.2&amp;apos;
Driver info: driver.version: Driver
remote stacktrace: Backtrace:
	Ordinal0 [0x00CF87E3+2852835]
	Ordinal0 [0x00BE5BB1+1727409]
	Ordinal0 [0x00ABE4B9+517305]
	Ordinal0 [0x00A4CA98+51864]
	Ordinal0 [0x00A6D9F7+186871]
	Ordinal0 [0x00A6D7FD+186365]
	Ordinal0 [0x00A6B70B+177931]
	Ordinal0 [0x00A52584+75140]
	Ordinal0 [0x00A53650+79440]
	Ordinal0 [0x00A535E9+79337]
	Ordinal0 [0x00BFAD5C+1813852]
	GetHandleVerifier [0x00E1C616+1075574]
	GetHandleVerifier [0x00E1C367+1074887]
	GetHandleVerifier [0x00E27497+1120247]
	GetHandleVerifier [0x00E1CC16+1077110]
	Ordinal0 [0x00BF3206+1782278]
	Ordinal0 [0x00BFC3BB+1819579]
	Ordinal0 [0x00BFC523+1819939]
	Ordinal0 [0x00C12B45+1911621]
	BaseThreadInitThunk [0x76CAFA29+25]
	RtlGetAppContainerNamedObjectPath [0x77777A4E+286]
	RtlGetAppContainerNamedObjectPath [0x77777A1E+238]
">
      <![CDATA[org.openqa.selenium.WebDriverException: unknown error: cannot find Chrome binary
Build info: version: '3.5.2', revision: '10229a9', time: '2017-08-21T17:29:55.15Z'
System info: host: 'DESKTOP-R89UIF8', ip: '192.168.29.73', os.name: 'Windows 10', os.arch: 'amd64', os.version: '10.0', java.version: '14.0.2'
Driver info: driver.version: Driver
remote stacktrace: Backtrace:
Ordinal0 [0x00CF87E3+2852835]
Ordinal0 [0x00BE5BB1+1727409]
Ordinal0 [0x00ABE4B9+517305]
Ordinal0 [0x00A4CA98+51864]
Ordinal0 [0x00A6D9F7+186871]
Ordinal0 [0x00A6D7FD+186365]
Ordinal0 [0x00A6B70B+177931]
Ordinal0 [0x00A52584+75140]
Ordinal0 [0x00A53650+79440]
Ordinal0 [0x00A535E9+79337]
Ordinal0 [0x00BFAD5C+1813852]
GetHandleVerifier [0x00E1C616+1075574]
GetHandleVerifier [0x00E1C367+1074887]
GetHandleVerifier [0x00E27497+1120247]
GetHandleVerifier [0x00E1CC16+1077110]
Ordinal0 [0x00BF3206+1782278]
Ordinal0 [0x00BFC3BB+1819579]
Ordinal0 [0x00BFC523+1819939]
Ordinal0 [0x00C12B45+1911621]
BaseThreadInitThunk [0x76CAFA29+25]
RtlGetAppContainerNamedObjectPath [0x77777A4E+286]
RtlGetAppContainerNamedObjectPath [0x77777A1E+238]

at org.openqa.selenium.remote.W3CHandshakeResponse.lambda$new$0(W3CHandshakeResponse.java:57)
at org.openqa.selenium.remote.W3CHandshakeResponse.lambda$getResponseFunction$2(W3CHandshakeResponse.java:104)
at org.openqa.selenium.remote.ProtocolHandshake.lambda$createSession$24(ProtocolHandshake.java:359)
at java.base/java.util.stream.ReferencePipeline$3$1.accept(ReferencePipeline.java:195)
at java.base/java.util.Spliterators$ArraySpliterator.tryAdvance(Spliterators.java:958)
at java.base/java.util.stream.ReferencePipeline.forEachWithCancel(ReferencePipeline.java:127)
at java.base/java.util.stream.AbstractPipeline.copyIntoWithCancel(AbstractPipeline.java:502)
at java.base/java.util.stream.AbstractPipeline.copyInto(AbstractPipeline.java:488)
at java.base/java.util.stream.AbstractPipeline.wrapAndCopyInto(AbstractPipeline.java:474)
at java.base/java.util.stream.FindOps$FindOp.evaluateSequential(FindOps.java:150)
at java.base/java.util.stream.AbstractPipeline.evaluate(AbstractPipeline.java:234)
at java.base/java.util.stream.ReferencePipeline.findFirst(ReferencePipeline.java:543)
at org.openqa.selenium.remote.ProtocolHandshake.createSession(ProtocolHandshake.java:362)
at org.openqa.selenium.remote.ProtocolHandshake.createSession(ProtocolHandshake.java:136)
at org.openqa.selenium.remote.HttpCommandExecutor.execute(HttpCommandExecutor.java:142)
at org.openqa.selenium.remote.service.DriverCommandExecutor.execute(DriverCommandExecutor.java:82)
at org.openqa.selenium.remote.RemoteWebDriver.execute(RemoteWebDriver.java:641)
at org.openqa.selenium.remote.RemoteWebDriver.startSession(RemoteWebDriver.java:254)
at org.openqa.selenium.remote.RemoteWebDriver.startSession(RemoteWebDriver.java:236)
at org.openqa.selenium.remote.RemoteWebDriver.<init>(RemoteWebDriver.java:137)
at org.openqa.selenium.chrome.ChromeDriver.<init>(ChromeDriver.java:178)
at org.openqa.selenium.chrome.ChromeDriver.<init>(ChromeDriver.java:167)
at org.openqa.selenium.chrome.ChromeDriver.<init>(ChromeDriver.java:124)
at commons.Driver.openbrowser(Driver.java:70)
at java.base/java.util.ArrayList.forEach(ArrayList.java:1511)
... Removed 40 stack frames]]>
    </failure>
  </testcase> <!-- @BeforeMethod openbrowser -->
  <testcase classname="commons.Driver" name="@AfterMethod Closebrowser" time="-1.619442732652E9">
    <skipped/>
  </testcase> <!-- @AfterMethod Closebrowser -->
  <testcase classname="commons.Driver" name="@BeforeMethod openbrowser" time="0.616">
    <failure type="org.openqa.selenium.WebDriverException" message="unknown error: cannot find Chrome binary
Build info: version: &amp;apos;3.5.2&amp;apos;, revision: &amp;apos;10229a9&amp;apos;, time: &amp;apos;2017-08-21T17:29:55.15Z&amp;apos;
System info: host: &amp;apos;DESKTOP-R89UIF8&amp;apos;, ip: &amp;apos;192.168.29.73&amp;apos;, os.name: &amp;apos;Windows 10&amp;apos;, os.arch: &amp;apos;amd64&amp;apos;, os.version: &amp;apos;10.0&amp;apos;, java.version: &amp;apos;14.0.2&amp;apos;
Driver info: driver.version: Driver
remote stacktrace: Backtrace:
	Ordinal0 [0x00CF87E3+2852835]
	Ordinal0 [0x00BE5BB1+1727409]
	Ordinal0 [0x00ABE4B9+517305]
	Ordinal0 [0x00A4CA98+51864]
	Ordinal0 [0x00A6D9F7+186871]
	Ordinal0 [0x00A6D7FD+186365]
	Ordinal0 [0x00A6B70B+177931]
	Ordinal0 [0x00A52584+75140]
	Ordinal0 [0x00A53650+79440]
	Ordinal0 [0x00A535E9+79337]
	Ordinal0 [0x00BFAD5C+1813852]
	GetHandleVerifier [0x00E1C616+1075574]
	GetHandleVerifier [0x00E1C367+1074887]
	GetHandleVerifier [0x00E27497+1120247]
	GetHandleVerifier [0x00E1CC16+1077110]
	Ordinal0 [0x00BF3206+1782278]
	Ordinal0 [0x00BFC3BB+1819579]
	Ordinal0 [0x00BFC523+1819939]
	Ordinal0 [0x00C12B45+1911621]
	BaseThreadInitThunk [0x76CAFA29+25]
	RtlGetAppContainerNamedObjectPath [0x77777A4E+286]
	RtlGetAppContainerNamedObjectPath [0x77777A1E+238]
">
      <![CDATA[org.openqa.selenium.WebDriverException: unknown error: cannot find Chrome binary
Build info: version: '3.5.2', revision: '10229a9', time: '2017-08-21T17:29:55.15Z'
System info: host: 'DESKTOP-R89UIF8', ip: '192.168.29.73', os.name: 'Windows 10', os.arch: 'amd64', os.version: '10.0', java.version: '14.0.2'
Driver info: driver.version: Driver
remote stacktrace: Backtrace:
Ordinal0 [0x00CF87E3+2852835]
Ordinal0 [0x00BE5BB1+1727409]
Ordinal0 [0x00ABE4B9+517305]
Ordinal0 [0x00A4CA98+51864]
Ordinal0 [0x00A6D9F7+186871]
Ordinal0 [0x00A6D7FD+186365]
Ordinal0 [0x00A6B70B+177931]
Ordinal0 [0x00A52584+75140]
Ordinal0 [0x00A53650+79440]
Ordinal0 [0x00A535E9+79337]
Ordinal0 [0x00BFAD5C+1813852]
GetHandleVerifier [0x00E1C616+1075574]
GetHandleVerifier [0x00E1C367+1074887]
GetHandleVerifier [0x00E27497+1120247]
GetHandleVerifier [0x00E1CC16+1077110]
Ordinal0 [0x00BF3206+1782278]
Ordinal0 [0x00BFC3BB+1819579]
Ordinal0 [0x00BFC523+1819939]
Ordinal0 [0x00C12B45+1911621]
BaseThreadInitThunk [0x76CAFA29+25]
RtlGetAppContainerNamedObjectPath [0x77777A4E+286]
RtlGetAppContainerNamedObjectPath [0x77777A1E+238]

at org.openqa.selenium.remote.W3CHandshakeResponse.lambda$new$0(W3CHandshakeResponse.java:57)
at org.openqa.selenium.remote.W3CHandshakeResponse.lambda$getResponseFunction$2(W3CHandshakeResponse.java:104)
at org.openqa.selenium.remote.ProtocolHandshake.lambda$createSession$24(ProtocolHandshake.java:359)
at java.base/java.util.stream.ReferencePipeline$3$1.accept(ReferencePipeline.java:195)
at java.base/java.util.Spliterators$ArraySpliterator.tryAdvance(Spliterators.java:958)
at java.base/java.util.stream.ReferencePipeline.forEachWithCancel(ReferencePipeline.java:127)
at java.base/java.util.stream.AbstractPipeline.copyIntoWithCancel(AbstractPipeline.java:502)
at java.base/java.util.stream.AbstractPipeline.copyInto(AbstractPipeline.java:488)
at java.base/java.util.stream.AbstractPipeline.wrapAndCopyInto(AbstractPipeline.java:474)
at java.base/java.util.stream.FindOps$FindOp.evaluateSequential(FindOps.java:150)
at java.base/java.util.stream.AbstractPipeline.evaluate(AbstractPipeline.java:234)
at java.base/java.util.stream.ReferencePipeline.findFirst(ReferencePipeline.java:543)
at org.openqa.selenium.remote.ProtocolHandshake.createSession(ProtocolHandshake.java:362)
at org.openqa.selenium.remote.ProtocolHandshake.createSession(ProtocolHandshake.java:136)
at org.openqa.selenium.remote.HttpCommandExecutor.execute(HttpCommandExecutor.java:142)
at org.openqa.selenium.remote.service.DriverCommandExecutor.execute(DriverCommandExecutor.java:82)
at org.openqa.selenium.remote.RemoteWebDriver.execute(RemoteWebDriver.java:641)
at org.openqa.selenium.remote.RemoteWebDriver.startSession(RemoteWebDriver.java:254)
at org.openqa.selenium.remote.RemoteWebDriver.startSession(RemoteWebDriver.java:236)
at org.openqa.selenium.remote.RemoteWebDriver.<init>(RemoteWebDriver.java:137)
at org.openqa.selenium.chrome.ChromeDriver.<init>(ChromeDriver.java:178)
at org.openqa.selenium.chrome.ChromeDriver.<init>(ChromeDriver.java:167)
at org.openqa.selenium.chrome.ChromeDriver.<init>(ChromeDriver.java:124)
at commons.Driver.openbrowser(Driver.java:70)
at java.base/java.util.ArrayList.forEach(ArrayList.java:1511)
... Removed 40 stack frames]]>
    </failure>
  </testcase> <!-- @BeforeMethod openbrowser -->
  <testcase classname="commons.Driver" name="@AfterMethod Closebrowser" time="-1.61944273327E9">
    <skipped/>
  </testcase> <!-- @AfterMethod Closebrowser -->
  <testcase classname="TestScript.LoginTestS" name="validateLogin" time="0.0">
    <skipped/>
  </testcase> <!-- validateLogin -->
  <testcase classname="TestScript.InvalidloginTest" name="invalidlogin" time="0.0">
    <skipped/>
  </testcase> <!-- invalidlogin -->
  <testcase classname="TestScript.SearchTestScript" name="validatsrch" time="0.0">
    <skipped/>
  </testcase> <!-- validatsrch -->
  <testcase classname="TestScript.ProductDetailsTest" name="prdtvalidatsrch" time="0.0">
    <skipped/>
  </testcase> <!-- prdtvalidatsrch -->
  <testcase classname="TestScript.RemoveFromCartTestScript" name="removeFROMcart" time="0.0">
    <skipped/>
  </testcase> <!-- removeFROMcart -->
  <testcase classname="TestScript.ValidPincodeTestScript" name="pincodevalidate" time="0.0">
    <skipped/>
  </testcase> <!-- pincodevalidate -->
  <testcase classname="TestScript.InvalidPincodeTestScript" name="InValidPincode" time="0.0">
    <skipped/>
  </testcase> <!-- InValidPincode -->
  <testcase classname="TestScript.SortPriceHightoLowTestScript" name="Sort" time="0.0">
    <skipped/>
  </testcase> <!-- Sort -->
  <testcase classname="TestScript.NaviToPrdtDetailPageTest" name="navigate" time="0.0">
    <skipped/>
  </testcase> <!-- navigate -->
  <testcase classname="TestScript.SaveForLaterTest" name="SaveforLater" time="0.0">
    <skipped/>
  </testcase> <!-- SaveforLater -->
  <testcase classname="TestScript.AddCartTestScript" name="AddToCart" time="0.0">
    <skipped/>
  </testcase> <!-- AddToCart -->
  <testcase classname="TestScript.PasswordChangeTestScript" name="ChangePassword" time="0.0">
    <skipped/>
  </testcase> <!-- ChangePassword -->
  <testcase classname="commons.Driver" name="@BeforeSuite initalExtendReport" time="0.0">
    <ignored/>
  </testcase> <!-- @BeforeSuite initalExtendReport -->
  <testcase classname="commons.Driver" name="@BeforeSuite initalExtendReport" time="0.0">
    <ignored/>
  </testcase> <!-- @BeforeSuite initalExtendReport -->
  <testcase classname="commons.Driver" name="@BeforeSuite initalExtendReport" time="0.0">
    <ignored/>
  </testcase> <!-- @BeforeSuite initalExtendReport -->
  <testcase classname="commons.Driver" name="@BeforeSuite initalExtendReport" time="0.0">
    <ignored/>
  </testcase> <!-- @BeforeSuite initalExtendReport -->
  <testcase classname="commons.Driver" name="@BeforeSuite initalExtendReport" time="0.0">
    <ignored/>
  </testcase> <!-- @BeforeSuite initalExtendReport -->
  <testcase classname="commons.Driver" name="@BeforeSuite initalExtendReport" time="0.0">
    <ignored/>
  </testcase> <!-- @BeforeSuite initalExtendReport -->
  <testcase classname="commons.Driver" name="@BeforeSuite initalExtendReport" time="0.0">
    <ignored/>
  </testcase> <!-- @BeforeSuite initalExtendReport -->
  <testcase classname="commons.Driver" name="@BeforeSuite initalExtendReport" time="0.0">
    <ignored/>
  </testcase> <!-- @BeforeSuite initalExtendReport -->
  <testcase classname="commons.Driver" name="@BeforeSuite initalExtendReport" time="0.0">
    <ignored/>
  </testcase> <!-- @BeforeSuite initalExtendReport -->
  <testcase classname="commons.Driver" name="@BeforeSuite initalExtendReport" time="0.0">
    <ignored/>
  </testcase> <!-- @BeforeSuite initalExtendReport -->
  <testcase classname="commons.Driver" name="@BeforeSuite initalExtendReport" time="0.0">
    <ignored/>
  </testcase> <!-- @BeforeSuite initalExtendReport -->
</testsuite> <!-- TestCase -->
