<?xml version="1.0" encoding="UTF-8"?>
<!-- Generated by org.testng.reporters.JUnitReportReporter -->
<testsuite hostname="DESKTOP-R89UIF8" failures="0" tests="2" name="TestScript.InvalidloginTest" time="0.560" errors="1" timestamp="2021-04-26T18:42:13 IST" skipped="1">
  <testcase classname="TestScript.InvalidloginTest" name="invalidlogin" time="0.000">
    <skipped/>
  </testcase> <!-- invalidlogin -->
  <system-out/>
  <testcase classname="TestScript.InvalidloginTest" name="openbrowser" time="0.560">
    <error message="unknown error: cannot find Chrome binary
Build info: version: &#039;3.5.2&#039;, revision: &#039;10229a9&#039;, time: &#039;2017-08-21T17:29:55.15Z&#039;
System info: host: &#039;DESKTOP-R89UIF8&#039;, ip: &#039;192.168.29.73&#039;, os.name: &#039;Windows 10&#039;, os.arch: &#039;amd64&#039;, os.version: &#039;10.0&#039;, java.version: &#039;14.0.2&#039;
Driver info: driver.version: Driver
remote stacktrace: Backtrace:
	Ordinal0 [0x00CF87E3+2852835]
	Ordinal0 [0x00BE5BB1+1727409]
	Ordinal0 [0x00ABE4B9+517305]
	Ordinal0 [0x00A4CA98+51864]
	Ordinal0 [0x00A6D9F7+186871]
	Ordinal0 [0x00A6D7FD+186365]
	Ordinal0 [0x00A6B70B+177931]
	Ordinal0 [0x00A52584+75140]
	Ordinal0 [0x00A53650+79440]
	Ordinal0 [0x00A535E9+79337]
	Ordinal0 [0x00BFAD5C+1813852]
	GetHandleVerifier [0x00E1C616+1075574]
	GetHandleVerifier [0x00E1C367+1074887]
	GetHandleVerifier [0x00E27497+1120247]
	GetHandleVerifier [0x00E1CC16+1077110]
	Ordinal0 [0x00BF3206+1782278]
	Ordinal0 [0x00BFC3BB+1819579]
	Ordinal0 [0x00BFC523+1819939]
	Ordinal0 [0x00C12B45+1911621]
	BaseThreadInitThunk [0x76CAFA29+25]
	RtlGetAppContainerNamedObjectPath [0x77777A4E+286]
	RtlGetAppContainerNamedObjectPath [0x77777A1E+238]
" type="org.openqa.selenium.WebDriverException">
      <![CDATA[org.openqa.selenium.WebDriverException: unknown error: cannot find Chrome binary
Build info: version: '3.5.2', revision: '10229a9', time: '2017-08-21T17:29:55.15Z'
System info: host: 'DESKTOP-R89UIF8', ip: '192.168.29.73', os.name: 'Windows 10', os.arch: 'amd64', os.version: '10.0', java.version: '14.0.2'
Driver info: driver.version: Driver
remote stacktrace: Backtrace:
Ordinal0 [0x00CF87E3+2852835]
Ordinal0 [0x00BE5BB1+1727409]
Ordinal0 [0x00ABE4B9+517305]
Ordinal0 [0x00A4CA98+51864]
Ordinal0 [0x00A6D9F7+186871]
Ordinal0 [0x00A6D7FD+186365]
Ordinal0 [0x00A6B70B+177931]
Ordinal0 [0x00A52584+75140]
Ordinal0 [0x00A53650+79440]
Ordinal0 [0x00A535E9+79337]
Ordinal0 [0x00BFAD5C+1813852]
GetHandleVerifier [0x00E1C616+1075574]
GetHandleVerifier [0x00E1C367+1074887]
GetHandleVerifier [0x00E27497+1120247]
GetHandleVerifier [0x00E1CC16+1077110]
Ordinal0 [0x00BF3206+1782278]
Ordinal0 [0x00BFC3BB+1819579]
Ordinal0 [0x00BFC523+1819939]
Ordinal0 [0x00C12B45+1911621]
BaseThreadInitThunk [0x76CAFA29+25]
RtlGetAppContainerNamedObjectPath [0x77777A4E+286]
RtlGetAppContainerNamedObjectPath [0x77777A1E+238]

at java.base/jdk.internal.reflect.NativeConstructorAccessorImpl.newInstance0(Native Method)
at java.base/jdk.internal.reflect.NativeConstructorAccessorImpl.newInstance(NativeConstructorAccessorImpl.java:62)
at java.base/jdk.internal.reflect.DelegatingConstructorAccessorImpl.newInstance(DelegatingConstructorAccessorImpl.java:45)
at java.base/java.lang.reflect.Constructor.newInstanceWithCaller(Constructor.java:500)
at java.base/java.lang.reflect.Constructor.newInstance(Constructor.java:481)
at org.openqa.selenium.remote.W3CHandshakeResponse.lambda$new$0(W3CHandshakeResponse.java:57)
at org.openqa.selenium.remote.W3CHandshakeResponse.lambda$getResponseFunction$2(W3CHandshakeResponse.java:104)
at org.openqa.selenium.remote.ProtocolHandshake.lambda$createSession$24(ProtocolHandshake.java:359)
at java.base/java.util.stream.ReferencePipeline$3$1.accept(ReferencePipeline.java:195)
at java.base/java.util.Spliterators$ArraySpliterator.tryAdvance(Spliterators.java:958)
at java.base/java.util.stream.ReferencePipeline.forEachWithCancel(ReferencePipeline.java:127)
at java.base/java.util.stream.AbstractPipeline.copyIntoWithCancel(AbstractPipeline.java:502)
at java.base/java.util.stream.AbstractPipeline.copyInto(AbstractPipeline.java:488)
at java.base/java.util.stream.AbstractPipeline.wrapAndCopyInto(AbstractPipeline.java:474)
at java.base/java.util.stream.FindOps$FindOp.evaluateSequential(FindOps.java:150)
at java.base/java.util.stream.AbstractPipeline.evaluate(AbstractPipeline.java:234)
at java.base/java.util.stream.ReferencePipeline.findFirst(ReferencePipeline.java:543)
at org.openqa.selenium.remote.ProtocolHandshake.createSession(ProtocolHandshake.java:362)
at org.openqa.selenium.remote.ProtocolHandshake.createSession(ProtocolHandshake.java:136)
at org.openqa.selenium.remote.HttpCommandExecutor.execute(HttpCommandExecutor.java:142)
at org.openqa.selenium.remote.service.DriverCommandExecutor.execute(DriverCommandExecutor.java:82)
at org.openqa.selenium.remote.RemoteWebDriver.execute(RemoteWebDriver.java:641)
at org.openqa.selenium.remote.RemoteWebDriver.startSession(RemoteWebDriver.java:254)
at org.openqa.selenium.remote.RemoteWebDriver.startSession(RemoteWebDriver.java:236)
at org.openqa.selenium.remote.RemoteWebDriver.<init>(RemoteWebDriver.java:137)
at org.openqa.selenium.chrome.ChromeDriver.<init>(ChromeDriver.java:178)
at org.openqa.selenium.chrome.ChromeDriver.<init>(ChromeDriver.java:167)
at org.openqa.selenium.chrome.ChromeDriver.<init>(ChromeDriver.java:124)
at commons.Driver.openbrowser(Driver.java:70)
at java.base/jdk.internal.reflect.NativeMethodAccessorImpl.invoke0(Native Method)
at java.base/jdk.internal.reflect.NativeMethodAccessorImpl.invoke(NativeMethodAccessorImpl.java:62)
at java.base/jdk.internal.reflect.DelegatingMethodAccessorImpl.invoke(DelegatingMethodAccessorImpl.java:43)
at java.base/java.lang.reflect.Method.invoke(Method.java:564)
at org.testng.internal.MethodInvocationHelper.invokeMethod(MethodInvocationHelper.java:132)
at org.testng.internal.MethodInvocationHelper.invokeMethodConsideringTimeout(MethodInvocationHelper.java:61)
at org.testng.internal.ConfigInvoker.invokeConfigurationMethod(ConfigInvoker.java:366)
at org.testng.internal.ConfigInvoker.invokeConfigurations(ConfigInvoker.java:320)
at org.testng.internal.TestInvoker.runConfigMethods(TestInvoker.java:701)
at org.testng.internal.TestInvoker.invokeMethod(TestInvoker.java:527)
at org.testng.internal.TestInvoker.invokeTestMethod(TestInvoker.java:174)
at org.testng.internal.MethodRunner.runInSequence(MethodRunner.java:46)
at org.testng.internal.TestInvoker$MethodInvocationAgent.invoke(TestInvoker.java:822)
at org.testng.internal.TestInvoker.invokeTestMethods(TestInvoker.java:147)
at org.testng.internal.TestMethodWorker.invokeTestMethods(TestMethodWorker.java:146)
at org.testng.internal.TestMethodWorker.run(TestMethodWorker.java:128)
at java.base/java.util.ArrayList.forEach(ArrayList.java:1511)
at org.testng.TestRunner.privateRun(TestRunner.java:764)
at org.testng.TestRunner.run(TestRunner.java:585)
at org.testng.SuiteRunner.runTest(SuiteRunner.java:384)
at org.testng.SuiteRunner.runSequentially(SuiteRunner.java:378)
at org.testng.SuiteRunner.privateRun(SuiteRunner.java:337)
at org.testng.SuiteRunner.run(SuiteRunner.java:286)
at org.testng.SuiteRunnerWorker.runSuite(SuiteRunnerWorker.java:53)
at org.testng.SuiteRunnerWorker.run(SuiteRunnerWorker.java:96)
at org.testng.TestNG.runSuitesSequentially(TestNG.java:1218)
at org.testng.TestNG.runSuitesLocally(TestNG.java:1140)
at org.testng.TestNG.runSuites(TestNG.java:1069)
at org.testng.TestNG.run(TestNG.java:1037)
at org.apache.maven.surefire.testng.TestNGExecutor.run(TestNGExecutor.java:284)
at org.apache.maven.surefire.testng.TestNGXmlTestSuite.execute(TestNGXmlTestSuite.java:75)
at org.apache.maven.surefire.testng.TestNGProvider.invoke(TestNGProvider.java:119)
at org.apache.maven.surefire.booter.ForkedBooter.runSuitesInProcess(ForkedBooter.java:428)
at org.apache.maven.surefire.booter.ForkedBooter.execute(ForkedBooter.java:162)
at org.apache.maven.surefire.booter.ForkedBooter.run(ForkedBooter.java:562)
at org.apache.maven.surefire.booter.ForkedBooter.main(ForkedBooter.java:548)
]]>
    </error>
  </testcase> <!-- openbrowser -->
  <system-out/>
</testsuite> <!-- TestScript.InvalidloginTest -->
